[0.034s] Invoking command in '/home/rorremous/Development/ROS/movement/omni_navigation/build/rf2o_laser_odometry': CMAKE_PREFIX_PATH=/opt/ros/humble /usr/bin/cmake /home/rorremous/Development/ROS/movement/omni_navigation/src/rf2o_laser_odometry -DCMAKE_INSTALL_PREFIX=/home/rorremous/Development/ROS/movement/omni_navigation/install/rf2o_laser_odometry
[0.141s] -- The C compiler identification is GNU 11.4.0
[0.216s] -- The CXX compiler identification is GNU 11.4.0
[0.225s] -- Detecting C compiler ABI info
[0.281s] -- Detecting C compiler ABI info - done
[0.285s] -- Check for working C compiler: /usr/bin/cc - skipped
[0.285s] -- Detecting C compile features
[0.286s] -- Detecting C compile features - done
[0.288s] -- Detecting CXX compiler ABI info
[0.350s] -- Detecting CXX compiler ABI info - done
[0.354s] -- Check for working CXX compiler: /usr/bin/c++ - skipped
[0.354s] -- Detecting CXX compile features
[0.355s] -- Detecting CXX compile features - done
[0.359s] -- Found ament_cmake: 1.3.5 (/opt/ros/humble/share/ament_cmake/cmake)
[0.478s] -- Found Python3: /usr/bin/python3.10 (found version "3.10.12") found components: Interpreter 
[0.550s] -- Found rclcpp: 16.0.6 (/opt/ros/humble/share/rclcpp/cmake)
[0.590s] -- Found rosidl_generator_c: 3.1.5 (/opt/ros/humble/share/rosidl_generator_c/cmake)
[0.596s] -- Found rosidl_adapter: 3.1.5 (/opt/ros/humble/share/rosidl_adapter/cmake)
[0.604s] -- Found rosidl_generator_cpp: 3.1.5 (/opt/ros/humble/share/rosidl_generator_cpp/cmake)
[0.615s] -- Using all available rosidl_typesupport_c: rosidl_typesupport_fastrtps_c;rosidl_typesupport_introspection_c
[0.630s] -- Using all available rosidl_typesupport_cpp: rosidl_typesupport_fastrtps_cpp;rosidl_typesupport_introspection_cpp
[0.684s] -- Found rmw_implementation_cmake: 6.1.1 (/opt/ros/humble/share/rmw_implementation_cmake/cmake)
[0.686s] -- Found rmw_fastrtps_cpp: 6.2.4 (/opt/ros/humble/share/rmw_fastrtps_cpp/cmake)
[0.771s] -- Found OpenSSL: /usr/lib/x86_64-linux-gnu/libcrypto.so (found version "3.0.2")  
[0.792s] -- Found FastRTPS: /opt/ros/humble/include  
[0.831s] -- Using RMW implementation 'rmw_fastrtps_cpp' as default
[0.839s] -- Looking for pthread.h
[0.896s] -- Looking for pthread.h - found
[0.897s] -- Performing Test CMAKE_HAVE_LIBC_PTHREAD
[0.954s] -- Performing Test CMAKE_HAVE_LIBC_PTHREAD - Success
[0.955s] -- Found Threads: TRUE  
[1.051s] -- Found geometry_msgs: 4.2.3 (/opt/ros/humble/share/geometry_msgs/cmake)
[1.077s] -- Found tf2_geometry_msgs: 0.25.4 (/opt/ros/humble/share/tf2_geometry_msgs/cmake)
[1.089s] -- Found eigen3_cmake_module: 0.1.1 (/opt/ros/humble/share/eigen3_cmake_module/cmake)
[1.090s] -- Found Eigen3: TRUE (found version "3.4.0") 
[1.090s] -- Ensuring Eigen3 include directory is part of orocos-kdl CMake target
[1.309s] -- Found sensor_msgs: 4.2.3 (/opt/ros/humble/share/sensor_msgs/cmake)
[1.363s] -- Found nav_msgs: 4.2.3 (/opt/ros/humble/share/nav_msgs/cmake)
[1.416s] -- Found Boost: /usr/lib/x86_64-linux-gnu/cmake/Boost-1.74.0/BoostConfig.cmake (found version "1.74.0")  
[1.460s] -- Configuring done
[1.471s] -- Generating done
[1.472s] -- Build files have been written to: /home/rorremous/Development/ROS/movement/omni_navigation/build/rf2o_laser_odometry
[1.482s] Invoked command in '/home/rorremous/Development/ROS/movement/omni_navigation/build/rf2o_laser_odometry' returned '0': CMAKE_PREFIX_PATH=/opt/ros/humble /usr/bin/cmake /home/rorremous/Development/ROS/movement/omni_navigation/src/rf2o_laser_odometry -DCMAKE_INSTALL_PREFIX=/home/rorremous/Development/ROS/movement/omni_navigation/install/rf2o_laser_odometry
[1.483s] Invoking command in '/home/rorremous/Development/ROS/movement/omni_navigation/build/rf2o_laser_odometry': CMAKE_PREFIX_PATH=/opt/ros/humble /usr/bin/cmake --build /home/rorremous/Development/ROS/movement/omni_navigation/build/rf2o_laser_odometry -- -j16 -l16
[1.525s] [ 60%] [32mBuilding CXX object CMakeFiles/rf2o_laser_odometry_node.dir/src/CLaserOdometry2DNode.cpp.o[0m
[1.525s] [ 60%] [32mBuilding CXX object CMakeFiles/rf2o_laser_odometry.dir/src/CLaserOdometry2D.cpp.o[0m
[1.525s] [ 60%] [32mBuilding CXX object CMakeFiles/rf2o_laser_odometry_node.dir/src/CLaserOdometry2D.cpp.o[0m
[16.229s] [ 80%] [32m[1mLinking CXX executable rf2o_laser_odometry_node[0m
[16.368s] [100%] [32m[1mLinking CXX static library librf2o_laser_odometry.a[0m
[16.587s] [100%] Built target rf2o_laser_odometry
[17.115s] [100%] Built target rf2o_laser_odometry_node
[17.124s] Invoked command in '/home/rorremous/Development/ROS/movement/omni_navigation/build/rf2o_laser_odometry' returned '0': CMAKE_PREFIX_PATH=/opt/ros/humble /usr/bin/cmake --build /home/rorremous/Development/ROS/movement/omni_navigation/build/rf2o_laser_odometry -- -j16 -l16
[17.160s] Invoking command in '/home/rorremous/Development/ROS/movement/omni_navigation/build/rf2o_laser_odometry': CMAKE_PREFIX_PATH=/opt/ros/humble /usr/bin/cmake --install /home/rorremous/Development/ROS/movement/omni_navigation/build/rf2o_laser_odometry
[17.165s] -- Install configuration: ""
[17.165s] -- Installing: /home/rorremous/Development/ROS/movement/omni_navigation/install/rf2o_laser_odometry/lib/rf2o_laser_odometry/rf2o_laser_odometry_node
[17.176s] -- Set runtime path of "/home/rorremous/Development/ROS/movement/omni_navigation/install/rf2o_laser_odometry/lib/rf2o_laser_odometry/rf2o_laser_odometry_node" to ""
[17.177s] -- Installing: /home/rorremous/Development/ROS/movement/omni_navigation/install/rf2o_laser_odometry/share/rf2o_laser_odometry/launch
[17.177s] -- Installing: /home/rorremous/Development/ROS/movement/omni_navigation/install/rf2o_laser_odometry/share/rf2o_laser_odometry/launch/rf2o_laser_odometry.launch.py
[17.177s] -- Installing: /home/rorremous/Development/ROS/movement/omni_navigation/install/rf2o_laser_odometry/share/ament_index/resource_index/package_run_dependencies/rf2o_laser_odometry
[17.177s] -- Installing: /home/rorremous/Development/ROS/movement/omni_navigation/install/rf2o_laser_odometry/share/ament_index/resource_index/parent_prefix_path/rf2o_laser_odometry
[17.177s] -- Installing: /home/rorremous/Development/ROS/movement/omni_navigation/install/rf2o_laser_odometry/share/rf2o_laser_odometry/environment/ament_prefix_path.sh
[17.177s] -- Installing: /home/rorremous/Development/ROS/movement/omni_navigation/install/rf2o_laser_odometry/share/rf2o_laser_odometry/environment/ament_prefix_path.dsv
[17.178s] -- Installing: /home/rorremous/Development/ROS/movement/omni_navigation/install/rf2o_laser_odometry/share/rf2o_laser_odometry/environment/path.sh
[17.178s] -- Installing: /home/rorremous/Development/ROS/movement/omni_navigation/install/rf2o_laser_odometry/share/rf2o_laser_odometry/environment/path.dsv
[17.178s] -- Installing: /home/rorremous/Development/ROS/movement/omni_navigation/install/rf2o_laser_odometry/share/rf2o_laser_odometry/local_setup.bash
[17.178s] -- Installing: /home/rorremous/Development/ROS/movement/omni_navigation/install/rf2o_laser_odometry/share/rf2o_laser_odometry/local_setup.sh
[17.179s] -- Installing: /home/rorremous/Development/ROS/movement/omni_navigation/install/rf2o_laser_odometry/share/rf2o_laser_odometry/local_setup.zsh
[17.179s] -- Installing: /home/rorremous/Development/ROS/movement/omni_navigation/install/rf2o_laser_odometry/share/rf2o_laser_odometry/local_setup.dsv
[17.179s] -- Installing: /home/rorremous/Development/ROS/movement/omni_navigation/install/rf2o_laser_odometry/share/rf2o_laser_odometry/package.dsv
[17.180s] -- Installing: /home/rorremous/Development/ROS/movement/omni_navigation/install/rf2o_laser_odometry/share/ament_index/resource_index/packages/rf2o_laser_odometry
[17.180s] -- Installing: /home/rorremous/Development/ROS/movement/omni_navigation/install/rf2o_laser_odometry/share/rf2o_laser_odometry/cmake/rf2o_laser_odometryConfig.cmake
[17.180s] -- Installing: /home/rorremous/Development/ROS/movement/omni_navigation/install/rf2o_laser_odometry/share/rf2o_laser_odometry/cmake/rf2o_laser_odometryConfig-version.cmake
[17.180s] -- Installing: /home/rorremous/Development/ROS/movement/omni_navigation/install/rf2o_laser_odometry/share/rf2o_laser_odometry/package.xml
[17.182s] Invoked command in '/home/rorremous/Development/ROS/movement/omni_navigation/build/rf2o_laser_odometry' returned '0': CMAKE_PREFIX_PATH=/opt/ros/humble /usr/bin/cmake --install /home/rorremous/Development/ROS/movement/omni_navigation/build/rf2o_laser_odometry
