[0.039s] Invoking command in '/home/rorremous/Development/ROS/movement/differential_bot/build/differential_bot': CMAKE_PREFIX_PATH=${CMAKE_PREFIX_PATH}:/opt/ros/humble /usr/bin/cmake --build /home/rorremous/Development/ROS/movement/differential_bot/build/differential_bot -- -j16 -l16
[0.100s] Invoked command in '/home/rorremous/Development/ROS/movement/differential_bot/build/differential_bot' returned '0': CMAKE_PREFIX_PATH=${CMAKE_PREFIX_PATH}:/opt/ros/humble /usr/bin/cmake --build /home/rorremous/Development/ROS/movement/differential_bot/build/differential_bot -- -j16 -l16
[0.138s] Invoking command in '/home/rorremous/Development/ROS/movement/differential_bot/build/differential_bot': CMAKE_PREFIX_PATH=${CMAKE_PREFIX_PATH}:/opt/ros/humble /usr/bin/cmake --install /home/rorremous/Development/ROS/movement/differential_bot/build/differential_bot
[0.144s] -- Install configuration: ""
[0.144s] -- Up-to-date: /home/rorremous/Development/ROS/movement/differential_bot/install/differential_bot/share/differential_bot/config
[0.144s] -- Up-to-date: /home/rorremous/Development/ROS/movement/differential_bot/install/differential_bot/share/differential_bot/config/drive_bot.rviz
[0.144s] -- Up-to-date: /home/rorremous/Development/ROS/movement/differential_bot/install/differential_bot/share/differential_bot/config/my_controllers.yaml
[0.144s] -- Up-to-date: /home/rorremous/Development/ROS/movement/differential_bot/install/differential_bot/share/differential_bot/config/view_bot.rviz
[0.144s] -- Up-to-date: /home/rorremous/Development/ROS/movement/differential_bot/install/differential_bot/share/differential_bot/config/empty.yaml
[0.144s] -- Up-to-date: /home/rorremous/Development/ROS/movement/differential_bot/install/differential_bot/share/differential_bot/description
[0.144s] -- Up-to-date: /home/rorremous/Development/ROS/movement/differential_bot/install/differential_bot/share/differential_bot/description/depth_camera.xacro
[0.144s] -- Up-to-date: /home/rorremous/Development/ROS/movement/differential_bot/install/differential_bot/share/differential_bot/description/inertial_macros.xacro
[0.145s] -- Up-to-date: /home/rorremous/Development/ROS/movement/differential_bot/install/differential_bot/share/differential_bot/description/gazebo_control.xacro
[0.145s] -- Up-to-date: /home/rorremous/Development/ROS/movement/differential_bot/install/differential_bot/share/differential_bot/description/ros2_control.xacro
[0.145s] -- Up-to-date: /home/rorremous/Development/ROS/movement/differential_bot/install/differential_bot/share/differential_bot/description/camera.xacro
[0.145s] -- Up-to-date: /home/rorremous/Development/ROS/movement/differential_bot/install/differential_bot/share/differential_bot/description/robot.urdf.xacro
[0.145s] -- Up-to-date: /home/rorremous/Development/ROS/movement/differential_bot/install/differential_bot/share/differential_bot/description/robot_core.xacro
[0.145s] -- Up-to-date: /home/rorremous/Development/ROS/movement/differential_bot/install/differential_bot/share/differential_bot/description/lidar.xacro
[0.145s] -- Up-to-date: /home/rorremous/Development/ROS/movement/differential_bot/install/differential_bot/share/differential_bot/launch
[0.145s] -- Up-to-date: /home/rorremous/Development/ROS/movement/differential_bot/install/differential_bot/share/differential_bot/launch/__pycache__
[0.145s] -- Up-to-date: /home/rorremous/Development/ROS/movement/differential_bot/install/differential_bot/share/differential_bot/launch/__pycache__/rsp.launch.cpython-310.pyc
[0.145s] -- Installing: /home/rorremous/Development/ROS/movement/differential_bot/install/differential_bot/share/differential_bot/launch/__pycache__/launch_sim.launch.cpython-310.pyc
[0.145s] -- Installing: /home/rorremous/Development/ROS/movement/differential_bot/install/differential_bot/share/differential_bot/launch/launch_sim.launch.py
[0.145s] -- Up-to-date: /home/rorremous/Development/ROS/movement/differential_bot/install/differential_bot/share/differential_bot/launch/rplidar.launch.py
[0.145s] -- Up-to-date: /home/rorremous/Development/ROS/movement/differential_bot/install/differential_bot/share/differential_bot/launch/rsp.launch.py
[0.145s] -- Up-to-date: /home/rorremous/Development/ROS/movement/differential_bot/install/differential_bot/share/differential_bot/launch/camera.launch.py
[0.145s] -- Up-to-date: /home/rorremous/Development/ROS/movement/differential_bot/install/differential_bot/share/differential_bot/worlds
[0.145s] -- Up-to-date: /home/rorremous/Development/ROS/movement/differential_bot/install/differential_bot/share/differential_bot/worlds/obstacles.world
[0.145s] -- Up-to-date: /home/rorremous/Development/ROS/movement/differential_bot/install/differential_bot/share/differential_bot/worlds/empty.world
[0.145s] -- Up-to-date: /home/rorremous/Development/ROS/movement/differential_bot/install/differential_bot/share/ament_index/resource_index/package_run_dependencies/differential_bot
[0.145s] -- Up-to-date: /home/rorremous/Development/ROS/movement/differential_bot/install/differential_bot/share/ament_index/resource_index/parent_prefix_path/differential_bot
[0.145s] -- Up-to-date: /home/rorremous/Development/ROS/movement/differential_bot/install/differential_bot/share/differential_bot/environment/ament_prefix_path.sh
[0.145s] -- Up-to-date: /home/rorremous/Development/ROS/movement/differential_bot/install/differential_bot/share/differential_bot/environment/ament_prefix_path.dsv
[0.145s] -- Up-to-date: /home/rorremous/Development/ROS/movement/differential_bot/install/differential_bot/share/differential_bot/environment/path.sh
[0.145s] -- Up-to-date: /home/rorremous/Development/ROS/movement/differential_bot/install/differential_bot/share/differential_bot/environment/path.dsv
[0.145s] -- Up-to-date: /home/rorremous/Development/ROS/movement/differential_bot/install/differential_bot/share/differential_bot/local_setup.bash
[0.145s] -- Up-to-date: /home/rorremous/Development/ROS/movement/differential_bot/install/differential_bot/share/differential_bot/local_setup.sh
[0.145s] -- Up-to-date: /home/rorremous/Development/ROS/movement/differential_bot/install/differential_bot/share/differential_bot/local_setup.zsh
[0.145s] -- Up-to-date: /home/rorremous/Development/ROS/movement/differential_bot/install/differential_bot/share/differential_bot/local_setup.dsv
[0.145s] -- Installing: /home/rorremous/Development/ROS/movement/differential_bot/install/differential_bot/share/differential_bot/package.dsv
[0.145s] -- Up-to-date: /home/rorremous/Development/ROS/movement/differential_bot/install/differential_bot/share/ament_index/resource_index/packages/differential_bot
[0.145s] -- Up-to-date: /home/rorremous/Development/ROS/movement/differential_bot/install/differential_bot/share/differential_bot/cmake/differential_botConfig.cmake
[0.146s] -- Up-to-date: /home/rorremous/Development/ROS/movement/differential_bot/install/differential_bot/share/differential_bot/cmake/differential_botConfig-version.cmake
[0.146s] -- Up-to-date: /home/rorremous/Development/ROS/movement/differential_bot/install/differential_bot/share/differential_bot/package.xml
[0.148s] Invoked command in '/home/rorremous/Development/ROS/movement/differential_bot/build/differential_bot' returned '0': CMAKE_PREFIX_PATH=${CMAKE_PREFIX_PATH}:/opt/ros/humble /usr/bin/cmake --install /home/rorremous/Development/ROS/movement/differential_bot/build/differential_bot
