[0.027s] Invoking command in '/home/rorremous/Development/ROS/movement/4wheel_swerve/build/gazebo_simulation': CMAKE_PREFIX_PATH=/opt/ros/humble /usr/bin/cmake /home/rorremous/Development/ROS/movement/4wheel_swerve/src/gazebo_simulation -DCMAKE_INSTALL_PREFIX=/home/rorremous/Development/ROS/movement/4wheel_swerve/install/gazebo_simulation
[0.071s] -- The C compiler identification is GNU 11.4.0
[0.114s] -- The CXX compiler identification is GNU 11.4.0
[0.120s] -- Detecting C compiler ABI info
[0.173s] -- Detecting C compiler ABI info - done
[0.176s] -- Check for working C compiler: /usr/bin/cc - skipped
[0.177s] -- Detecting C compile features
[0.177s] -- Detecting C compile features - done
[0.179s] -- Detecting CXX compiler ABI info
[0.240s] -- Detecting CXX compiler ABI info - done
[0.246s] -- Check for working CXX compiler: /usr/bin/c++ - skipped
[0.246s] -- Detecting CXX compile features
[0.247s] -- Detecting CXX compile features - done
[0.250s] -- Found ament_cmake: 1.3.5 (/opt/ros/humble/share/ament_cmake/cmake)
[0.361s] -- Found Python3: /usr/bin/python3.10 (found version "3.10.12") found components: Interpreter 
[0.433s] [33mCMake Warning (dev) at /usr/share/cmake-3.22/Modules/FindPackageHandleStandardArgs.cmake:438 (message):
[0.433s]   The package name passed to `find_package_handle_standard_args` (PkgConfig)
[0.433s]   does not match the name of the calling package (gazebo).  This can lead to
[0.433s]   problems in calling code that expects `find_package` result variables
[0.433s]   (e.g., `_FOUND`) to follow a certain pattern.
[0.433s] Call Stack (most recent call first):
[0.433s]   /usr/share/cmake-3.22/Modules/FindPkgConfig.cmake:99 (find_package_handle_standard_args)
[0.433s]   /usr/lib/x86_64-linux-gnu/cmake/gazebo/gazebo-config.cmake:72 (include)
[0.433s]   CMakeLists.txt:20 (find_package)
[0.433s] This warning is for project developers.  Use -Wno-dev to suppress it.
[0.433s] [0m
[0.433s] -- Found PkgConfig: /usr/bin/pkg-config (found version "0.29.2") 
[0.435s] -- Checking for module 'bullet>=2.82'
[0.449s] --   Found bullet, version 3.05
[0.554s] -- Found fcl: /usr/include (found suitable version "0.7.0", minimum required is "0.5.0") 
[0.603s] -- Found assimp: /usr/include (found version "5.2.0") 
[0.620s] -- Found DART: /usr/include (Required is at least version "6.6") found components: dart 
[0.761s] -- Found Boost: /usr/lib/x86_64-linux-gnu/cmake/Boost-1.74.0/BoostConfig.cmake (found suitable version "1.74.0", minimum required is "1.40.0") found components: thread system filesystem program_options regex iostreams date_time 
[0.774s] -- Found Protobuf: /usr/lib/x86_64-linux-gnu/libprotobuf.so (found version "3.12.4") 
[0.778s] -- Looking for ignition-math6 -- found version 6.15.0
[0.784s] -- Searching for dependencies of ignition-math6
[0.784s] -- Looking for OGRE...
[0.784s] -- OGRE_PREFIX_WATCH changed.
[0.788s] -- Checking for module 'OGRE'
[0.800s] --   Found OGRE, version 1.9.0
[0.837s] -- Found Ogre Ghadamon (1.9.0)
[0.843s] -- Found OGRE: optimized;/usr/lib/x86_64-linux-gnu/libOgreMain.so;debug;/usr/lib/x86_64-linux-gnu/libOgreMain.so
[0.849s] -- Looking for OGRE_Paging...
[0.852s] -- Found OGRE_Paging: optimized;/usr/lib/x86_64-linux-gnu/libOgrePaging.so;debug;/usr/lib/x86_64-linux-gnu/libOgrePaging.so
[0.852s] -- Looking for OGRE_Terrain...
[0.855s] -- Found OGRE_Terrain: optimized;/usr/lib/x86_64-linux-gnu/libOgreTerrain.so;debug;/usr/lib/x86_64-linux-gnu/libOgreTerrain.so
[0.856s] -- Looking for OGRE_Property...
[0.858s] -- Found OGRE_Property: optimized;/usr/lib/x86_64-linux-gnu/libOgreProperty.so;debug;/usr/lib/x86_64-linux-gnu/libOgreProperty.so
[0.858s] -- Looking for OGRE_RTShaderSystem...
[0.861s] -- Found OGRE_RTShaderSystem: optimized;/usr/lib/x86_64-linux-gnu/libOgreRTShaderSystem.so;debug;/usr/lib/x86_64-linux-gnu/libOgreRTShaderSystem.so
[0.861s] -- Looking for OGRE_Volume...
[0.864s] -- Found OGRE_Volume: optimized;/usr/lib/x86_64-linux-gnu/libOgreVolume.so;debug;/usr/lib/x86_64-linux-gnu/libOgreVolume.so
[0.864s] -- Looking for OGRE_Overlay...
[0.867s] -- Found OGRE_Overlay: optimized;/usr/lib/x86_64-linux-gnu/libOgreOverlay.so;debug;/usr/lib/x86_64-linux-gnu/libOgreOverlay.so
[0.930s] -- Looking for ignition-math6 -- found version 6.15.0
[0.931s] -- Looking for ignition-transport8 -- found version 8.2.1
[0.932s] -- Searching for dependencies of ignition-transport8
[0.946s] -- Found Protobuf: /usr/lib/x86_64-linux-gnu/libprotobuf.so (found suitable version "3.12.4", minimum required is "3") 
[0.955s] -- Config-file not installed for ZeroMQ -- checking for pkg-config
[0.960s] -- Checking for module 'libzmq >= 4'
[0.978s] --   Found libzmq , version 4.3.4
[1.019s] -- Found ZeroMQ: TRUE (Required is at least version "4") 
[1.024s] -- Checking for module 'uuid'
[1.037s] --   Found uuid, version 2.37.2
[1.075s] -- Found UUID: TRUE  
[1.076s] -- Looking for ignition-msgs5 -- found version 5.8.1
[1.076s] -- Searching for dependencies of ignition-msgs5
[1.091s] -- Looking for ignition-math6 -- found version 6.15.0
[1.095s] -- Checking for module 'tinyxml2'
[1.108s] --   Found tinyxml2, version 9.0.0
[1.148s] -- Looking for ignition-msgs5 -- found version 5.8.1
[1.149s] -- Looking for ignition-common3 -- found version 3.14.0
[1.150s] -- Searching for dependencies of ignition-common3
[1.150s] -- Looking for dlfcn.h - found
[1.151s] -- Looking for libdl - found
[1.152s] -- Found DL: TRUE  
[1.162s] -- Found tinyobjloader: /usr/lib/x86_64-linux-gnu/cmake/tinyobjloader/tinyobjloader-config.cmake (found version "2.0.0") 
[1.163s] -- Searching for <ignition-common3> component [graphics]
[1.165s] -- Looking for ignition-common3-graphics -- found version 3.14.0
[1.166s] -- Searching for dependencies of ignition-common3-graphics
[1.167s] -- Looking for ignition-math6 -- found version 6.15.0
[1.170s] -- Looking for ignition-fuel_tools4 -- found version 4.4.0
[1.170s] -- Searching for dependencies of ignition-fuel_tools4
[1.259s] -- Found CURL: /usr/lib/x86_64-linux-gnu/libcurl.so (found version "7.81.0")  
[1.266s] -- Checking for module 'jsoncpp'
[1.279s] --   Found jsoncpp, version 1.9.5
[1.318s] -- Found JSONCPP: TRUE  
[1.323s] -- Checking for module 'libzip'
[1.336s] --   Found libzip, version 1.7.3
[1.375s] -- Found ZIP: TRUE  
[1.375s] -- Looking for ignition-common3 -- found version 3.14.0
[1.375s] -- Looking for ignition-math6 -- found version 6.15.0
[1.375s] -- Looking for ignition-msgs5 -- found version 5.8.1
[1.380s] -- Found gazebo_ros_pkgs: 3.7.0 (/opt/ros/humble/share/gazebo_ros_pkgs/cmake)
[1.381s] -- Found geometry_msgs: 4.2.3 (/opt/ros/humble/share/geometry_msgs/cmake)
[1.400s] -- Found rosidl_generator_c: 3.1.5 (/opt/ros/humble/share/rosidl_generator_c/cmake)
[1.403s] -- Found rosidl_adapter: 3.1.5 (/opt/ros/humble/share/rosidl_adapter/cmake)
[1.408s] -- Found rosidl_generator_cpp: 3.1.5 (/opt/ros/humble/share/rosidl_generator_cpp/cmake)
[1.416s] -- Using all available rosidl_typesupport_c: rosidl_typesupport_fastrtps_c;rosidl_typesupport_introspection_c
[1.427s] -- Using all available rosidl_typesupport_cpp: rosidl_typesupport_fastrtps_cpp;rosidl_typesupport_introspection_cpp
[1.490s] -- Found rclcpp: 16.0.6 (/opt/ros/humble/share/rclcpp/cmake)
[1.523s] -- Found rmw_implementation_cmake: 6.1.1 (/opt/ros/humble/share/rmw_implementation_cmake/cmake)
[1.525s] -- Found rmw_fastrtps_cpp: 6.2.4 (/opt/ros/humble/share/rmw_fastrtps_cpp/cmake)
[1.617s] -- Found OpenSSL: /usr/lib/x86_64-linux-gnu/libcrypto.so (found version "3.0.2")  
[1.635s] -- Found FastRTPS: /opt/ros/humble/include  
[1.669s] -- Using RMW implementation 'rmw_fastrtps_cpp' as default
[1.676s] -- Found Threads: TRUE  
[1.744s] -- Found sensor_msgs: 4.2.3 (/opt/ros/humble/share/sensor_msgs/cmake)
[1.790s] -- Found tf2: 0.25.4 (/opt/ros/humble/share/tf2/cmake)
[1.837s] -- Configuring done
[1.842s] -- Generating done
[1.843s] -- Build files have been written to: /home/rorremous/Development/ROS/movement/4wheel_swerve/build/gazebo_simulation
[1.852s] Invoked command in '/home/rorremous/Development/ROS/movement/4wheel_swerve/build/gazebo_simulation' returned '0': CMAKE_PREFIX_PATH=/opt/ros/humble /usr/bin/cmake /home/rorremous/Development/ROS/movement/4wheel_swerve/src/gazebo_simulation -DCMAKE_INSTALL_PREFIX=/home/rorremous/Development/ROS/movement/4wheel_swerve/install/gazebo_simulation
[1.854s] Invoking command in '/home/rorremous/Development/ROS/movement/4wheel_swerve/build/gazebo_simulation': CMAKE_PREFIX_PATH=/opt/ros/humble /usr/bin/cmake --build /home/rorremous/Development/ROS/movement/4wheel_swerve/build/gazebo_simulation -- -j16 -l16
[1.896s] Invoked command in '/home/rorremous/Development/ROS/movement/4wheel_swerve/build/gazebo_simulation' returned '0': CMAKE_PREFIX_PATH=/opt/ros/humble /usr/bin/cmake --build /home/rorremous/Development/ROS/movement/4wheel_swerve/build/gazebo_simulation -- -j16 -l16
[1.922s] Invoking command in '/home/rorremous/Development/ROS/movement/4wheel_swerve/build/gazebo_simulation': CMAKE_PREFIX_PATH=/opt/ros/humble /usr/bin/cmake --install /home/rorremous/Development/ROS/movement/4wheel_swerve/build/gazebo_simulation
[1.927s] -- Install configuration: ""
[1.928s] -- Installing: /home/rorremous/Development/ROS/movement/4wheel_swerve/install/gazebo_simulation/share/gazebo_simulation//launch
[1.928s] -- Installing: /home/rorremous/Development/ROS/movement/4wheel_swerve/install/gazebo_simulation/share/gazebo_simulation//launch/robot_state_publisher.launch.py
[1.928s] -- Installing: /home/rorremous/Development/ROS/movement/4wheel_swerve/install/gazebo_simulation/share/gazebo_simulation//launch/__pycache__
[1.928s] -- Installing: /home/rorremous/Development/ROS/movement/4wheel_swerve/install/gazebo_simulation/share/gazebo_simulation//launch/__pycache__/robot_sim.launch.cpython-310.pyc
[1.928s] -- Installing: /home/rorremous/Development/ROS/movement/4wheel_swerve/install/gazebo_simulation/share/gazebo_simulation//launch/__pycache__/robot_state_publisher.launch.cpython-310.pyc
[1.928s] -- Installing: /home/rorremous/Development/ROS/movement/4wheel_swerve/install/gazebo_simulation/share/gazebo_simulation//launch/robot_sim.launch.py
[1.928s] -- Installing: /home/rorremous/Development/ROS/movement/4wheel_swerve/install/gazebo_simulation/share/gazebo_simulation//models
[1.928s] -- Installing: /home/rorremous/Development/ROS/movement/4wheel_swerve/install/gazebo_simulation/share/gazebo_simulation//models/rs_robot
[1.928s] -- Installing: /home/rorremous/Development/ROS/movement/4wheel_swerve/install/gazebo_simulation/share/gazebo_simulation//models/rs_robot/model.config
[1.929s] -- Installing: /home/rorremous/Development/ROS/movement/4wheel_swerve/install/gazebo_simulation/share/gazebo_simulation//models/rs_robot/rs_robot.sdf
[1.929s] -- Installing: /home/rorremous/Development/ROS/movement/4wheel_swerve/install/gazebo_simulation/share/gazebo_simulation//models/rs_robot/meshes
[1.929s] -- Installing: /home/rorremous/Development/ROS/movement/4wheel_swerve/install/gazebo_simulation/share/gazebo_simulation//models/rs_robot/meshes/STL
[1.929s] -- Installing: /home/rorremous/Development/ROS/movement/4wheel_swerve/install/gazebo_simulation/share/gazebo_simulation//models/rs_robot/meshes/STL/wheel
[1.929s] -- Installing: /home/rorremous/Development/ROS/movement/4wheel_swerve/install/gazebo_simulation/share/gazebo_simulation//models/rs_robot/meshes/STL/wheel/robot_wheel.stl
[1.929s] -- Installing: /home/rorremous/Development/ROS/movement/4wheel_swerve/install/gazebo_simulation/share/gazebo_simulation//models/rs_robot/meshes/STL/lidar_head
[1.929s] -- Installing: /home/rorremous/Development/ROS/movement/4wheel_swerve/install/gazebo_simulation/share/gazebo_simulation//models/rs_robot/meshes/STL/lidar_head/YDlidar_head v4.stl
[1.930s] -- Installing: /home/rorremous/Development/ROS/movement/4wheel_swerve/install/gazebo_simulation/share/gazebo_simulation//models/rs_robot/meshes/STL/base
[1.930s] -- Installing: /home/rorremous/Development/ROS/movement/4wheel_swerve/install/gazebo_simulation/share/gazebo_simulation//models/rs_robot/meshes/STL/base/base_link.stl
[1.930s] -- Installing: /home/rorremous/Development/ROS/movement/4wheel_swerve/install/gazebo_simulation/share/gazebo_simulation//models/rs_robot/meshes/STL/base/base_link_old.stl
[1.933s] -- Installing: /home/rorremous/Development/ROS/movement/4wheel_swerve/install/gazebo_simulation/share/gazebo_simulation//models/rs_robot/meshes/STL/sensors
[1.933s] -- Installing: /home/rorremous/Development/ROS/movement/4wheel_swerve/install/gazebo_simulation/share/gazebo_simulation//models/rs_robot/meshes/STL/sensors/front_lrf
[1.933s] -- Installing: /home/rorremous/Development/ROS/movement/4wheel_swerve/install/gazebo_simulation/share/gazebo_simulation//models/rs_robot/meshes/STL/sensors/front_lrf/front_lrf.stl
[1.941s] -- Installing: /home/rorremous/Development/ROS/movement/4wheel_swerve/install/gazebo_simulation/share/gazebo_simulation//models/rs_robot/meshes/STL/sensors/gim30
[1.941s] -- Installing: /home/rorremous/Development/ROS/movement/4wheel_swerve/install/gazebo_simulation/share/gazebo_simulation//models/rs_robot/meshes/STL/sensors/gim30/gim30.stl
[1.954s] -- Installing: /home/rorremous/Development/ROS/movement/4wheel_swerve/install/gazebo_simulation/share/gazebo_simulation//models/rs_robot/meshes/STL/sensors/rear_lrf
[1.954s] -- Installing: /home/rorremous/Development/ROS/movement/4wheel_swerve/install/gazebo_simulation/share/gazebo_simulation//models/rs_robot/meshes/STL/sensors/rear_lrf/rear_lrf.stl
[1.956s] -- Installing: /home/rorremous/Development/ROS/movement/4wheel_swerve/install/gazebo_simulation/share/gazebo_simulation//models/rs_robot/meshes/STL/sensors/gps
[1.956s] -- Installing: /home/rorremous/Development/ROS/movement/4wheel_swerve/install/gazebo_simulation/share/gazebo_simulation//models/rs_robot/meshes/STL/sensors/gps/gps.stl
[1.959s] -- Installing: /home/rorremous/Development/ROS/movement/4wheel_swerve/install/gazebo_simulation/share/gazebo_simulation//models/rs_robot/meshes/STL/sensors/camera
[1.959s] -- Installing: /home/rorremous/Development/ROS/movement/4wheel_swerve/install/gazebo_simulation/share/gazebo_simulation//models/rs_robot/meshes/STL/lidar_base
[1.959s] -- Installing: /home/rorremous/Development/ROS/movement/4wheel_swerve/install/gazebo_simulation/share/gazebo_simulation//models/rs_robot/meshes/STL/lidar_base/YDlidar_base.stl
[1.960s] -- Installing: /home/rorremous/Development/ROS/movement/4wheel_swerve/install/gazebo_simulation/share/gazebo_simulation//models/rs_robot/meshes/STL/suspension
[1.960s] -- Installing: /home/rorremous/Development/ROS/movement/4wheel_swerve/install/gazebo_simulation/share/gazebo_simulation//models/rs_robot/meshes/STL/suspension/FRONT_RIGHT_LINKSTL.stl
[1.961s] -- Installing: /home/rorremous/Development/ROS/movement/4wheel_swerve/install/gazebo_simulation/share/gazebo_simulation//models/rs_robot/meshes/STL/suspension/FRONT_LEFT_LINKSTL.stl
[1.962s] -- Installing: /home/rorremous/Development/ROS/movement/4wheel_swerve/install/gazebo_simulation/share/gazebo_simulation//models/rs_robot/meshes/STL/suspension/REAR_LEFT_LINKSTL.stl
[1.964s] -- Installing: /home/rorremous/Development/ROS/movement/4wheel_swerve/install/gazebo_simulation/share/gazebo_simulation//models/rs_robot/meshes/STL/suspension/sus_link.stl
[1.964s] -- Installing: /home/rorremous/Development/ROS/movement/4wheel_swerve/install/gazebo_simulation/share/gazebo_simulation//models/rs_robot/meshes/STL/suspension/REAR_RIGHT_LINKSTL.stl
[1.965s] -- Installing: /home/rorremous/Development/ROS/movement/4wheel_swerve/install/gazebo_simulation/share/gazebo_simulation//models/rs_robot/meshes/DAE
[1.965s] -- Installing: /home/rorremous/Development/ROS/movement/4wheel_swerve/install/gazebo_simulation/share/gazebo_simulation//models/rs_robot/meshes/DAE/wheel
[1.965s] -- Installing: /home/rorremous/Development/ROS/movement/4wheel_swerve/install/gazebo_simulation/share/gazebo_simulation//models/rs_robot/meshes/DAE/wheel/wheel_link.dae
[1.968s] -- Installing: /home/rorremous/Development/ROS/movement/4wheel_swerve/install/gazebo_simulation/share/gazebo_simulation//models/rs_robot/meshes/DAE/lidar_head
[1.968s] -- Installing: /home/rorremous/Development/ROS/movement/4wheel_swerve/install/gazebo_simulation/share/gazebo_simulation//models/rs_robot/meshes/DAE/lidar_head/YDlidar_head.dae
[1.968s] -- Installing: /home/rorremous/Development/ROS/movement/4wheel_swerve/install/gazebo_simulation/share/gazebo_simulation//models/rs_robot/meshes/DAE/base
[1.968s] -- Installing: /home/rorremous/Development/ROS/movement/4wheel_swerve/install/gazebo_simulation/share/gazebo_simulation//models/rs_robot/meshes/DAE/base/base_linkOLD.dae
[1.985s] -- Installing: /home/rorremous/Development/ROS/movement/4wheel_swerve/install/gazebo_simulation/share/gazebo_simulation//models/rs_robot/meshes/DAE/base/base_link.dae
[2.001s] -- Installing: /home/rorremous/Development/ROS/movement/4wheel_swerve/install/gazebo_simulation/share/gazebo_simulation//models/rs_robot/meshes/DAE/sensors
[2.001s] -- Installing: /home/rorremous/Development/ROS/movement/4wheel_swerve/install/gazebo_simulation/share/gazebo_simulation//models/rs_robot/meshes/DAE/sensors/front_lrf
[2.001s] -- Installing: /home/rorremous/Development/ROS/movement/4wheel_swerve/install/gazebo_simulation/share/gazebo_simulation//models/rs_robot/meshes/DAE/sensors/front_lrf/front_lrf.dae
[2.030s] -- Installing: /home/rorremous/Development/ROS/movement/4wheel_swerve/install/gazebo_simulation/share/gazebo_simulation//models/rs_robot/meshes/DAE/sensors/front_lrf/lrf_texture.png
[2.030s] -- Installing: /home/rorremous/Development/ROS/movement/4wheel_swerve/install/gazebo_simulation/share/gazebo_simulation//models/rs_robot/meshes/DAE/sensors/gim30
[2.030s] -- Installing: /home/rorremous/Development/ROS/movement/4wheel_swerve/install/gazebo_simulation/share/gazebo_simulation//models/rs_robot/meshes/DAE/sensors/gim30/gim30.dae
[2.064s] -- Installing: /home/rorremous/Development/ROS/movement/4wheel_swerve/install/gazebo_simulation/share/gazebo_simulation//models/rs_robot/meshes/DAE/sensors/gim30/gim30_lrf_texture.png
[2.065s] -- Installing: /home/rorremous/Development/ROS/movement/4wheel_swerve/install/gazebo_simulation/share/gazebo_simulation//models/rs_robot/meshes/DAE/sensors/rear_lrf
[2.065s] -- Installing: /home/rorremous/Development/ROS/movement/4wheel_swerve/install/gazebo_simulation/share/gazebo_simulation//models/rs_robot/meshes/DAE/sensors/rear_lrf/urg_texture.png
[2.065s] -- Installing: /home/rorremous/Development/ROS/movement/4wheel_swerve/install/gazebo_simulation/share/gazebo_simulation//models/rs_robot/meshes/DAE/sensors/rear_lrf/rear_lrf.dae
[2.068s] -- Installing: /home/rorremous/Development/ROS/movement/4wheel_swerve/install/gazebo_simulation/share/gazebo_simulation//models/rs_robot/meshes/DAE/sensors/gps
[2.068s] -- Installing: /home/rorremous/Development/ROS/movement/4wheel_swerve/install/gazebo_simulation/share/gazebo_simulation//models/rs_robot/meshes/DAE/sensors/gps/gps_texture.png
[2.068s] -- Installing: /home/rorremous/Development/ROS/movement/4wheel_swerve/install/gazebo_simulation/share/gazebo_simulation//models/rs_robot/meshes/DAE/sensors/gps/gps.dae
[2.077s] -- Installing: /home/rorremous/Development/ROS/movement/4wheel_swerve/install/gazebo_simulation/share/gazebo_simulation//models/rs_robot/meshes/DAE/sensors/camera
[2.077s] -- Installing: /home/rorremous/Development/ROS/movement/4wheel_swerve/install/gazebo_simulation/share/gazebo_simulation//models/rs_robot/meshes/DAE/sensors/camera/camera.dae
[2.077s] -- Installing: /home/rorremous/Development/ROS/movement/4wheel_swerve/install/gazebo_simulation/share/gazebo_simulation//models/rs_robot/meshes/DAE/lidar_base
[2.077s] -- Installing: /home/rorremous/Development/ROS/movement/4wheel_swerve/install/gazebo_simulation/share/gazebo_simulation//models/rs_robot/meshes/DAE/lidar_base/YDlidar_base.dae
[2.079s] -- Installing: /home/rorremous/Development/ROS/movement/4wheel_swerve/install/gazebo_simulation/share/gazebo_simulation//models/rs_robot/meshes/DAE/suspension
[2.079s] -- Installing: /home/rorremous/Development/ROS/movement/4wheel_swerve/install/gazebo_simulation/share/gazebo_simulation//models/rs_robot/meshes/DAE/suspension/rear_right_link.dae
[2.082s] -- Installing: /home/rorremous/Development/ROS/movement/4wheel_swerve/install/gazebo_simulation/share/gazebo_simulation//models/rs_robot/meshes/DAE/suspension/front_left_link.dae
[2.086s] -- Installing: /home/rorremous/Development/ROS/movement/4wheel_swerve/install/gazebo_simulation/share/gazebo_simulation//models/rs_robot/meshes/DAE/suspension/front_right_link.dae
[2.090s] -- Installing: /home/rorremous/Development/ROS/movement/4wheel_swerve/install/gazebo_simulation/share/gazebo_simulation//models/rs_robot/meshes/DAE/suspension/rear_left_link.dae
[2.093s] -- Installing: /home/rorremous/Development/ROS/movement/4wheel_swerve/install/gazebo_simulation/share/gazebo_simulation//models/rs_robot/config
[2.093s] -- Installing: /home/rorremous/Development/ROS/movement/4wheel_swerve/install/gazebo_simulation/share/gazebo_simulation//models/rs_robot/config/controllers.yaml
[2.093s] -- Installing: /home/rorremous/Development/ROS/movement/4wheel_swerve/install/gazebo_simulation/share/gazebo_simulation//worlds
[2.093s] -- Installing: /home/rorremous/Development/ROS/movement/4wheel_swerve/install/gazebo_simulation/share/gazebo_simulation//worlds/4ws_world.model
[2.094s] -- Installing: /home/rorremous/Development/ROS/movement/4wheel_swerve/install/gazebo_simulation/share/gazebo_simulation//urdf
[2.094s] -- Installing: /home/rorremous/Development/ROS/movement/4wheel_swerve/install/gazebo_simulation/share/gazebo_simulation//urdf/rs_robot.urdf
[2.094s] -- Installing: /home/rorremous/Development/ROS/movement/4wheel_swerve/install/gazebo_simulation/lib/gazebo_simulation/robot_sim.launch.py
[2.094s] -- Installing: /home/rorremous/Development/ROS/movement/4wheel_swerve/install/gazebo_simulation/lib/gazebo_simulation/robot_state_publisher.launch.py
[2.094s] -- Installing: /home/rorremous/Development/ROS/movement/4wheel_swerve/install/gazebo_simulation/share/ament_index/resource_index/package_run_dependencies/gazebo_simulation
[2.094s] -- Installing: /home/rorremous/Development/ROS/movement/4wheel_swerve/install/gazebo_simulation/share/ament_index/resource_index/parent_prefix_path/gazebo_simulation
[2.094s] -- Installing: /home/rorremous/Development/ROS/movement/4wheel_swerve/install/gazebo_simulation/share/gazebo_simulation/environment/ament_prefix_path.sh
[2.094s] -- Installing: /home/rorremous/Development/ROS/movement/4wheel_swerve/install/gazebo_simulation/share/gazebo_simulation/environment/ament_prefix_path.dsv
[2.094s] -- Installing: /home/rorremous/Development/ROS/movement/4wheel_swerve/install/gazebo_simulation/share/gazebo_simulation/environment/path.sh
[2.094s] -- Installing: /home/rorremous/Development/ROS/movement/4wheel_swerve/install/gazebo_simulation/share/gazebo_simulation/environment/path.dsv
[2.094s] -- Installing: /home/rorremous/Development/ROS/movement/4wheel_swerve/install/gazebo_simulation/share/gazebo_simulation/local_setup.bash
[2.094s] -- Installing: /home/rorremous/Development/ROS/movement/4wheel_swerve/install/gazebo_simulation/share/gazebo_simulation/local_setup.sh
[2.095s] -- Installing: /home/rorremous/Development/ROS/movement/4wheel_swerve/install/gazebo_simulation/share/gazebo_simulation/local_setup.zsh
[2.095s] -- Installing: /home/rorremous/Development/ROS/movement/4wheel_swerve/install/gazebo_simulation/share/gazebo_simulation/local_setup.dsv
[2.095s] -- Installing: /home/rorremous/Development/ROS/movement/4wheel_swerve/install/gazebo_simulation/share/gazebo_simulation/package.dsv
[2.095s] -- Installing: /home/rorremous/Development/ROS/movement/4wheel_swerve/install/gazebo_simulation/share/ament_index/resource_index/packages/gazebo_simulation
[2.095s] -- Installing: /home/rorremous/Development/ROS/movement/4wheel_swerve/install/gazebo_simulation/share/gazebo_simulation/cmake/ament_cmake_export_include_directories-extras.cmake
[2.095s] -- Installing: /home/rorremous/Development/ROS/movement/4wheel_swerve/install/gazebo_simulation/share/gazebo_simulation/cmake/ament_cmake_export_dependencies-extras.cmake
[2.095s] -- Installing: /home/rorremous/Development/ROS/movement/4wheel_swerve/install/gazebo_simulation/share/gazebo_simulation/cmake/gazebo_simulationConfig.cmake
[2.095s] -- Installing: /home/rorremous/Development/ROS/movement/4wheel_swerve/install/gazebo_simulation/share/gazebo_simulation/cmake/gazebo_simulationConfig-version.cmake
[2.095s] -- Installing: /home/rorremous/Development/ROS/movement/4wheel_swerve/install/gazebo_simulation/share/gazebo_simulation/package.xml
[2.097s] Invoked command in '/home/rorremous/Development/ROS/movement/4wheel_swerve/build/gazebo_simulation' returned '0': CMAKE_PREFIX_PATH=/opt/ros/humble /usr/bin/cmake --install /home/rorremous/Development/ROS/movement/4wheel_swerve/build/gazebo_simulation
