[0.048s] Invoking command in '/home/rorremous/Development/ROS/movement/4wheel_swerve/build/four_ws_control': CMAKE_PREFIX_PATH=/opt/ros/humble /usr/bin/cmake /home/rorremous/Development/ROS/movement/4wheel_swerve/src/four_ws_control -DCMAKE_INSTALL_PREFIX=/home/rorremous/Development/ROS/movement/4wheel_swerve/install/four_ws_control
[0.094s] -- The C compiler identification is GNU 11.4.0
[0.137s] -- The CXX compiler identification is GNU 11.4.0
[0.143s] -- Detecting C compiler ABI info
[0.196s] -- Detecting C compiler ABI info - done
[0.200s] -- Check for working C compiler: /usr/bin/cc - skipped
[0.200s] -- Detecting C compile features
[0.200s] -- Detecting C compile features - done
[0.202s] -- Detecting CXX compiler ABI info
[0.263s] -- Detecting CXX compiler ABI info - done
[0.269s] -- Check for working CXX compiler: /usr/bin/c++ - skipped
[0.269s] -- Detecting CXX compile features
[0.270s] -- Detecting CXX compile features - done
[0.273s] -- Found ament_cmake: 1.3.5 (/opt/ros/humble/share/ament_cmake/cmake)
[0.384s] -- Found Python3: /usr/bin/python3.10 (found version "3.10.12") found components: Interpreter 
[0.451s] -- Found ament_lint_auto: 0.12.8 (/opt/ros/humble/share/ament_lint_auto/cmake)
[0.502s] -- Added test 'copyright' to check source files copyright and LICENSE
[0.503s] -- Added test 'flake8' to check Python code syntax and style conventions
[0.504s] -- Added test 'lint_cmake' to check CMake code style
[0.504s] -- Added test 'pep257' to check Python code against some of the docstring style conventions in PEP 257
[0.505s] -- Added test 'xmllint' to check XML markup files
[0.506s] -- Configuring done
[0.509s] -- Generating done
[0.510s] -- Build files have been written to: /home/rorremous/Development/ROS/movement/4wheel_swerve/build/four_ws_control
[0.515s] Invoked command in '/home/rorremous/Development/ROS/movement/4wheel_swerve/build/four_ws_control' returned '0': CMAKE_PREFIX_PATH=/opt/ros/humble /usr/bin/cmake /home/rorremous/Development/ROS/movement/4wheel_swerve/src/four_ws_control -DCMAKE_INSTALL_PREFIX=/home/rorremous/Development/ROS/movement/4wheel_swerve/install/four_ws_control
[0.516s] Invoking command in '/home/rorremous/Development/ROS/movement/4wheel_swerve/build/four_ws_control': CMAKE_PREFIX_PATH=/opt/ros/humble /usr/bin/cmake --build /home/rorremous/Development/ROS/movement/4wheel_swerve/build/four_ws_control -- -j16 -l16
[0.551s] Invoked command in '/home/rorremous/Development/ROS/movement/4wheel_swerve/build/four_ws_control' returned '0': CMAKE_PREFIX_PATH=/opt/ros/humble /usr/bin/cmake --build /home/rorremous/Development/ROS/movement/4wheel_swerve/build/four_ws_control -- -j16 -l16
[0.580s] Invoking command in '/home/rorremous/Development/ROS/movement/4wheel_swerve/build/four_ws_control': CMAKE_PREFIX_PATH=/opt/ros/humble /usr/bin/cmake --install /home/rorremous/Development/ROS/movement/4wheel_swerve/build/four_ws_control
[0.586s] -- Install configuration: ""
[0.586s] -- Installing: /home/rorremous/Development/ROS/movement/4wheel_swerve/install/four_ws_control/share/four_ws_control//scripts
[0.586s] -- Installing: /home/rorremous/Development/ROS/movement/4wheel_swerve/install/four_ws_control/share/four_ws_control//scripts/robot_control.py
[0.586s] -- Installing: /home/rorremous/Development/ROS/movement/4wheel_swerve/install/four_ws_control/share/four_ws_control//launch
[0.586s] -- Installing: /home/rorremous/Development/ROS/movement/4wheel_swerve/install/four_ws_control/share/four_ws_control//launch/__pycache__
[0.586s] -- Installing: /home/rorremous/Development/ROS/movement/4wheel_swerve/install/four_ws_control/share/four_ws_control//launch/__pycache__/four_ws_control.launch.cpython-310.pyc
[0.587s] -- Installing: /home/rorremous/Development/ROS/movement/4wheel_swerve/install/four_ws_control/share/four_ws_control//launch/four_ws_control.launch.py
[0.587s] -- Installing: /home/rorremous/Development/ROS/movement/4wheel_swerve/install/four_ws_control/lib/four_ws_control/robot_control.py
[0.587s] -- Installing: /home/rorremous/Development/ROS/movement/4wheel_swerve/install/four_ws_control/lib/four_ws_control/four_ws_control.launch.py
[0.587s] -- Installing: /home/rorremous/Development/ROS/movement/4wheel_swerve/install/four_ws_control/share/ament_index/resource_index/package_run_dependencies/four_ws_control
[0.587s] -- Installing: /home/rorremous/Development/ROS/movement/4wheel_swerve/install/four_ws_control/share/ament_index/resource_index/parent_prefix_path/four_ws_control
[0.587s] -- Installing: /home/rorremous/Development/ROS/movement/4wheel_swerve/install/four_ws_control/share/four_ws_control/environment/ament_prefix_path.sh
[0.587s] -- Installing: /home/rorremous/Development/ROS/movement/4wheel_swerve/install/four_ws_control/share/four_ws_control/environment/ament_prefix_path.dsv
[0.587s] -- Installing: /home/rorremous/Development/ROS/movement/4wheel_swerve/install/four_ws_control/share/four_ws_control/environment/path.sh
[0.587s] -- Installing: /home/rorremous/Development/ROS/movement/4wheel_swerve/install/four_ws_control/share/four_ws_control/environment/path.dsv
[0.587s] -- Installing: /home/rorremous/Development/ROS/movement/4wheel_swerve/install/four_ws_control/share/four_ws_control/local_setup.bash
[0.587s] -- Installing: /home/rorremous/Development/ROS/movement/4wheel_swerve/install/four_ws_control/share/four_ws_control/local_setup.sh
[0.587s] -- Installing: /home/rorremous/Development/ROS/movement/4wheel_swerve/install/four_ws_control/share/four_ws_control/local_setup.zsh
[0.588s] -- Installing: /home/rorremous/Development/ROS/movement/4wheel_swerve/install/four_ws_control/share/four_ws_control/local_setup.dsv
[0.588s] -- Installing: /home/rorremous/Development/ROS/movement/4wheel_swerve/install/four_ws_control/share/four_ws_control/package.dsv
[0.588s] -- Installing: /home/rorremous/Development/ROS/movement/4wheel_swerve/install/four_ws_control/share/ament_index/resource_index/packages/four_ws_control
[0.588s] -- Installing: /home/rorremous/Development/ROS/movement/4wheel_swerve/install/four_ws_control/share/four_ws_control/cmake/four_ws_controlConfig.cmake
[0.588s] -- Installing: /home/rorremous/Development/ROS/movement/4wheel_swerve/install/four_ws_control/share/four_ws_control/cmake/four_ws_controlConfig-version.cmake
[0.588s] -- Installing: /home/rorremous/Development/ROS/movement/4wheel_swerve/install/four_ws_control/share/four_ws_control/package.xml
[0.590s] Invoked command in '/home/rorremous/Development/ROS/movement/4wheel_swerve/build/four_ws_control' returned '0': CMAKE_PREFIX_PATH=/opt/ros/humble /usr/bin/cmake --install /home/rorremous/Development/ROS/movement/4wheel_swerve/build/four_ws_control
