[0.097s] Invoking command in '/home/rorremous/Development/ROS/movement/omni_navigation/build/omni_cartographer': CMAKE_PREFIX_PATH=/opt/ros/humble /usr/bin/cmake /home/rorremous/Development/ROS/movement/omni_navigation/src/omni_cartographer -DCMAKE_INSTALL_PREFIX=/home/rorremous/Development/ROS/movement/omni_navigation/install/omni_cartographer
[0.209s] -- The C compiler identification is GNU 11.4.0
[0.285s] -- The CXX compiler identification is GNU 11.4.0
[0.292s] -- Detecting C compiler ABI info
[0.350s] -- Detecting C compiler ABI info - done
[0.353s] -- Check for working C compiler: /usr/bin/cc - skipped
[0.353s] -- Detecting C compile features
[0.354s] -- Detecting C compile features - done
[0.356s] -- Detecting CXX compiler ABI info
[0.419s] -- Detecting CXX compiler ABI info - done
[0.424s] -- Check for working CXX compiler: /usr/bin/c++ - skipped
[0.425s] -- Detecting CXX compile features
[0.425s] -- Detecting CXX compile features - done
[0.428s] -- Found ament_cmake: 1.3.5 (/opt/ros/humble/share/ament_cmake/cmake)
[0.546s] -- Found Python3: /usr/bin/python3.10 (found version "3.10.12") found components: Interpreter 
[0.661s] -- Configuring done
[0.664s] -- Generating done
[0.665s] -- Build files have been written to: /home/rorremous/Development/ROS/movement/omni_navigation/build/omni_cartographer
[0.669s] Invoked command in '/home/rorremous/Development/ROS/movement/omni_navigation/build/omni_cartographer' returned '0': CMAKE_PREFIX_PATH=/opt/ros/humble /usr/bin/cmake /home/rorremous/Development/ROS/movement/omni_navigation/src/omni_cartographer -DCMAKE_INSTALL_PREFIX=/home/rorremous/Development/ROS/movement/omni_navigation/install/omni_cartographer
[0.670s] Invoking command in '/home/rorremous/Development/ROS/movement/omni_navigation/build/omni_cartographer': CMAKE_PREFIX_PATH=/opt/ros/humble /usr/bin/cmake --build /home/rorremous/Development/ROS/movement/omni_navigation/build/omni_cartographer -- -j16 -l16
[0.701s] Invoked command in '/home/rorremous/Development/ROS/movement/omni_navigation/build/omni_cartographer' returned '0': CMAKE_PREFIX_PATH=/opt/ros/humble /usr/bin/cmake --build /home/rorremous/Development/ROS/movement/omni_navigation/build/omni_cartographer -- -j16 -l16
[0.725s] Invoking command in '/home/rorremous/Development/ROS/movement/omni_navigation/build/omni_cartographer': CMAKE_PREFIX_PATH=/opt/ros/humble /usr/bin/cmake --install /home/rorremous/Development/ROS/movement/omni_navigation/build/omni_cartographer
[0.731s] -- Install configuration: ""
[0.732s] -- Installing: /home/rorremous/Development/ROS/movement/omni_navigation/install/omni_cartographer/share/omni_cartographer/config
[0.732s] -- Installing: /home/rorremous/Development/ROS/movement/omni_navigation/install/omni_cartographer/share/omni_cartographer/config/omni_lds_2d.lua
[0.732s] -- Installing: /home/rorremous/Development/ROS/movement/omni_navigation/install/omni_cartographer/share/omni_cartographer/launch
[0.732s] -- Installing: /home/rorremous/Development/ROS/movement/omni_navigation/install/omni_cartographer/share/omni_cartographer/launch/cartographer.launch.py
[0.732s] -- Installing: /home/rorremous/Development/ROS/movement/omni_navigation/install/omni_cartographer/share/omni_cartographer/launch/occupancy_grid.launch.py
[0.732s] -- Installing: /home/rorremous/Development/ROS/movement/omni_navigation/install/omni_cartographer/share/omni_cartographer/rviz
[0.732s] -- Installing: /home/rorremous/Development/ROS/movement/omni_navigation/install/omni_cartographer/share/omni_cartographer/rviz/tb3_cartographer.rviz
[0.732s] -- Installing: /home/rorremous/Development/ROS/movement/omni_navigation/install/omni_cartographer/share/ament_index/resource_index/package_run_dependencies/omni_cartographer
[0.733s] -- Installing: /home/rorremous/Development/ROS/movement/omni_navigation/install/omni_cartographer/share/ament_index/resource_index/parent_prefix_path/omni_cartographer
[0.733s] -- Installing: /home/rorremous/Development/ROS/movement/omni_navigation/install/omni_cartographer/share/omni_cartographer/environment/ament_prefix_path.sh
[0.733s] -- Installing: /home/rorremous/Development/ROS/movement/omni_navigation/install/omni_cartographer/share/omni_cartographer/environment/ament_prefix_path.dsv
[0.733s] -- Installing: /home/rorremous/Development/ROS/movement/omni_navigation/install/omni_cartographer/share/omni_cartographer/environment/path.sh
[0.733s] -- Installing: /home/rorremous/Development/ROS/movement/omni_navigation/install/omni_cartographer/share/omni_cartographer/environment/path.dsv
[0.734s] -- Installing: /home/rorremous/Development/ROS/movement/omni_navigation/install/omni_cartographer/share/omni_cartographer/local_setup.bash
[0.734s] -- Installing: /home/rorremous/Development/ROS/movement/omni_navigation/install/omni_cartographer/share/omni_cartographer/local_setup.sh
[0.734s] -- Installing: /home/rorremous/Development/ROS/movement/omni_navigation/install/omni_cartographer/share/omni_cartographer/local_setup.zsh
[0.734s] -- Installing: /home/rorremous/Development/ROS/movement/omni_navigation/install/omni_cartographer/share/omni_cartographer/local_setup.dsv
[0.734s] -- Installing: /home/rorremous/Development/ROS/movement/omni_navigation/install/omni_cartographer/share/omni_cartographer/package.dsv
[0.734s] -- Installing: /home/rorremous/Development/ROS/movement/omni_navigation/install/omni_cartographer/share/ament_index/resource_index/packages/omni_cartographer
[0.734s] -- Installing: /home/rorremous/Development/ROS/movement/omni_navigation/install/omni_cartographer/share/omni_cartographer/cmake/omni_cartographerConfig.cmake
[0.735s] -- Installing: /home/rorremous/Development/ROS/movement/omni_navigation/install/omni_cartographer/share/omni_cartographer/cmake/omni_cartographerConfig-version.cmake
[0.735s] -- Installing: /home/rorremous/Development/ROS/movement/omni_navigation/install/omni_cartographer/share/omni_cartographer/package.xml
[0.736s] Invoked command in '/home/rorremous/Development/ROS/movement/omni_navigation/build/omni_cartographer' returned '0': CMAKE_PREFIX_PATH=/opt/ros/humble /usr/bin/cmake --install /home/rorremous/Development/ROS/movement/omni_navigation/build/omni_cartographer
