[0.603s] DEBUG:colcon:Command line arguments: ['/usr/bin/colcon', 'build']
[0.603s] DEBUG:colcon:Parsed command line arguments: Namespace(log_base=None, log_level=None, verb_name='build', build_base='build', install_base='install', merge_install=False, symlink_install=False, test_result_base=None, continue_on_error=False, executor='parallel', parallel_workers=16, event_handlers=None, ignore_user_meta=False, metas=['./colcon.meta'], base_paths=['.'], packages_ignore=None, packages_ignore_regex=None, paths=None, packages_up_to=None, packages_up_to_regex=None, packages_above=None, packages_above_and_dependencies=None, packages_above_depth=None, packages_select_by_dep=None, packages_skip_by_dep=None, packages_skip_up_to=None, packages_select_build_failed=False, packages_skip_build_finished=False, packages_select_test_failures=False, packages_skip_test_passed=False, packages_select=None, packages_skip=None, packages_select_regex=None, packages_skip_regex=None, packages_start=None, packages_end=None, allow_overriding=[], cmake_args=None, cmake_target=None, cmake_target_skip_unavailable=False, cmake_clean_cache=False, cmake_clean_first=False, cmake_force_configure=False, ament_cmake_args=None, catkin_cmake_args=None, catkin_skip_building_tests=False, verb_parser=<colcon_defaults.argument_parser.defaults.DefaultArgumentsDecorator object at 0x7f09b5eab0a0>, verb_extension=<colcon_core.verb.build.BuildVerb object at 0x7f09b62d74f0>, main=<bound method BuildVerb.main of <colcon_core.verb.build.BuildVerb object at 0x7f09b62d74f0>>)
[0.712s] Level 1:colcon.colcon_core.package_discovery:discover_packages(colcon_meta) check parameters
[0.713s] Level 1:colcon.colcon_core.package_discovery:discover_packages(recursive) check parameters
[0.713s] Level 1:colcon.colcon_core.package_discovery:discover_packages(ignore) check parameters
[0.713s] Level 1:colcon.colcon_core.package_discovery:discover_packages(path) check parameters
[0.713s] Level 1:colcon.colcon_core.package_discovery:discover_packages(colcon_meta) discover
[0.713s] Level 1:colcon.colcon_core.package_discovery:discover_packages(recursive) discover
[0.713s] INFO:colcon.colcon_core.package_discovery:Crawling recursively for packages in '/home/rorremous/Development/ROS/movement/differential_bot'
[0.713s] Level 1:colcon.colcon_core.package_identification:_identify(.) by extensions ['ignore', 'ignore_ament_install']
[0.713s] Level 1:colcon.colcon_core.package_identification:_identify(.) by extension 'ignore'
[0.713s] Level 1:colcon.colcon_core.package_identification:_identify(.) by extension 'ignore_ament_install'
[0.713s] Level 1:colcon.colcon_core.package_identification:_identify(.) by extensions ['colcon_pkg']
[0.713s] Level 1:colcon.colcon_core.package_identification:_identify(.) by extension 'colcon_pkg'
[0.713s] Level 1:colcon.colcon_core.package_identification:_identify(.) by extensions ['colcon_meta']
[0.713s] Level 1:colcon.colcon_core.package_identification:_identify(.) by extension 'colcon_meta'
[0.713s] Level 1:colcon.colcon_core.package_identification:_identify(.) by extensions ['ros']
[0.713s] Level 1:colcon.colcon_core.package_identification:_identify(.) by extension 'ros'
[0.719s] Level 1:colcon.colcon_core.package_identification:_identify(.) by extensions ['cmake', 'python']
[0.719s] Level 1:colcon.colcon_core.package_identification:_identify(.) by extension 'cmake'
[0.719s] Level 1:colcon.colcon_core.package_identification:_identify(.) by extension 'python'
[0.719s] Level 1:colcon.colcon_core.package_identification:_identify(.) by extensions ['python_setup_py']
[0.719s] Level 1:colcon.colcon_core.package_identification:_identify(.) by extension 'python_setup_py'
[0.719s] Level 1:colcon.colcon_core.package_identification:_identify(build) by extensions ['ignore', 'ignore_ament_install']
[0.719s] Level 1:colcon.colcon_core.package_identification:_identify(build) by extension 'ignore'
[0.719s] Level 1:colcon.colcon_core.package_identification:_identify(build) ignored
[0.719s] Level 1:colcon.colcon_core.package_identification:_identify(install) by extensions ['ignore', 'ignore_ament_install']
[0.720s] Level 1:colcon.colcon_core.package_identification:_identify(install) by extension 'ignore'
[0.720s] Level 1:colcon.colcon_core.package_identification:_identify(install) ignored
[0.720s] Level 1:colcon.colcon_core.package_identification:_identify(log) by extensions ['ignore', 'ignore_ament_install']
[0.720s] Level 1:colcon.colcon_core.package_identification:_identify(log) by extension 'ignore'
[0.720s] Level 1:colcon.colcon_core.package_identification:_identify(log) ignored
[0.720s] Level 1:colcon.colcon_core.package_identification:_identify(src) by extensions ['ignore', 'ignore_ament_install']
[0.720s] Level 1:colcon.colcon_core.package_identification:_identify(src) by extension 'ignore'
[0.720s] Level 1:colcon.colcon_core.package_identification:_identify(src) by extension 'ignore_ament_install'
[0.720s] Level 1:colcon.colcon_core.package_identification:_identify(src) by extensions ['colcon_pkg']
[0.720s] Level 1:colcon.colcon_core.package_identification:_identify(src) by extension 'colcon_pkg'
[0.720s] Level 1:colcon.colcon_core.package_identification:_identify(src) by extensions ['colcon_meta']
[0.720s] Level 1:colcon.colcon_core.package_identification:_identify(src) by extension 'colcon_meta'
[0.720s] Level 1:colcon.colcon_core.package_identification:_identify(src) by extensions ['ros']
[0.720s] Level 1:colcon.colcon_core.package_identification:_identify(src) by extension 'ros'
[0.721s] DEBUG:colcon.colcon_core.package_identification:Package 'src' with type 'ros.ament_cmake' and name 'differential_bot'
[0.721s] Level 1:colcon.colcon_core.package_discovery:discover_packages(recursive) using defaults
[0.721s] Level 1:colcon.colcon_core.package_discovery:discover_packages(ignore) discover
[0.721s] Level 1:colcon.colcon_core.package_discovery:discover_packages(ignore) using defaults
[0.721s] Level 1:colcon.colcon_core.package_discovery:discover_packages(path) discover
[0.721s] Level 1:colcon.colcon_core.package_discovery:discover_packages(path) using defaults
[0.767s] Level 1:colcon.colcon_core.package_discovery:discover_packages(prefix_path) check parameters
[0.767s] Level 1:colcon.colcon_core.package_discovery:discover_packages(prefix_path) discover
[0.780s] DEBUG:colcon.colcon_installed_package_information.package_discovery:Found 1 installed packages in /home/rorremous/Development/ROS/movement/differential_bot/install
[0.787s] DEBUG:colcon.colcon_installed_package_information.package_discovery:Found 288 installed packages in /opt/ros/humble
[0.787s] Level 1:colcon.colcon_core.package_discovery:discover_packages(prefix_path) using defaults
[0.830s] Level 5:colcon.colcon_core.verb:set package 'differential_bot' build argument 'cmake_args' from command line to 'None'
[0.831s] Level 5:colcon.colcon_core.verb:set package 'differential_bot' build argument 'cmake_target' from command line to 'None'
[0.831s] Level 5:colcon.colcon_core.verb:set package 'differential_bot' build argument 'cmake_target_skip_unavailable' from command line to 'False'
[0.831s] Level 5:colcon.colcon_core.verb:set package 'differential_bot' build argument 'cmake_clean_cache' from command line to 'False'
[0.831s] Level 5:colcon.colcon_core.verb:set package 'differential_bot' build argument 'cmake_clean_first' from command line to 'False'
[0.831s] Level 5:colcon.colcon_core.verb:set package 'differential_bot' build argument 'cmake_force_configure' from command line to 'False'
[0.831s] Level 5:colcon.colcon_core.verb:set package 'differential_bot' build argument 'ament_cmake_args' from command line to 'None'
[0.831s] Level 5:colcon.colcon_core.verb:set package 'differential_bot' build argument 'catkin_cmake_args' from command line to 'None'
[0.831s] Level 5:colcon.colcon_core.verb:set package 'differential_bot' build argument 'catkin_skip_building_tests' from command line to 'False'
[0.831s] DEBUG:colcon.colcon_core.verb:Building package 'differential_bot' with the following arguments: {'ament_cmake_args': None, 'build_base': '/home/rorremous/Development/ROS/movement/differential_bot/build/differential_bot', 'catkin_cmake_args': None, 'catkin_skip_building_tests': False, 'cmake_args': None, 'cmake_clean_cache': False, 'cmake_clean_first': False, 'cmake_force_configure': False, 'cmake_target': None, 'cmake_target_skip_unavailable': False, 'install_base': '/home/rorremous/Development/ROS/movement/differential_bot/install/differential_bot', 'merge_install': False, 'path': '/home/rorremous/Development/ROS/movement/differential_bot/src', 'symlink_install': False, 'test_result_base': None}
[0.836s] INFO:colcon.colcon_core.executor:Executing jobs using 'parallel' executor
[0.843s] DEBUG:colcon.colcon_parallel_executor.executor.parallel:run_until_complete
[0.843s] INFO:colcon.colcon_ros.task.ament_cmake.build:Building ROS package in '/home/rorremous/Development/ROS/movement/differential_bot/src' with build type 'ament_cmake'
[0.843s] INFO:colcon.colcon_cmake.task.cmake.build:Building CMake package in '/home/rorremous/Development/ROS/movement/differential_bot/src'
[0.851s] INFO:colcon.colcon_core.plugin_system:Skipping extension 'colcon_core.shell.bat': Not used on non-Windows systems
[0.851s] INFO:colcon.colcon_core.shell:Skip shell extension 'powershell' for command environment: Not usable outside of PowerShell
[0.851s] DEBUG:colcon.colcon_core.shell:Skip shell extension 'dsv' for command environment
[0.883s] DEBUG:colcon.colcon_core.event_handler.log_command:Invoking command in '/home/rorremous/Development/ROS/movement/differential_bot/build/differential_bot': CMAKE_PREFIX_PATH=${CMAKE_PREFIX_PATH}:/opt/ros/humble /usr/bin/cmake --build /home/rorremous/Development/ROS/movement/differential_bot/build/differential_bot -- -j16 -l16
[0.943s] DEBUG:colcon.colcon_core.event_handler.log_command:Invoked command in '/home/rorremous/Development/ROS/movement/differential_bot/build/differential_bot' returned '0': CMAKE_PREFIX_PATH=${CMAKE_PREFIX_PATH}:/opt/ros/humble /usr/bin/cmake --build /home/rorremous/Development/ROS/movement/differential_bot/build/differential_bot -- -j16 -l16
[0.982s] DEBUG:colcon.colcon_core.event_handler.log_command:Invoking command in '/home/rorremous/Development/ROS/movement/differential_bot/build/differential_bot': CMAKE_PREFIX_PATH=${CMAKE_PREFIX_PATH}:/opt/ros/humble /usr/bin/cmake --install /home/rorremous/Development/ROS/movement/differential_bot/build/differential_bot
[0.991s] Level 1:colcon.colcon_core.environment:create_environment_scripts_only(differential_bot)
[0.991s] DEBUG:colcon.colcon_core.event_handler.log_command:Invoked command in '/home/rorremous/Development/ROS/movement/differential_bot/build/differential_bot' returned '0': CMAKE_PREFIX_PATH=${CMAKE_PREFIX_PATH}:/opt/ros/humble /usr/bin/cmake --install /home/rorremous/Development/ROS/movement/differential_bot/build/differential_bot
[1.001s] Level 1:colcon.colcon_core.environment:checking '/home/rorremous/Development/ROS/movement/differential_bot/install/differential_bot' for CMake module files
[1.001s] Level 1:colcon.colcon_core.environment:checking '/home/rorremous/Development/ROS/movement/differential_bot/install/differential_bot' for CMake config files
[1.001s] Level 1:colcon.colcon_core.shell:create_environment_hook('differential_bot', 'cmake_prefix_path')
[1.007s] INFO:colcon.colcon_core.shell:Creating environment hook '/home/rorremous/Development/ROS/movement/differential_bot/install/differential_bot/share/differential_bot/hook/cmake_prefix_path.ps1'
[1.007s] INFO:colcon.colcon_core.shell:Creating environment descriptor '/home/rorremous/Development/ROS/movement/differential_bot/install/differential_bot/share/differential_bot/hook/cmake_prefix_path.dsv'
[1.008s] INFO:colcon.colcon_core.shell:Creating environment hook '/home/rorremous/Development/ROS/movement/differential_bot/install/differential_bot/share/differential_bot/hook/cmake_prefix_path.sh'
[1.008s] Level 1:colcon.colcon_core.environment:checking '/home/rorremous/Development/ROS/movement/differential_bot/install/differential_bot/bin'
[1.008s] Level 1:colcon.colcon_core.environment:checking '/home/rorremous/Development/ROS/movement/differential_bot/install/differential_bot/lib/pkgconfig/differential_bot.pc'
[1.009s] Level 1:colcon.colcon_core.environment:checking '/home/rorremous/Development/ROS/movement/differential_bot/install/differential_bot/lib/python3.10/site-packages'
[1.009s] Level 1:colcon.colcon_core.environment:checking '/home/rorremous/Development/ROS/movement/differential_bot/install/differential_bot/bin'
[1.014s] INFO:colcon.colcon_core.shell:Creating package script '/home/rorremous/Development/ROS/movement/differential_bot/install/differential_bot/share/differential_bot/package.ps1'
[1.015s] INFO:colcon.colcon_core.shell:Creating package descriptor '/home/rorremous/Development/ROS/movement/differential_bot/install/differential_bot/share/differential_bot/package.dsv'
[1.015s] INFO:colcon.colcon_core.shell:Creating package script '/home/rorremous/Development/ROS/movement/differential_bot/install/differential_bot/share/differential_bot/package.sh'
[1.015s] INFO:colcon.colcon_core.shell:Creating package script '/home/rorremous/Development/ROS/movement/differential_bot/install/differential_bot/share/differential_bot/package.bash'
[1.016s] INFO:colcon.colcon_core.shell:Creating package script '/home/rorremous/Development/ROS/movement/differential_bot/install/differential_bot/share/differential_bot/package.zsh'
[1.017s] Level 1:colcon.colcon_core.environment:create_file_with_runtime_dependencies(/home/rorremous/Development/ROS/movement/differential_bot/install/differential_bot/share/colcon-core/packages/differential_bot)
[1.049s] Level 1:colcon.colcon_core.environment:create_environment_scripts_only(differential_bot)
[1.054s] Level 1:colcon.colcon_core.environment:checking '/home/rorremous/Development/ROS/movement/differential_bot/install/differential_bot' for CMake module files
[1.055s] Level 1:colcon.colcon_core.environment:checking '/home/rorremous/Development/ROS/movement/differential_bot/install/differential_bot' for CMake config files
[1.055s] Level 1:colcon.colcon_core.shell:create_environment_hook('differential_bot', 'cmake_prefix_path')
[1.060s] INFO:colcon.colcon_core.shell:Creating environment hook '/home/rorremous/Development/ROS/movement/differential_bot/install/differential_bot/share/differential_bot/hook/cmake_prefix_path.ps1'
[1.061s] INFO:colcon.colcon_core.shell:Creating environment descriptor '/home/rorremous/Development/ROS/movement/differential_bot/install/differential_bot/share/differential_bot/hook/cmake_prefix_path.dsv'
[1.061s] INFO:colcon.colcon_core.shell:Creating environment hook '/home/rorremous/Development/ROS/movement/differential_bot/install/differential_bot/share/differential_bot/hook/cmake_prefix_path.sh'
[1.061s] Level 1:colcon.colcon_core.environment:checking '/home/rorremous/Development/ROS/movement/differential_bot/install/differential_bot/bin'
[1.061s] Level 1:colcon.colcon_core.environment:checking '/home/rorremous/Development/ROS/movement/differential_bot/install/differential_bot/lib/pkgconfig/differential_bot.pc'
[1.061s] Level 1:colcon.colcon_core.environment:checking '/home/rorremous/Development/ROS/movement/differential_bot/install/differential_bot/lib/python3.10/site-packages'
[1.062s] Level 1:colcon.colcon_core.environment:checking '/home/rorremous/Development/ROS/movement/differential_bot/install/differential_bot/bin'
[1.067s] INFO:colcon.colcon_core.shell:Creating package script '/home/rorremous/Development/ROS/movement/differential_bot/install/differential_bot/share/differential_bot/package.ps1'
[1.068s] INFO:colcon.colcon_core.shell:Creating package descriptor '/home/rorremous/Development/ROS/movement/differential_bot/install/differential_bot/share/differential_bot/package.dsv'
[1.068s] INFO:colcon.colcon_core.shell:Creating package script '/home/rorremous/Development/ROS/movement/differential_bot/install/differential_bot/share/differential_bot/package.sh'
[1.068s] INFO:colcon.colcon_core.shell:Creating package script '/home/rorremous/Development/ROS/movement/differential_bot/install/differential_bot/share/differential_bot/package.bash'
[1.068s] INFO:colcon.colcon_core.shell:Creating package script '/home/rorremous/Development/ROS/movement/differential_bot/install/differential_bot/share/differential_bot/package.zsh'
[1.068s] Level 1:colcon.colcon_core.environment:create_file_with_runtime_dependencies(/home/rorremous/Development/ROS/movement/differential_bot/install/differential_bot/share/colcon-core/packages/differential_bot)
[1.068s] DEBUG:colcon.colcon_parallel_executor.executor.parallel:closing loop
[1.069s] DEBUG:colcon.colcon_parallel_executor.executor.parallel:loop closed
[1.069s] DEBUG:colcon.colcon_parallel_executor.executor.parallel:run_until_complete finished with '0'
[1.069s] DEBUG:colcon.colcon_core.event_reactor:joining thread
[1.098s] INFO:colcon.colcon_core.plugin_system:Skipping extension 'colcon_notification.desktop_notification.terminal_notifier': Not used on non-Darwin systems
[1.098s] INFO:colcon.colcon_core.plugin_system:Skipping extension 'colcon_notification.desktop_notification.win32': Not used on non-Windows systems
[1.098s] INFO:colcon.colcon_notification.desktop_notification:Sending desktop notification using 'notify2'
[1.111s] DEBUG:colcon.colcon_core.event_reactor:joined thread
[1.122s] INFO:colcon.colcon_core.shell:Creating prefix script '/home/rorremous/Development/ROS/movement/differential_bot/install/local_setup.ps1'
[1.123s] INFO:colcon.colcon_core.shell:Creating prefix util module '/home/rorremous/Development/ROS/movement/differential_bot/install/_local_setup_util_ps1.py'
[1.124s] INFO:colcon.colcon_core.shell:Creating prefix chain script '/home/rorremous/Development/ROS/movement/differential_bot/install/setup.ps1'
[1.131s] INFO:colcon.colcon_core.shell:Creating prefix script '/home/rorremous/Development/ROS/movement/differential_bot/install/local_setup.sh'
[1.131s] INFO:colcon.colcon_core.shell:Creating prefix util module '/home/rorremous/Development/ROS/movement/differential_bot/install/_local_setup_util_sh.py'
[1.132s] INFO:colcon.colcon_core.shell:Creating prefix chain script '/home/rorremous/Development/ROS/movement/differential_bot/install/setup.sh'
[1.138s] INFO:colcon.colcon_core.shell:Creating prefix script '/home/rorremous/Development/ROS/movement/differential_bot/install/local_setup.bash'
[1.139s] INFO:colcon.colcon_core.shell:Creating prefix chain script '/home/rorremous/Development/ROS/movement/differential_bot/install/setup.bash'
[1.145s] INFO:colcon.colcon_core.shell:Creating prefix script '/home/rorremous/Development/ROS/movement/differential_bot/install/local_setup.zsh'
[1.145s] INFO:colcon.colcon_core.shell:Creating prefix chain script '/home/rorremous/Development/ROS/movement/differential_bot/install/setup.zsh'
