[0.077s] Invoking command in '/home/rorremous/Development/ROS/movement/omni_navigation/build/omni_control': CMAKE_PREFIX_PATH=/opt/ros/humble /usr/bin/cmake /home/rorremous/Development/ROS/movement/omni_navigation/src/omni_control -DCMAKE_INSTALL_PREFIX=/home/rorremous/Development/ROS/movement/omni_navigation/install/omni_control
[0.187s] -- The C compiler identification is GNU 11.4.0
[0.262s] -- The CXX compiler identification is GNU 11.4.0
[0.270s] -- Detecting C compiler ABI info
[0.327s] -- Detecting C compiler ABI info - done
[0.331s] -- Check for working C compiler: /usr/bin/cc - skipped
[0.331s] -- Detecting C compile features
[0.331s] -- Detecting C compile features - done
[0.334s] -- Detecting CXX compiler ABI info
[0.396s] -- Detecting CXX compiler ABI info - done
[0.402s] -- Check for working CXX compiler: /usr/bin/c++ - skipped
[0.402s] -- Detecting CXX compile features
[0.403s] -- Detecting CXX compile features - done
[0.405s] -- Found ament_cmake: 1.3.5 (/opt/ros/humble/share/ament_cmake/cmake)
[0.524s] -- Found Python3: /usr/bin/python3.10 (found version "3.10.12") found components: Interpreter 
[0.595s] -- Found ament_lint_auto: 0.12.8 (/opt/ros/humble/share/ament_lint_auto/cmake)
[0.651s] -- Added test 'copyright' to check source files copyright and LICENSE
[0.652s] -- Added test 'flake8' to check Python code syntax and style conventions
[0.652s] -- Added test 'lint_cmake' to check CMake code style
[0.653s] -- Added test 'pep257' to check Python code against some of the docstring style conventions in PEP 257
[0.654s] -- Added test 'xmllint' to check XML markup files
[0.654s] -- Configuring done
[0.657s] -- Generating done
[0.657s] -- Build files have been written to: /home/rorremous/Development/ROS/movement/omni_navigation/build/omni_control
[0.661s] Invoked command in '/home/rorremous/Development/ROS/movement/omni_navigation/build/omni_control' returned '0': CMAKE_PREFIX_PATH=/opt/ros/humble /usr/bin/cmake /home/rorremous/Development/ROS/movement/omni_navigation/src/omni_control -DCMAKE_INSTALL_PREFIX=/home/rorremous/Development/ROS/movement/omni_navigation/install/omni_control
[0.663s] Invoking command in '/home/rorremous/Development/ROS/movement/omni_navigation/build/omni_control': CMAKE_PREFIX_PATH=/opt/ros/humble /usr/bin/cmake --build /home/rorremous/Development/ROS/movement/omni_navigation/build/omni_control -- -j16 -l16
[0.694s] Invoked command in '/home/rorremous/Development/ROS/movement/omni_navigation/build/omni_control' returned '0': CMAKE_PREFIX_PATH=/opt/ros/humble /usr/bin/cmake --build /home/rorremous/Development/ROS/movement/omni_navigation/build/omni_control -- -j16 -l16
[0.713s] Invoking command in '/home/rorremous/Development/ROS/movement/omni_navigation/build/omni_control': CMAKE_PREFIX_PATH=/opt/ros/humble /usr/bin/cmake --install /home/rorremous/Development/ROS/movement/omni_navigation/build/omni_control
[0.718s] -- Install configuration: ""
[0.718s] -- Installing: /home/rorremous/Development/ROS/movement/omni_navigation/install/omni_control/share/omni_control//scripts
[0.718s] -- Installing: /home/rorremous/Development/ROS/movement/omni_navigation/install/omni_control/share/omni_control//scripts/robot_control.py
[0.718s] -- Installing: /home/rorremous/Development/ROS/movement/omni_navigation/install/omni_control/share/omni_control//scripts/robot_control_navigation.py
[0.718s] -- Installing: /home/rorremous/Development/ROS/movement/omni_navigation/install/omni_control/share/omni_control//launch
[0.718s] -- Installing: /home/rorremous/Development/ROS/movement/omni_navigation/install/omni_control/share/omni_control//launch/omni_control.launch.py
[0.718s] -- Installing: /home/rorremous/Development/ROS/movement/omni_navigation/install/omni_control/share/omni_control//launch/omni_control_navigation.launch.py
[0.718s] -- Installing: /home/rorremous/Development/ROS/movement/omni_navigation/install/omni_control/lib/omni_control/robot_control.py
[0.719s] -- Installing: /home/rorremous/Development/ROS/movement/omni_navigation/install/omni_control/lib/omni_control/robot_control_navigation.py
[0.719s] -- Installing: /home/rorremous/Development/ROS/movement/omni_navigation/install/omni_control/lib/omni_control/omni_control.launch.py
[0.719s] -- Installing: /home/rorremous/Development/ROS/movement/omni_navigation/install/omni_control/lib/omni_control/omni_control_navigation.launch.py
[0.719s] -- Installing: /home/rorremous/Development/ROS/movement/omni_navigation/install/omni_control/share/ament_index/resource_index/package_run_dependencies/omni_control
[0.719s] -- Installing: /home/rorremous/Development/ROS/movement/omni_navigation/install/omni_control/share/ament_index/resource_index/parent_prefix_path/omni_control
[0.719s] -- Installing: /home/rorremous/Development/ROS/movement/omni_navigation/install/omni_control/share/omni_control/environment/ament_prefix_path.sh
[0.719s] -- Installing: /home/rorremous/Development/ROS/movement/omni_navigation/install/omni_control/share/omni_control/environment/ament_prefix_path.dsv
[0.720s] -- Installing: /home/rorremous/Development/ROS/movement/omni_navigation/install/omni_control/share/omni_control/environment/path.sh
[0.720s] -- Installing: /home/rorremous/Development/ROS/movement/omni_navigation/install/omni_control/share/omni_control/environment/path.dsv
[0.720s] -- Installing: /home/rorremous/Development/ROS/movement/omni_navigation/install/omni_control/share/omni_control/local_setup.bash
[0.720s] -- Installing: /home/rorremous/Development/ROS/movement/omni_navigation/install/omni_control/share/omni_control/local_setup.sh
[0.720s] -- Installing: /home/rorremous/Development/ROS/movement/omni_navigation/install/omni_control/share/omni_control/local_setup.zsh
[0.720s] -- Installing: /home/rorremous/Development/ROS/movement/omni_navigation/install/omni_control/share/omni_control/local_setup.dsv
[0.720s] -- Installing: /home/rorremous/Development/ROS/movement/omni_navigation/install/omni_control/share/omni_control/package.dsv
[0.720s] -- Installing: /home/rorremous/Development/ROS/movement/omni_navigation/install/omni_control/share/ament_index/resource_index/packages/omni_control
[0.720s] -- Installing: /home/rorremous/Development/ROS/movement/omni_navigation/install/omni_control/share/omni_control/cmake/omni_controlConfig.cmake
[0.720s] -- Installing: /home/rorremous/Development/ROS/movement/omni_navigation/install/omni_control/share/omni_control/cmake/omni_controlConfig-version.cmake
[0.720s] -- Installing: /home/rorremous/Development/ROS/movement/omni_navigation/install/omni_control/share/omni_control/package.xml
[0.772s] Invoked command in '/home/rorremous/Development/ROS/movement/omni_navigation/build/omni_control' returned '0': CMAKE_PREFIX_PATH=/opt/ros/humble /usr/bin/cmake --install /home/rorremous/Development/ROS/movement/omni_navigation/build/omni_control
