[0.460s] DEBUG:colcon:Command line arguments: ['/usr/bin/colcon', 'build']
[0.460s] DEBUG:colcon:Parsed command line arguments: Namespace(log_base=None, log_level=None, verb_name='build', build_base='build', install_base='install', merge_install=False, symlink_install=False, test_result_base=None, continue_on_error=False, executor='parallel', parallel_workers=16, event_handlers=None, ignore_user_meta=False, metas=['./colcon.meta'], base_paths=['.'], packages_ignore=None, packages_ignore_regex=None, paths=None, packages_up_to=None, packages_up_to_regex=None, packages_above=None, packages_above_and_dependencies=None, packages_above_depth=None, packages_select_by_dep=None, packages_skip_by_dep=None, packages_skip_up_to=None, packages_select_build_failed=False, packages_skip_build_finished=False, packages_select_test_failures=False, packages_skip_test_passed=False, packages_select=None, packages_skip=None, packages_select_regex=None, packages_skip_regex=None, packages_start=None, packages_end=None, allow_overriding=[], cmake_args=None, cmake_target=None, cmake_target_skip_unavailable=False, cmake_clean_cache=False, cmake_clean_first=False, cmake_force_configure=False, ament_cmake_args=None, catkin_cmake_args=None, catkin_skip_building_tests=False, verb_parser=<colcon_defaults.argument_parser.defaults.DefaultArgumentsDecorator object at 0x7f33585ad480>, verb_extension=<colcon_core.verb.build.BuildVerb object at 0x7f335889c2e0>, main=<bound method BuildVerb.main of <colcon_core.verb.build.BuildVerb object at 0x7f335889c2e0>>)
[0.485s] Level 1:colcon.colcon_core.package_discovery:discover_packages(colcon_meta) check parameters
[0.492s] Level 1:colcon.colcon_core.package_discovery:discover_packages(recursive) check parameters
[0.492s] Level 1:colcon.colcon_core.package_discovery:discover_packages(ignore) check parameters
[0.492s] Level 1:colcon.colcon_core.package_discovery:discover_packages(path) check parameters
[0.492s] Level 1:colcon.colcon_core.package_discovery:discover_packages(colcon_meta) discover
[0.492s] Level 1:colcon.colcon_core.package_discovery:discover_packages(recursive) discover
[0.493s] INFO:colcon.colcon_core.package_discovery:Crawling recursively for packages in '/home/rorremous/Development/ROS/movement/omni_navigation'
[0.493s] Level 1:colcon.colcon_core.package_identification:_identify(.) by extensions ['ignore', 'ignore_ament_install']
[0.493s] Level 1:colcon.colcon_core.package_identification:_identify(.) by extension 'ignore'
[0.493s] Level 1:colcon.colcon_core.package_identification:_identify(.) by extension 'ignore_ament_install'
[0.493s] Level 1:colcon.colcon_core.package_identification:_identify(.) by extensions ['colcon_pkg']
[0.493s] Level 1:colcon.colcon_core.package_identification:_identify(.) by extension 'colcon_pkg'
[0.493s] Level 1:colcon.colcon_core.package_identification:_identify(.) by extensions ['colcon_meta']
[0.493s] Level 1:colcon.colcon_core.package_identification:_identify(.) by extension 'colcon_meta'
[0.493s] Level 1:colcon.colcon_core.package_identification:_identify(.) by extensions ['ros']
[0.493s] Level 1:colcon.colcon_core.package_identification:_identify(.) by extension 'ros'
[0.499s] Level 1:colcon.colcon_core.package_identification:_identify(.) by extensions ['cmake', 'python']
[0.499s] Level 1:colcon.colcon_core.package_identification:_identify(.) by extension 'cmake'
[0.499s] Level 1:colcon.colcon_core.package_identification:_identify(.) by extension 'python'
[0.499s] Level 1:colcon.colcon_core.package_identification:_identify(.) by extensions ['python_setup_py']
[0.499s] Level 1:colcon.colcon_core.package_identification:_identify(.) by extension 'python_setup_py'
[0.499s] Level 1:colcon.colcon_core.package_identification:_identify(build) by extensions ['ignore', 'ignore_ament_install']
[0.499s] Level 1:colcon.colcon_core.package_identification:_identify(build) by extension 'ignore'
[0.499s] Level 1:colcon.colcon_core.package_identification:_identify(build) ignored
[0.499s] Level 1:colcon.colcon_core.package_identification:_identify(install) by extensions ['ignore', 'ignore_ament_install']
[0.499s] Level 1:colcon.colcon_core.package_identification:_identify(install) by extension 'ignore'
[0.499s] Level 1:colcon.colcon_core.package_identification:_identify(install) ignored
[0.499s] Level 1:colcon.colcon_core.package_identification:_identify(log) by extensions ['ignore', 'ignore_ament_install']
[0.499s] Level 1:colcon.colcon_core.package_identification:_identify(log) by extension 'ignore'
[0.500s] Level 1:colcon.colcon_core.package_identification:_identify(log) ignored
[0.500s] Level 1:colcon.colcon_core.package_identification:_identify(src) by extensions ['ignore', 'ignore_ament_install']
[0.500s] Level 1:colcon.colcon_core.package_identification:_identify(src) by extension 'ignore'
[0.500s] Level 1:colcon.colcon_core.package_identification:_identify(src) by extension 'ignore_ament_install'
[0.500s] Level 1:colcon.colcon_core.package_identification:_identify(src) by extensions ['colcon_pkg']
[0.500s] Level 1:colcon.colcon_core.package_identification:_identify(src) by extension 'colcon_pkg'
[0.500s] Level 1:colcon.colcon_core.package_identification:_identify(src) by extensions ['colcon_meta']
[0.500s] Level 1:colcon.colcon_core.package_identification:_identify(src) by extension 'colcon_meta'
[0.500s] Level 1:colcon.colcon_core.package_identification:_identify(src) by extensions ['ros']
[0.500s] Level 1:colcon.colcon_core.package_identification:_identify(src) by extension 'ros'
[0.500s] Level 1:colcon.colcon_core.package_identification:_identify(src) by extensions ['cmake', 'python']
[0.500s] Level 1:colcon.colcon_core.package_identification:_identify(src) by extension 'cmake'
[0.500s] Level 1:colcon.colcon_core.package_identification:_identify(src) by extension 'python'
[0.500s] Level 1:colcon.colcon_core.package_identification:_identify(src) by extensions ['python_setup_py']
[0.500s] Level 1:colcon.colcon_core.package_identification:_identify(src) by extension 'python_setup_py'
[0.500s] Level 1:colcon.colcon_core.package_identification:_identify(src/gazebo_simulation) by extensions ['ignore', 'ignore_ament_install']
[0.500s] Level 1:colcon.colcon_core.package_identification:_identify(src/gazebo_simulation) by extension 'ignore'
[0.500s] Level 1:colcon.colcon_core.package_identification:_identify(src/gazebo_simulation) by extension 'ignore_ament_install'
[0.500s] Level 1:colcon.colcon_core.package_identification:_identify(src/gazebo_simulation) by extensions ['colcon_pkg']
[0.500s] Level 1:colcon.colcon_core.package_identification:_identify(src/gazebo_simulation) by extension 'colcon_pkg'
[0.500s] Level 1:colcon.colcon_core.package_identification:_identify(src/gazebo_simulation) by extensions ['colcon_meta']
[0.500s] Level 1:colcon.colcon_core.package_identification:_identify(src/gazebo_simulation) by extension 'colcon_meta'
[0.500s] Level 1:colcon.colcon_core.package_identification:_identify(src/gazebo_simulation) by extensions ['ros']
[0.500s] Level 1:colcon.colcon_core.package_identification:_identify(src/gazebo_simulation) by extension 'ros'
[0.501s] DEBUG:colcon.colcon_core.package_identification:Package 'src/gazebo_simulation' with type 'ros.ament_cmake' and name 'gazebo_simulation'
[0.502s] Level 1:colcon.colcon_core.package_identification:_identify(src/omni_cartographer) by extensions ['ignore', 'ignore_ament_install']
[0.502s] Level 1:colcon.colcon_core.package_identification:_identify(src/omni_cartographer) by extension 'ignore'
[0.502s] Level 1:colcon.colcon_core.package_identification:_identify(src/omni_cartographer) by extension 'ignore_ament_install'
[0.502s] Level 1:colcon.colcon_core.package_identification:_identify(src/omni_cartographer) by extensions ['colcon_pkg']
[0.502s] Level 1:colcon.colcon_core.package_identification:_identify(src/omni_cartographer) by extension 'colcon_pkg'
[0.502s] Level 1:colcon.colcon_core.package_identification:_identify(src/omni_cartographer) by extensions ['colcon_meta']
[0.502s] Level 1:colcon.colcon_core.package_identification:_identify(src/omni_cartographer) by extension 'colcon_meta'
[0.502s] Level 1:colcon.colcon_core.package_identification:_identify(src/omni_cartographer) by extensions ['ros']
[0.502s] Level 1:colcon.colcon_core.package_identification:_identify(src/omni_cartographer) by extension 'ros'
[0.502s] DEBUG:colcon.colcon_core.package_identification:Package 'src/omni_cartographer' with type 'ros.ament_cmake' and name 'omni_cartographer'
[0.502s] Level 1:colcon.colcon_core.package_identification:_identify(src/omni_control) by extensions ['ignore', 'ignore_ament_install']
[0.502s] Level 1:colcon.colcon_core.package_identification:_identify(src/omni_control) by extension 'ignore'
[0.502s] Level 1:colcon.colcon_core.package_identification:_identify(src/omni_control) by extension 'ignore_ament_install'
[0.502s] Level 1:colcon.colcon_core.package_identification:_identify(src/omni_control) by extensions ['colcon_pkg']
[0.502s] Level 1:colcon.colcon_core.package_identification:_identify(src/omni_control) by extension 'colcon_pkg'
[0.502s] Level 1:colcon.colcon_core.package_identification:_identify(src/omni_control) by extensions ['colcon_meta']
[0.502s] Level 1:colcon.colcon_core.package_identification:_identify(src/omni_control) by extension 'colcon_meta'
[0.502s] Level 1:colcon.colcon_core.package_identification:_identify(src/omni_control) by extensions ['ros']
[0.502s] Level 1:colcon.colcon_core.package_identification:_identify(src/omni_control) by extension 'ros'
[0.502s] DEBUG:colcon.colcon_core.package_identification:Package 'src/omni_control' with type 'ros.ament_cmake' and name 'omni_control'
[0.502s] Level 1:colcon.colcon_core.package_identification:_identify(src/omni_robot_description) by extensions ['ignore', 'ignore_ament_install']
[0.503s] Level 1:colcon.colcon_core.package_identification:_identify(src/omni_robot_description) by extension 'ignore'
[0.503s] Level 1:colcon.colcon_core.package_identification:_identify(src/omni_robot_description) by extension 'ignore_ament_install'
[0.503s] Level 1:colcon.colcon_core.package_identification:_identify(src/omni_robot_description) by extensions ['colcon_pkg']
[0.503s] Level 1:colcon.colcon_core.package_identification:_identify(src/omni_robot_description) by extension 'colcon_pkg'
[0.503s] Level 1:colcon.colcon_core.package_identification:_identify(src/omni_robot_description) by extensions ['colcon_meta']
[0.503s] Level 1:colcon.colcon_core.package_identification:_identify(src/omni_robot_description) by extension 'colcon_meta'
[0.503s] Level 1:colcon.colcon_core.package_identification:_identify(src/omni_robot_description) by extensions ['ros']
[0.503s] Level 1:colcon.colcon_core.package_identification:_identify(src/omni_robot_description) by extension 'ros'
[0.503s] DEBUG:colcon.colcon_core.package_identification:Package 'src/omni_robot_description' with type 'ros.ament_cmake' and name 'omni_robot_description'
[0.503s] Level 1:colcon.colcon_core.package_identification:_identify(src/rf2o_laser_odometry) by extensions ['ignore', 'ignore_ament_install']
[0.503s] Level 1:colcon.colcon_core.package_identification:_identify(src/rf2o_laser_odometry) by extension 'ignore'
[0.503s] Level 1:colcon.colcon_core.package_identification:_identify(src/rf2o_laser_odometry) by extension 'ignore_ament_install'
[0.503s] Level 1:colcon.colcon_core.package_identification:_identify(src/rf2o_laser_odometry) by extensions ['colcon_pkg']
[0.503s] Level 1:colcon.colcon_core.package_identification:_identify(src/rf2o_laser_odometry) by extension 'colcon_pkg'
[0.503s] Level 1:colcon.colcon_core.package_identification:_identify(src/rf2o_laser_odometry) by extensions ['colcon_meta']
[0.503s] Level 1:colcon.colcon_core.package_identification:_identify(src/rf2o_laser_odometry) by extension 'colcon_meta'
[0.503s] Level 1:colcon.colcon_core.package_identification:_identify(src/rf2o_laser_odometry) by extensions ['ros']
[0.503s] Level 1:colcon.colcon_core.package_identification:_identify(src/rf2o_laser_odometry) by extension 'ros'
[0.503s] DEBUG:colcon.colcon_core.package_identification:Package 'src/rf2o_laser_odometry' with type 'ros.ament_cmake' and name 'rf2o_laser_odometry'
[0.504s] Level 1:colcon.colcon_core.package_discovery:discover_packages(recursive) using defaults
[0.504s] Level 1:colcon.colcon_core.package_discovery:discover_packages(ignore) discover
[0.504s] Level 1:colcon.colcon_core.package_discovery:discover_packages(ignore) using defaults
[0.504s] Level 1:colcon.colcon_core.package_discovery:discover_packages(path) discover
[0.504s] Level 1:colcon.colcon_core.package_discovery:discover_packages(path) using defaults
[0.547s] Level 1:colcon.colcon_core.package_discovery:discover_packages(prefix_path) check parameters
[0.547s] Level 1:colcon.colcon_core.package_discovery:discover_packages(prefix_path) discover
[0.560s] DEBUG:colcon.colcon_installed_package_information.package_discovery:Found 367 installed packages in /opt/ros/humble
[0.561s] Level 1:colcon.colcon_core.package_discovery:discover_packages(prefix_path) using defaults
[0.620s] Level 5:colcon.colcon_core.verb:set package 'gazebo_simulation' build argument 'cmake_args' from command line to 'None'
[0.620s] Level 5:colcon.colcon_core.verb:set package 'gazebo_simulation' build argument 'cmake_target' from command line to 'None'
[0.620s] Level 5:colcon.colcon_core.verb:set package 'gazebo_simulation' build argument 'cmake_target_skip_unavailable' from command line to 'False'
[0.620s] Level 5:colcon.colcon_core.verb:set package 'gazebo_simulation' build argument 'cmake_clean_cache' from command line to 'False'
[0.620s] Level 5:colcon.colcon_core.verb:set package 'gazebo_simulation' build argument 'cmake_clean_first' from command line to 'False'
[0.620s] Level 5:colcon.colcon_core.verb:set package 'gazebo_simulation' build argument 'cmake_force_configure' from command line to 'False'
[0.620s] Level 5:colcon.colcon_core.verb:set package 'gazebo_simulation' build argument 'ament_cmake_args' from command line to 'None'
[0.620s] Level 5:colcon.colcon_core.verb:set package 'gazebo_simulation' build argument 'catkin_cmake_args' from command line to 'None'
[0.620s] Level 5:colcon.colcon_core.verb:set package 'gazebo_simulation' build argument 'catkin_skip_building_tests' from command line to 'False'
[0.620s] DEBUG:colcon.colcon_core.verb:Building package 'gazebo_simulation' with the following arguments: {'ament_cmake_args': None, 'build_base': '/home/rorremous/Development/ROS/movement/omni_navigation/build/gazebo_simulation', 'catkin_cmake_args': None, 'catkin_skip_building_tests': False, 'cmake_args': None, 'cmake_clean_cache': False, 'cmake_clean_first': False, 'cmake_force_configure': False, 'cmake_target': None, 'cmake_target_skip_unavailable': False, 'install_base': '/home/rorremous/Development/ROS/movement/omni_navigation/install/gazebo_simulation', 'merge_install': False, 'path': '/home/rorremous/Development/ROS/movement/omni_navigation/src/gazebo_simulation', 'symlink_install': False, 'test_result_base': None}
[0.626s] Level 5:colcon.colcon_core.verb:set package 'omni_cartographer' build argument 'cmake_args' from command line to 'None'
[0.626s] Level 5:colcon.colcon_core.verb:set package 'omni_cartographer' build argument 'cmake_target' from command line to 'None'
[0.626s] Level 5:colcon.colcon_core.verb:set package 'omni_cartographer' build argument 'cmake_target_skip_unavailable' from command line to 'False'
[0.626s] Level 5:colcon.colcon_core.verb:set package 'omni_cartographer' build argument 'cmake_clean_cache' from command line to 'False'
[0.626s] Level 5:colcon.colcon_core.verb:set package 'omni_cartographer' build argument 'cmake_clean_first' from command line to 'False'
[0.626s] Level 5:colcon.colcon_core.verb:set package 'omni_cartographer' build argument 'cmake_force_configure' from command line to 'False'
[0.626s] Level 5:colcon.colcon_core.verb:set package 'omni_cartographer' build argument 'ament_cmake_args' from command line to 'None'
[0.626s] Level 5:colcon.colcon_core.verb:set package 'omni_cartographer' build argument 'catkin_cmake_args' from command line to 'None'
[0.626s] Level 5:colcon.colcon_core.verb:set package 'omni_cartographer' build argument 'catkin_skip_building_tests' from command line to 'False'
[0.626s] DEBUG:colcon.colcon_core.verb:Building package 'omni_cartographer' with the following arguments: {'ament_cmake_args': None, 'build_base': '/home/rorremous/Development/ROS/movement/omni_navigation/build/omni_cartographer', 'catkin_cmake_args': None, 'catkin_skip_building_tests': False, 'cmake_args': None, 'cmake_clean_cache': False, 'cmake_clean_first': False, 'cmake_force_configure': False, 'cmake_target': None, 'cmake_target_skip_unavailable': False, 'install_base': '/home/rorremous/Development/ROS/movement/omni_navigation/install/omni_cartographer', 'merge_install': False, 'path': '/home/rorremous/Development/ROS/movement/omni_navigation/src/omni_cartographer', 'symlink_install': False, 'test_result_base': None}
[0.633s] Level 5:colcon.colcon_core.verb:set package 'omni_control' build argument 'cmake_args' from command line to 'None'
[0.633s] Level 5:colcon.colcon_core.verb:set package 'omni_control' build argument 'cmake_target' from command line to 'None'
[0.633s] Level 5:colcon.colcon_core.verb:set package 'omni_control' build argument 'cmake_target_skip_unavailable' from command line to 'False'
[0.633s] Level 5:colcon.colcon_core.verb:set package 'omni_control' build argument 'cmake_clean_cache' from command line to 'False'
[0.633s] Level 5:colcon.colcon_core.verb:set package 'omni_control' build argument 'cmake_clean_first' from command line to 'False'
[0.633s] Level 5:colcon.colcon_core.verb:set package 'omni_control' build argument 'cmake_force_configure' from command line to 'False'
[0.633s] Level 5:colcon.colcon_core.verb:set package 'omni_control' build argument 'ament_cmake_args' from command line to 'None'
[0.633s] Level 5:colcon.colcon_core.verb:set package 'omni_control' build argument 'catkin_cmake_args' from command line to 'None'
[0.633s] Level 5:colcon.colcon_core.verb:set package 'omni_control' build argument 'catkin_skip_building_tests' from command line to 'False'
[0.633s] DEBUG:colcon.colcon_core.verb:Building package 'omni_control' with the following arguments: {'ament_cmake_args': None, 'build_base': '/home/rorremous/Development/ROS/movement/omni_navigation/build/omni_control', 'catkin_cmake_args': None, 'catkin_skip_building_tests': False, 'cmake_args': None, 'cmake_clean_cache': False, 'cmake_clean_first': False, 'cmake_force_configure': False, 'cmake_target': None, 'cmake_target_skip_unavailable': False, 'install_base': '/home/rorremous/Development/ROS/movement/omni_navigation/install/omni_control', 'merge_install': False, 'path': '/home/rorremous/Development/ROS/movement/omni_navigation/src/omni_control', 'symlink_install': False, 'test_result_base': None}
[0.640s] Level 5:colcon.colcon_core.verb:set package 'omni_robot_description' build argument 'cmake_args' from command line to 'None'
[0.640s] Level 5:colcon.colcon_core.verb:set package 'omni_robot_description' build argument 'cmake_target' from command line to 'None'
[0.640s] Level 5:colcon.colcon_core.verb:set package 'omni_robot_description' build argument 'cmake_target_skip_unavailable' from command line to 'False'
[0.640s] Level 5:colcon.colcon_core.verb:set package 'omni_robot_description' build argument 'cmake_clean_cache' from command line to 'False'
[0.640s] Level 5:colcon.colcon_core.verb:set package 'omni_robot_description' build argument 'cmake_clean_first' from command line to 'False'
[0.640s] Level 5:colcon.colcon_core.verb:set package 'omni_robot_description' build argument 'cmake_force_configure' from command line to 'False'
[0.640s] Level 5:colcon.colcon_core.verb:set package 'omni_robot_description' build argument 'ament_cmake_args' from command line to 'None'
[0.640s] Level 5:colcon.colcon_core.verb:set package 'omni_robot_description' build argument 'catkin_cmake_args' from command line to 'None'
[0.640s] Level 5:colcon.colcon_core.verb:set package 'omni_robot_description' build argument 'catkin_skip_building_tests' from command line to 'False'
[0.640s] DEBUG:colcon.colcon_core.verb:Building package 'omni_robot_description' with the following arguments: {'ament_cmake_args': None, 'build_base': '/home/rorremous/Development/ROS/movement/omni_navigation/build/omni_robot_description', 'catkin_cmake_args': None, 'catkin_skip_building_tests': False, 'cmake_args': None, 'cmake_clean_cache': False, 'cmake_clean_first': False, 'cmake_force_configure': False, 'cmake_target': None, 'cmake_target_skip_unavailable': False, 'install_base': '/home/rorremous/Development/ROS/movement/omni_navigation/install/omni_robot_description', 'merge_install': False, 'path': '/home/rorremous/Development/ROS/movement/omni_navigation/src/omni_robot_description', 'symlink_install': False, 'test_result_base': None}
[0.647s] Level 5:colcon.colcon_core.verb:set package 'rf2o_laser_odometry' build argument 'cmake_args' from command line to 'None'
[0.647s] Level 5:colcon.colcon_core.verb:set package 'rf2o_laser_odometry' build argument 'cmake_target' from command line to 'None'
[0.647s] Level 5:colcon.colcon_core.verb:set package 'rf2o_laser_odometry' build argument 'cmake_target_skip_unavailable' from command line to 'False'
[0.647s] Level 5:colcon.colcon_core.verb:set package 'rf2o_laser_odometry' build argument 'cmake_clean_cache' from command line to 'False'
[0.647s] Level 5:colcon.colcon_core.verb:set package 'rf2o_laser_odometry' build argument 'cmake_clean_first' from command line to 'False'
[0.647s] Level 5:colcon.colcon_core.verb:set package 'rf2o_laser_odometry' build argument 'cmake_force_configure' from command line to 'False'
[0.647s] Level 5:colcon.colcon_core.verb:set package 'rf2o_laser_odometry' build argument 'ament_cmake_args' from command line to 'None'
[0.647s] Level 5:colcon.colcon_core.verb:set package 'rf2o_laser_odometry' build argument 'catkin_cmake_args' from command line to 'None'
[0.647s] Level 5:colcon.colcon_core.verb:set package 'rf2o_laser_odometry' build argument 'catkin_skip_building_tests' from command line to 'False'
[0.647s] DEBUG:colcon.colcon_core.verb:Building package 'rf2o_laser_odometry' with the following arguments: {'ament_cmake_args': None, 'build_base': '/home/rorremous/Development/ROS/movement/omni_navigation/build/rf2o_laser_odometry', 'catkin_cmake_args': None, 'catkin_skip_building_tests': False, 'cmake_args': None, 'cmake_clean_cache': False, 'cmake_clean_first': False, 'cmake_force_configure': False, 'cmake_target': None, 'cmake_target_skip_unavailable': False, 'install_base': '/home/rorremous/Development/ROS/movement/omni_navigation/install/rf2o_laser_odometry', 'merge_install': False, 'path': '/home/rorremous/Development/ROS/movement/omni_navigation/src/rf2o_laser_odometry', 'symlink_install': False, 'test_result_base': None}
[0.654s] INFO:colcon.colcon_core.executor:Executing jobs using 'parallel' executor
[0.660s] DEBUG:colcon.colcon_parallel_executor.executor.parallel:run_until_complete
[0.661s] INFO:colcon.colcon_ros.task.ament_cmake.build:Building ROS package in '/home/rorremous/Development/ROS/movement/omni_navigation/src/gazebo_simulation' with build type 'ament_cmake'
[0.661s] INFO:colcon.colcon_cmake.task.cmake.build:Building CMake package in '/home/rorremous/Development/ROS/movement/omni_navigation/src/gazebo_simulation'
[0.669s] INFO:colcon.colcon_core.plugin_system:Skipping extension 'colcon_core.shell.bat': Not used on non-Windows systems
[0.669s] INFO:colcon.colcon_core.shell:Skip shell extension 'powershell' for command environment: Not usable outside of PowerShell
[0.669s] DEBUG:colcon.colcon_core.shell:Skip shell extension 'dsv' for command environment
[0.686s] INFO:colcon.colcon_ros.task.ament_cmake.build:Building ROS package in '/home/rorremous/Development/ROS/movement/omni_navigation/src/omni_cartographer' with build type 'ament_cmake'
[0.686s] INFO:colcon.colcon_cmake.task.cmake.build:Building CMake package in '/home/rorremous/Development/ROS/movement/omni_navigation/src/omni_cartographer'
[0.694s] INFO:colcon.colcon_core.shell:Skip shell extension 'powershell' for command environment: Not usable outside of PowerShell
[0.694s] DEBUG:colcon.colcon_core.shell:Skip shell extension 'dsv' for command environment
[0.708s] INFO:colcon.colcon_ros.task.ament_cmake.build:Building ROS package in '/home/rorremous/Development/ROS/movement/omni_navigation/src/omni_control' with build type 'ament_cmake'
[0.708s] INFO:colcon.colcon_cmake.task.cmake.build:Building CMake package in '/home/rorremous/Development/ROS/movement/omni_navigation/src/omni_control'
[0.715s] INFO:colcon.colcon_core.shell:Skip shell extension 'powershell' for command environment: Not usable outside of PowerShell
[0.715s] DEBUG:colcon.colcon_core.shell:Skip shell extension 'dsv' for command environment
[0.731s] INFO:colcon.colcon_ros.task.ament_cmake.build:Building ROS package in '/home/rorremous/Development/ROS/movement/omni_navigation/src/omni_robot_description' with build type 'ament_cmake'
[0.731s] INFO:colcon.colcon_cmake.task.cmake.build:Building CMake package in '/home/rorremous/Development/ROS/movement/omni_navigation/src/omni_robot_description'
[0.738s] INFO:colcon.colcon_core.shell:Skip shell extension 'powershell' for command environment: Not usable outside of PowerShell
[0.738s] DEBUG:colcon.colcon_core.shell:Skip shell extension 'dsv' for command environment
[0.754s] INFO:colcon.colcon_ros.task.ament_cmake.build:Building ROS package in '/home/rorremous/Development/ROS/movement/omni_navigation/src/rf2o_laser_odometry' with build type 'ament_cmake'
[0.754s] INFO:colcon.colcon_cmake.task.cmake.build:Building CMake package in '/home/rorremous/Development/ROS/movement/omni_navigation/src/rf2o_laser_odometry'
[0.762s] INFO:colcon.colcon_core.shell:Skip shell extension 'powershell' for command environment: Not usable outside of PowerShell
[0.762s] DEBUG:colcon.colcon_core.shell:Skip shell extension 'dsv' for command environment
[0.781s] DEBUG:colcon.colcon_core.event_handler.log_command:Invoking command in '/home/rorremous/Development/ROS/movement/omni_navigation/build/gazebo_simulation': CMAKE_PREFIX_PATH=/opt/ros/humble /usr/bin/cmake /home/rorremous/Development/ROS/movement/omni_navigation/src/gazebo_simulation -DCMAKE_INSTALL_PREFIX=/home/rorremous/Development/ROS/movement/omni_navigation/install/gazebo_simulation
[0.783s] DEBUG:colcon.colcon_core.event_handler.log_command:Invoking command in '/home/rorremous/Development/ROS/movement/omni_navigation/build/omni_cartographer': CMAKE_PREFIX_PATH=/opt/ros/humble /usr/bin/cmake /home/rorremous/Development/ROS/movement/omni_navigation/src/omni_cartographer -DCMAKE_INSTALL_PREFIX=/home/rorremous/Development/ROS/movement/omni_navigation/install/omni_cartographer
[0.786s] DEBUG:colcon.colcon_core.event_handler.log_command:Invoking command in '/home/rorremous/Development/ROS/movement/omni_navigation/build/omni_control': CMAKE_PREFIX_PATH=/opt/ros/humble /usr/bin/cmake /home/rorremous/Development/ROS/movement/omni_navigation/src/omni_control -DCMAKE_INSTALL_PREFIX=/home/rorremous/Development/ROS/movement/omni_navigation/install/omni_control
[0.787s] DEBUG:colcon.colcon_core.event_handler.log_command:Invoking command in '/home/rorremous/Development/ROS/movement/omni_navigation/build/omni_robot_description': CMAKE_PREFIX_PATH=/opt/ros/humble /usr/bin/cmake /home/rorremous/Development/ROS/movement/omni_navigation/src/omni_robot_description -DCMAKE_INSTALL_PREFIX=/home/rorremous/Development/ROS/movement/omni_navigation/install/omni_robot_description
[0.788s] DEBUG:colcon.colcon_core.event_handler.log_command:Invoking command in '/home/rorremous/Development/ROS/movement/omni_navigation/build/rf2o_laser_odometry': CMAKE_PREFIX_PATH=/opt/ros/humble /usr/bin/cmake /home/rorremous/Development/ROS/movement/omni_navigation/src/rf2o_laser_odometry -DCMAKE_INSTALL_PREFIX=/home/rorremous/Development/ROS/movement/omni_navigation/install/rf2o_laser_odometry
[1.355s] DEBUG:colcon.colcon_core.event_handler.log_command:Invoked command in '/home/rorremous/Development/ROS/movement/omni_navigation/build/omni_cartographer' returned '0': CMAKE_PREFIX_PATH=/opt/ros/humble /usr/bin/cmake /home/rorremous/Development/ROS/movement/omni_navigation/src/omni_cartographer -DCMAKE_INSTALL_PREFIX=/home/rorremous/Development/ROS/movement/omni_navigation/install/omni_cartographer
[1.356s] DEBUG:colcon.colcon_core.event_handler.log_command:Invoking command in '/home/rorremous/Development/ROS/movement/omni_navigation/build/omni_cartographer': CMAKE_PREFIX_PATH=/opt/ros/humble /usr/bin/cmake --build /home/rorremous/Development/ROS/movement/omni_navigation/build/omni_cartographer -- -j16 -l16
[1.370s] DEBUG:colcon.colcon_core.event_handler.log_command:Invoked command in '/home/rorremous/Development/ROS/movement/omni_navigation/build/omni_control' returned '0': CMAKE_PREFIX_PATH=/opt/ros/humble /usr/bin/cmake /home/rorremous/Development/ROS/movement/omni_navigation/src/omni_control -DCMAKE_INSTALL_PREFIX=/home/rorremous/Development/ROS/movement/omni_navigation/install/omni_control
[1.371s] DEBUG:colcon.colcon_core.event_handler.log_command:Invoking command in '/home/rorremous/Development/ROS/movement/omni_navigation/build/omni_control': CMAKE_PREFIX_PATH=/opt/ros/humble /usr/bin/cmake --build /home/rorremous/Development/ROS/movement/omni_navigation/build/omni_control -- -j16 -l16
[1.374s] DEBUG:colcon.colcon_core.event_handler.log_command:Invoked command in '/home/rorremous/Development/ROS/movement/omni_navigation/build/omni_robot_description' returned '0': CMAKE_PREFIX_PATH=/opt/ros/humble /usr/bin/cmake /home/rorremous/Development/ROS/movement/omni_navigation/src/omni_robot_description -DCMAKE_INSTALL_PREFIX=/home/rorremous/Development/ROS/movement/omni_navigation/install/omni_robot_description
[1.375s] DEBUG:colcon.colcon_core.event_handler.log_command:Invoking command in '/home/rorremous/Development/ROS/movement/omni_navigation/build/omni_robot_description': CMAKE_PREFIX_PATH=/opt/ros/humble /usr/bin/cmake --build /home/rorremous/Development/ROS/movement/omni_navigation/build/omni_robot_description -- -j16 -l16
[1.387s] DEBUG:colcon.colcon_core.event_handler.log_command:Invoked command in '/home/rorremous/Development/ROS/movement/omni_navigation/build/omni_cartographer' returned '0': CMAKE_PREFIX_PATH=/opt/ros/humble /usr/bin/cmake --build /home/rorremous/Development/ROS/movement/omni_navigation/build/omni_cartographer -- -j16 -l16
[1.403s] DEBUG:colcon.colcon_core.event_handler.log_command:Invoked command in '/home/rorremous/Development/ROS/movement/omni_navigation/build/omni_control' returned '0': CMAKE_PREFIX_PATH=/opt/ros/humble /usr/bin/cmake --build /home/rorremous/Development/ROS/movement/omni_navigation/build/omni_control -- -j16 -l16
[1.404s] DEBUG:colcon.colcon_core.event_handler.log_command:Invoked command in '/home/rorremous/Development/ROS/movement/omni_navigation/build/omni_robot_description' returned '0': CMAKE_PREFIX_PATH=/opt/ros/humble /usr/bin/cmake --build /home/rorremous/Development/ROS/movement/omni_navigation/build/omni_robot_description -- -j16 -l16
[1.411s] DEBUG:colcon.colcon_core.event_handler.log_command:Invoking command in '/home/rorremous/Development/ROS/movement/omni_navigation/build/omni_cartographer': CMAKE_PREFIX_PATH=/opt/ros/humble /usr/bin/cmake --install /home/rorremous/Development/ROS/movement/omni_navigation/build/omni_cartographer
[1.420s] DEBUG:colcon.colcon_core.event_handler.log_command:Invoking command in '/home/rorremous/Development/ROS/movement/omni_navigation/build/omni_robot_description': CMAKE_PREFIX_PATH=/opt/ros/humble /usr/bin/cmake --install /home/rorremous/Development/ROS/movement/omni_navigation/build/omni_robot_description
[1.421s] DEBUG:colcon.colcon_core.event_handler.log_command:Invoking command in '/home/rorremous/Development/ROS/movement/omni_navigation/build/omni_control': CMAKE_PREFIX_PATH=/opt/ros/humble /usr/bin/cmake --install /home/rorremous/Development/ROS/movement/omni_navigation/build/omni_control
[1.422s] Level 1:colcon.colcon_core.environment:create_environment_scripts_only(omni_cartographer)
[1.422s] DEBUG:colcon.colcon_core.event_handler.log_command:Invoked command in '/home/rorremous/Development/ROS/movement/omni_navigation/build/omni_cartographer' returned '0': CMAKE_PREFIX_PATH=/opt/ros/humble /usr/bin/cmake --install /home/rorremous/Development/ROS/movement/omni_navigation/build/omni_cartographer
[1.433s] Level 1:colcon.colcon_core.environment:checking '/home/rorremous/Development/ROS/movement/omni_navigation/install/omni_cartographer' for CMake module files
[1.434s] Level 1:colcon.colcon_core.environment:checking '/home/rorremous/Development/ROS/movement/omni_navigation/install/omni_cartographer' for CMake config files
[1.434s] Level 1:colcon.colcon_core.shell:create_environment_hook('omni_cartographer', 'cmake_prefix_path')
[1.442s] INFO:colcon.colcon_core.shell:Creating environment hook '/home/rorremous/Development/ROS/movement/omni_navigation/install/omni_cartographer/share/omni_cartographer/hook/cmake_prefix_path.ps1'
[1.442s] INFO:colcon.colcon_core.shell:Creating environment descriptor '/home/rorremous/Development/ROS/movement/omni_navigation/install/omni_cartographer/share/omni_cartographer/hook/cmake_prefix_path.dsv'
[1.443s] INFO:colcon.colcon_core.shell:Creating environment hook '/home/rorremous/Development/ROS/movement/omni_navigation/install/omni_cartographer/share/omni_cartographer/hook/cmake_prefix_path.sh'
[1.443s] Level 1:colcon.colcon_core.environment:checking '/home/rorremous/Development/ROS/movement/omni_navigation/install/omni_cartographer/bin'
[1.443s] Level 1:colcon.colcon_core.environment:checking '/home/rorremous/Development/ROS/movement/omni_navigation/install/omni_cartographer/lib/pkgconfig/omni_cartographer.pc'
[1.443s] Level 1:colcon.colcon_core.environment:checking '/home/rorremous/Development/ROS/movement/omni_navigation/install/omni_cartographer/lib/python3.10/site-packages'
[1.443s] Level 1:colcon.colcon_core.environment:checking '/home/rorremous/Development/ROS/movement/omni_navigation/install/omni_cartographer/bin'
[1.450s] INFO:colcon.colcon_core.shell:Creating package script '/home/rorremous/Development/ROS/movement/omni_navigation/install/omni_cartographer/share/omni_cartographer/package.ps1'
[1.451s] INFO:colcon.colcon_core.shell:Creating package descriptor '/home/rorremous/Development/ROS/movement/omni_navigation/install/omni_cartographer/share/omni_cartographer/package.dsv'
[1.451s] INFO:colcon.colcon_core.shell:Creating package script '/home/rorremous/Development/ROS/movement/omni_navigation/install/omni_cartographer/share/omni_cartographer/package.sh'
[1.451s] INFO:colcon.colcon_core.shell:Creating package script '/home/rorremous/Development/ROS/movement/omni_navigation/install/omni_cartographer/share/omni_cartographer/package.bash'
[1.452s] INFO:colcon.colcon_core.shell:Creating package script '/home/rorremous/Development/ROS/movement/omni_navigation/install/omni_cartographer/share/omni_cartographer/package.zsh'
[1.452s] Level 1:colcon.colcon_core.environment:create_file_with_runtime_dependencies(/home/rorremous/Development/ROS/movement/omni_navigation/install/omni_cartographer/share/colcon-core/packages/omni_cartographer)
[1.453s] Level 1:colcon.colcon_core.environment:create_environment_scripts_only(omni_robot_description)
[1.454s] DEBUG:colcon.colcon_core.event_handler.log_command:Invoked command in '/home/rorremous/Development/ROS/movement/omni_navigation/build/omni_robot_description' returned '0': CMAKE_PREFIX_PATH=/opt/ros/humble /usr/bin/cmake --install /home/rorremous/Development/ROS/movement/omni_navigation/build/omni_robot_description
[1.461s] Level 1:colcon.colcon_core.environment:checking '/home/rorremous/Development/ROS/movement/omni_navigation/install/omni_robot_description' for CMake module files
[1.462s] Level 1:colcon.colcon_core.environment:checking '/home/rorremous/Development/ROS/movement/omni_navigation/install/omni_robot_description' for CMake config files
[1.462s] Level 1:colcon.colcon_core.shell:create_environment_hook('omni_robot_description', 'cmake_prefix_path')
[1.469s] INFO:colcon.colcon_core.shell:Creating environment hook '/home/rorremous/Development/ROS/movement/omni_navigation/install/omni_robot_description/share/omni_robot_description/hook/cmake_prefix_path.ps1'
[1.469s] INFO:colcon.colcon_core.shell:Creating environment descriptor '/home/rorremous/Development/ROS/movement/omni_navigation/install/omni_robot_description/share/omni_robot_description/hook/cmake_prefix_path.dsv'
[1.469s] INFO:colcon.colcon_core.shell:Creating environment hook '/home/rorremous/Development/ROS/movement/omni_navigation/install/omni_robot_description/share/omni_robot_description/hook/cmake_prefix_path.sh'
[1.470s] Level 1:colcon.colcon_core.environment:checking '/home/rorremous/Development/ROS/movement/omni_navigation/install/omni_robot_description/bin'
[1.470s] Level 1:colcon.colcon_core.environment:checking '/home/rorremous/Development/ROS/movement/omni_navigation/install/omni_robot_description/lib/pkgconfig/omni_robot_description.pc'
[1.470s] Level 1:colcon.colcon_core.environment:checking '/home/rorremous/Development/ROS/movement/omni_navigation/install/omni_robot_description/lib/python3.10/site-packages'
[1.470s] Level 1:colcon.colcon_core.environment:checking '/home/rorremous/Development/ROS/movement/omni_navigation/install/omni_robot_description/bin'
[1.478s] INFO:colcon.colcon_core.shell:Creating package script '/home/rorremous/Development/ROS/movement/omni_navigation/install/omni_robot_description/share/omni_robot_description/package.ps1'
[1.478s] INFO:colcon.colcon_core.shell:Creating package descriptor '/home/rorremous/Development/ROS/movement/omni_navigation/install/omni_robot_description/share/omni_robot_description/package.dsv'
[1.478s] INFO:colcon.colcon_core.shell:Creating package script '/home/rorremous/Development/ROS/movement/omni_navigation/install/omni_robot_description/share/omni_robot_description/package.sh'
[1.478s] INFO:colcon.colcon_core.shell:Creating package script '/home/rorremous/Development/ROS/movement/omni_navigation/install/omni_robot_description/share/omni_robot_description/package.bash'
[1.479s] INFO:colcon.colcon_core.shell:Creating package script '/home/rorremous/Development/ROS/movement/omni_navigation/install/omni_robot_description/share/omni_robot_description/package.zsh'
[1.479s] Level 1:colcon.colcon_core.environment:create_file_with_runtime_dependencies(/home/rorremous/Development/ROS/movement/omni_navigation/install/omni_robot_description/share/colcon-core/packages/omni_robot_description)
[1.480s] Level 1:colcon.colcon_core.environment:create_environment_scripts_only(omni_control)
[1.480s] DEBUG:colcon.colcon_core.event_handler.log_command:Invoked command in '/home/rorremous/Development/ROS/movement/omni_navigation/build/omni_control' returned '0': CMAKE_PREFIX_PATH=/opt/ros/humble /usr/bin/cmake --install /home/rorremous/Development/ROS/movement/omni_navigation/build/omni_control
[1.487s] Level 1:colcon.colcon_core.environment:checking '/home/rorremous/Development/ROS/movement/omni_navigation/install/omni_control' for CMake module files
[1.488s] Level 1:colcon.colcon_core.environment:checking '/home/rorremous/Development/ROS/movement/omni_navigation/install/omni_control' for CMake config files
[1.488s] Level 1:colcon.colcon_core.shell:create_environment_hook('omni_control', 'cmake_prefix_path')
[1.496s] INFO:colcon.colcon_core.shell:Creating environment hook '/home/rorremous/Development/ROS/movement/omni_navigation/install/omni_control/share/omni_control/hook/cmake_prefix_path.ps1'
[1.497s] INFO:colcon.colcon_core.shell:Creating environment descriptor '/home/rorremous/Development/ROS/movement/omni_navigation/install/omni_control/share/omni_control/hook/cmake_prefix_path.dsv'
[1.497s] INFO:colcon.colcon_core.shell:Creating environment hook '/home/rorremous/Development/ROS/movement/omni_navigation/install/omni_control/share/omni_control/hook/cmake_prefix_path.sh'
[1.497s] Level 1:colcon.colcon_core.environment:checking '/home/rorremous/Development/ROS/movement/omni_navigation/install/omni_control/lib'
[1.498s] Level 1:colcon.colcon_core.environment:checking '/home/rorremous/Development/ROS/movement/omni_navigation/install/omni_control/bin'
[1.498s] Level 1:colcon.colcon_core.environment:checking '/home/rorremous/Development/ROS/movement/omni_navigation/install/omni_control/lib/pkgconfig/omni_control.pc'
[1.498s] Level 1:colcon.colcon_core.environment:checking '/home/rorremous/Development/ROS/movement/omni_navigation/install/omni_control/lib/python3.10/site-packages'
[1.498s] Level 1:colcon.colcon_core.environment:checking '/home/rorremous/Development/ROS/movement/omni_navigation/install/omni_control/bin'
[1.505s] INFO:colcon.colcon_core.shell:Creating package script '/home/rorremous/Development/ROS/movement/omni_navigation/install/omni_control/share/omni_control/package.ps1'
[1.505s] INFO:colcon.colcon_core.shell:Creating package descriptor '/home/rorremous/Development/ROS/movement/omni_navigation/install/omni_control/share/omni_control/package.dsv'
[1.506s] INFO:colcon.colcon_core.shell:Creating package script '/home/rorremous/Development/ROS/movement/omni_navigation/install/omni_control/share/omni_control/package.sh'
[1.506s] INFO:colcon.colcon_core.shell:Creating package script '/home/rorremous/Development/ROS/movement/omni_navigation/install/omni_control/share/omni_control/package.bash'
[1.506s] INFO:colcon.colcon_core.shell:Creating package script '/home/rorremous/Development/ROS/movement/omni_navigation/install/omni_control/share/omni_control/package.zsh'
[1.506s] Level 1:colcon.colcon_core.environment:create_file_with_runtime_dependencies(/home/rorremous/Development/ROS/movement/omni_navigation/install/omni_control/share/colcon-core/packages/omni_control)
[1.515s] Level 1:colcon.colcon_core.environment:create_environment_scripts_only(omni_cartographer)
[1.522s] Level 1:colcon.colcon_core.environment:checking '/home/rorremous/Development/ROS/movement/omni_navigation/install/omni_cartographer' for CMake module files
[1.523s] Level 1:colcon.colcon_core.environment:checking '/home/rorremous/Development/ROS/movement/omni_navigation/install/omni_cartographer' for CMake config files
[1.523s] Level 1:colcon.colcon_core.shell:create_environment_hook('omni_cartographer', 'cmake_prefix_path')
[1.530s] INFO:colcon.colcon_core.shell:Creating environment hook '/home/rorremous/Development/ROS/movement/omni_navigation/install/omni_cartographer/share/omni_cartographer/hook/cmake_prefix_path.ps1'
[1.530s] INFO:colcon.colcon_core.shell:Creating environment descriptor '/home/rorremous/Development/ROS/movement/omni_navigation/install/omni_cartographer/share/omni_cartographer/hook/cmake_prefix_path.dsv'
[1.531s] INFO:colcon.colcon_core.shell:Creating environment hook '/home/rorremous/Development/ROS/movement/omni_navigation/install/omni_cartographer/share/omni_cartographer/hook/cmake_prefix_path.sh'
[1.531s] Level 1:colcon.colcon_core.environment:checking '/home/rorremous/Development/ROS/movement/omni_navigation/install/omni_cartographer/bin'
[1.531s] Level 1:colcon.colcon_core.environment:checking '/home/rorremous/Development/ROS/movement/omni_navigation/install/omni_cartographer/lib/pkgconfig/omni_cartographer.pc'
[1.531s] Level 1:colcon.colcon_core.environment:checking '/home/rorremous/Development/ROS/movement/omni_navigation/install/omni_cartographer/lib/python3.10/site-packages'
[1.531s] Level 1:colcon.colcon_core.environment:checking '/home/rorremous/Development/ROS/movement/omni_navigation/install/omni_cartographer/bin'
[1.538s] INFO:colcon.colcon_core.shell:Creating package script '/home/rorremous/Development/ROS/movement/omni_navigation/install/omni_cartographer/share/omni_cartographer/package.ps1'
[1.539s] INFO:colcon.colcon_core.shell:Creating package descriptor '/home/rorremous/Development/ROS/movement/omni_navigation/install/omni_cartographer/share/omni_cartographer/package.dsv'
[1.539s] INFO:colcon.colcon_core.shell:Creating package script '/home/rorremous/Development/ROS/movement/omni_navigation/install/omni_cartographer/share/omni_cartographer/package.sh'
[1.539s] INFO:colcon.colcon_core.shell:Creating package script '/home/rorremous/Development/ROS/movement/omni_navigation/install/omni_cartographer/share/omni_cartographer/package.bash'
[1.539s] INFO:colcon.colcon_core.shell:Creating package script '/home/rorremous/Development/ROS/movement/omni_navigation/install/omni_cartographer/share/omni_cartographer/package.zsh'
[1.539s] Level 1:colcon.colcon_core.environment:create_file_with_runtime_dependencies(/home/rorremous/Development/ROS/movement/omni_navigation/install/omni_cartographer/share/colcon-core/packages/omni_cartographer)
[1.548s] Level 1:colcon.colcon_core.environment:create_environment_scripts_only(omni_robot_description)
[1.557s] Level 1:colcon.colcon_core.environment:checking '/home/rorremous/Development/ROS/movement/omni_navigation/install/omni_robot_description' for CMake module files
[1.557s] Level 1:colcon.colcon_core.environment:checking '/home/rorremous/Development/ROS/movement/omni_navigation/install/omni_robot_description' for CMake config files
[1.557s] Level 1:colcon.colcon_core.shell:create_environment_hook('omni_robot_description', 'cmake_prefix_path')
[1.565s] INFO:colcon.colcon_core.shell:Creating environment hook '/home/rorremous/Development/ROS/movement/omni_navigation/install/omni_robot_description/share/omni_robot_description/hook/cmake_prefix_path.ps1'
[1.565s] INFO:colcon.colcon_core.shell:Creating environment descriptor '/home/rorremous/Development/ROS/movement/omni_navigation/install/omni_robot_description/share/omni_robot_description/hook/cmake_prefix_path.dsv'
[1.566s] INFO:colcon.colcon_core.shell:Creating environment hook '/home/rorremous/Development/ROS/movement/omni_navigation/install/omni_robot_description/share/omni_robot_description/hook/cmake_prefix_path.sh'
[1.566s] Level 1:colcon.colcon_core.environment:checking '/home/rorremous/Development/ROS/movement/omni_navigation/install/omni_robot_description/bin'
[1.566s] Level 1:colcon.colcon_core.environment:checking '/home/rorremous/Development/ROS/movement/omni_navigation/install/omni_robot_description/lib/pkgconfig/omni_robot_description.pc'
[1.566s] Level 1:colcon.colcon_core.environment:checking '/home/rorremous/Development/ROS/movement/omni_navigation/install/omni_robot_description/lib/python3.10/site-packages'
[1.566s] Level 1:colcon.colcon_core.environment:checking '/home/rorremous/Development/ROS/movement/omni_navigation/install/omni_robot_description/bin'
[1.574s] INFO:colcon.colcon_core.shell:Creating package script '/home/rorremous/Development/ROS/movement/omni_navigation/install/omni_robot_description/share/omni_robot_description/package.ps1'
[1.575s] INFO:colcon.colcon_core.shell:Creating package descriptor '/home/rorremous/Development/ROS/movement/omni_navigation/install/omni_robot_description/share/omni_robot_description/package.dsv'
[1.575s] INFO:colcon.colcon_core.shell:Creating package script '/home/rorremous/Development/ROS/movement/omni_navigation/install/omni_robot_description/share/omni_robot_description/package.sh'
[1.575s] INFO:colcon.colcon_core.shell:Creating package script '/home/rorremous/Development/ROS/movement/omni_navigation/install/omni_robot_description/share/omni_robot_description/package.bash'
[1.575s] INFO:colcon.colcon_core.shell:Creating package script '/home/rorremous/Development/ROS/movement/omni_navigation/install/omni_robot_description/share/omni_robot_description/package.zsh'
[1.575s] Level 1:colcon.colcon_core.environment:create_file_with_runtime_dependencies(/home/rorremous/Development/ROS/movement/omni_navigation/install/omni_robot_description/share/colcon-core/packages/omni_robot_description)
[1.584s] Level 1:colcon.colcon_core.environment:create_environment_scripts_only(omni_control)
[1.591s] Level 1:colcon.colcon_core.environment:checking '/home/rorremous/Development/ROS/movement/omni_navigation/install/omni_control' for CMake module files
[1.591s] Level 1:colcon.colcon_core.environment:checking '/home/rorremous/Development/ROS/movement/omni_navigation/install/omni_control' for CMake config files
[1.591s] Level 1:colcon.colcon_core.shell:create_environment_hook('omni_control', 'cmake_prefix_path')
[1.599s] INFO:colcon.colcon_core.shell:Creating environment hook '/home/rorremous/Development/ROS/movement/omni_navigation/install/omni_control/share/omni_control/hook/cmake_prefix_path.ps1'
[1.600s] INFO:colcon.colcon_core.shell:Creating environment descriptor '/home/rorremous/Development/ROS/movement/omni_navigation/install/omni_control/share/omni_control/hook/cmake_prefix_path.dsv'
[1.600s] INFO:colcon.colcon_core.shell:Creating environment hook '/home/rorremous/Development/ROS/movement/omni_navigation/install/omni_control/share/omni_control/hook/cmake_prefix_path.sh'
[1.600s] Level 1:colcon.colcon_core.environment:checking '/home/rorremous/Development/ROS/movement/omni_navigation/install/omni_control/lib'
[1.600s] Level 1:colcon.colcon_core.environment:checking '/home/rorremous/Development/ROS/movement/omni_navigation/install/omni_control/bin'
[1.600s] Level 1:colcon.colcon_core.environment:checking '/home/rorremous/Development/ROS/movement/omni_navigation/install/omni_control/lib/pkgconfig/omni_control.pc'
[1.601s] Level 1:colcon.colcon_core.environment:checking '/home/rorremous/Development/ROS/movement/omni_navigation/install/omni_control/lib/python3.10/site-packages'
[1.601s] Level 1:colcon.colcon_core.environment:checking '/home/rorremous/Development/ROS/movement/omni_navigation/install/omni_control/bin'
[1.610s] INFO:colcon.colcon_core.shell:Creating package script '/home/rorremous/Development/ROS/movement/omni_navigation/install/omni_control/share/omni_control/package.ps1'
[1.610s] INFO:colcon.colcon_core.shell:Creating package descriptor '/home/rorremous/Development/ROS/movement/omni_navigation/install/omni_control/share/omni_control/package.dsv'
[1.611s] INFO:colcon.colcon_core.shell:Creating package script '/home/rorremous/Development/ROS/movement/omni_navigation/install/omni_control/share/omni_control/package.sh'
[1.611s] INFO:colcon.colcon_core.shell:Creating package script '/home/rorremous/Development/ROS/movement/omni_navigation/install/omni_control/share/omni_control/package.bash'
[1.611s] INFO:colcon.colcon_core.shell:Creating package script '/home/rorremous/Development/ROS/movement/omni_navigation/install/omni_control/share/omni_control/package.zsh'
[1.611s] Level 1:colcon.colcon_core.environment:create_file_with_runtime_dependencies(/home/rorremous/Development/ROS/movement/omni_navigation/install/omni_control/share/colcon-core/packages/omni_control)
[2.236s] DEBUG:colcon.colcon_core.event_handler.log_command:Invoked command in '/home/rorremous/Development/ROS/movement/omni_navigation/build/rf2o_laser_odometry' returned '0': CMAKE_PREFIX_PATH=/opt/ros/humble /usr/bin/cmake /home/rorremous/Development/ROS/movement/omni_navigation/src/rf2o_laser_odometry -DCMAKE_INSTALL_PREFIX=/home/rorremous/Development/ROS/movement/omni_navigation/install/rf2o_laser_odometry
[2.237s] DEBUG:colcon.colcon_core.event_handler.log_command:Invoking command in '/home/rorremous/Development/ROS/movement/omni_navigation/build/rf2o_laser_odometry': CMAKE_PREFIX_PATH=/opt/ros/humble /usr/bin/cmake --build /home/rorremous/Development/ROS/movement/omni_navigation/build/rf2o_laser_odometry -- -j16 -l16
[2.794s] DEBUG:colcon.colcon_core.event_handler.log_command:Invoked command in '/home/rorremous/Development/ROS/movement/omni_navigation/build/gazebo_simulation' returned '0': CMAKE_PREFIX_PATH=/opt/ros/humble /usr/bin/cmake /home/rorremous/Development/ROS/movement/omni_navigation/src/gazebo_simulation -DCMAKE_INSTALL_PREFIX=/home/rorremous/Development/ROS/movement/omni_navigation/install/gazebo_simulation
[2.795s] DEBUG:colcon.colcon_core.event_handler.log_command:Invoking command in '/home/rorremous/Development/ROS/movement/omni_navigation/build/gazebo_simulation': CMAKE_PREFIX_PATH=/opt/ros/humble /usr/bin/cmake --build /home/rorremous/Development/ROS/movement/omni_navigation/build/gazebo_simulation -- -j16 -l16
[2.832s] DEBUG:colcon.colcon_core.event_handler.log_command:Invoked command in '/home/rorremous/Development/ROS/movement/omni_navigation/build/gazebo_simulation' returned '0': CMAKE_PREFIX_PATH=/opt/ros/humble /usr/bin/cmake --build /home/rorremous/Development/ROS/movement/omni_navigation/build/gazebo_simulation -- -j16 -l16
[2.856s] DEBUG:colcon.colcon_core.event_handler.log_command:Invoking command in '/home/rorremous/Development/ROS/movement/omni_navigation/build/gazebo_simulation': CMAKE_PREFIX_PATH=/opt/ros/humble /usr/bin/cmake --install /home/rorremous/Development/ROS/movement/omni_navigation/build/gazebo_simulation
[2.874s] Level 1:colcon.colcon_core.environment:create_environment_scripts_only(gazebo_simulation)
[2.874s] DEBUG:colcon.colcon_core.event_handler.log_command:Invoked command in '/home/rorremous/Development/ROS/movement/omni_navigation/build/gazebo_simulation' returned '0': CMAKE_PREFIX_PATH=/opt/ros/humble /usr/bin/cmake --install /home/rorremous/Development/ROS/movement/omni_navigation/build/gazebo_simulation
[2.883s] Level 1:colcon.colcon_core.environment:checking '/home/rorremous/Development/ROS/movement/omni_navigation/install/gazebo_simulation' for CMake module files
[2.883s] Level 1:colcon.colcon_core.environment:checking '/home/rorremous/Development/ROS/movement/omni_navigation/install/gazebo_simulation' for CMake config files
[2.883s] Level 1:colcon.colcon_core.shell:create_environment_hook('gazebo_simulation', 'cmake_prefix_path')
[2.891s] INFO:colcon.colcon_core.shell:Creating environment hook '/home/rorremous/Development/ROS/movement/omni_navigation/install/gazebo_simulation/share/gazebo_simulation/hook/cmake_prefix_path.ps1'
[2.891s] INFO:colcon.colcon_core.shell:Creating environment descriptor '/home/rorremous/Development/ROS/movement/omni_navigation/install/gazebo_simulation/share/gazebo_simulation/hook/cmake_prefix_path.dsv'
[2.892s] INFO:colcon.colcon_core.shell:Creating environment hook '/home/rorremous/Development/ROS/movement/omni_navigation/install/gazebo_simulation/share/gazebo_simulation/hook/cmake_prefix_path.sh'
[2.892s] Level 1:colcon.colcon_core.environment:checking '/home/rorremous/Development/ROS/movement/omni_navigation/install/gazebo_simulation/lib'
[2.892s] Level 1:colcon.colcon_core.environment:checking '/home/rorremous/Development/ROS/movement/omni_navigation/install/gazebo_simulation/bin'
[2.892s] Level 1:colcon.colcon_core.environment:checking '/home/rorremous/Development/ROS/movement/omni_navigation/install/gazebo_simulation/lib/pkgconfig/gazebo_simulation.pc'
[2.892s] Level 1:colcon.colcon_core.environment:checking '/home/rorremous/Development/ROS/movement/omni_navigation/install/gazebo_simulation/lib/python3.10/site-packages'
[2.893s] Level 1:colcon.colcon_core.environment:checking '/home/rorremous/Development/ROS/movement/omni_navigation/install/gazebo_simulation/bin'
[2.901s] INFO:colcon.colcon_core.shell:Creating package script '/home/rorremous/Development/ROS/movement/omni_navigation/install/gazebo_simulation/share/gazebo_simulation/package.ps1'
[2.901s] INFO:colcon.colcon_core.shell:Creating package descriptor '/home/rorremous/Development/ROS/movement/omni_navigation/install/gazebo_simulation/share/gazebo_simulation/package.dsv'
[2.901s] INFO:colcon.colcon_core.shell:Creating package script '/home/rorremous/Development/ROS/movement/omni_navigation/install/gazebo_simulation/share/gazebo_simulation/package.sh'
[2.901s] INFO:colcon.colcon_core.shell:Creating package script '/home/rorremous/Development/ROS/movement/omni_navigation/install/gazebo_simulation/share/gazebo_simulation/package.bash'
[2.902s] INFO:colcon.colcon_core.shell:Creating package script '/home/rorremous/Development/ROS/movement/omni_navigation/install/gazebo_simulation/share/gazebo_simulation/package.zsh'
[2.902s] Level 1:colcon.colcon_core.environment:create_file_with_runtime_dependencies(/home/rorremous/Development/ROS/movement/omni_navigation/install/gazebo_simulation/share/colcon-core/packages/gazebo_simulation)
[2.932s] Level 1:colcon.colcon_core.environment:create_environment_scripts_only(gazebo_simulation)
[2.939s] Level 1:colcon.colcon_core.environment:checking '/home/rorremous/Development/ROS/movement/omni_navigation/install/gazebo_simulation' for CMake module files
[2.940s] Level 1:colcon.colcon_core.environment:checking '/home/rorremous/Development/ROS/movement/omni_navigation/install/gazebo_simulation' for CMake config files
[2.940s] Level 1:colcon.colcon_core.shell:create_environment_hook('gazebo_simulation', 'cmake_prefix_path')
[2.948s] INFO:colcon.colcon_core.shell:Creating environment hook '/home/rorremous/Development/ROS/movement/omni_navigation/install/gazebo_simulation/share/gazebo_simulation/hook/cmake_prefix_path.ps1'
[2.949s] INFO:colcon.colcon_core.shell:Creating environment descriptor '/home/rorremous/Development/ROS/movement/omni_navigation/install/gazebo_simulation/share/gazebo_simulation/hook/cmake_prefix_path.dsv'
[2.949s] INFO:colcon.colcon_core.shell:Creating environment hook '/home/rorremous/Development/ROS/movement/omni_navigation/install/gazebo_simulation/share/gazebo_simulation/hook/cmake_prefix_path.sh'
[2.949s] Level 1:colcon.colcon_core.environment:checking '/home/rorremous/Development/ROS/movement/omni_navigation/install/gazebo_simulation/lib'
[2.949s] Level 1:colcon.colcon_core.environment:checking '/home/rorremous/Development/ROS/movement/omni_navigation/install/gazebo_simulation/bin'
[2.949s] Level 1:colcon.colcon_core.environment:checking '/home/rorremous/Development/ROS/movement/omni_navigation/install/gazebo_simulation/lib/pkgconfig/gazebo_simulation.pc'
[2.949s] Level 1:colcon.colcon_core.environment:checking '/home/rorremous/Development/ROS/movement/omni_navigation/install/gazebo_simulation/lib/python3.10/site-packages'
[2.949s] Level 1:colcon.colcon_core.environment:checking '/home/rorremous/Development/ROS/movement/omni_navigation/install/gazebo_simulation/bin'
[2.957s] INFO:colcon.colcon_core.shell:Creating package script '/home/rorremous/Development/ROS/movement/omni_navigation/install/gazebo_simulation/share/gazebo_simulation/package.ps1'
[2.957s] INFO:colcon.colcon_core.shell:Creating package descriptor '/home/rorremous/Development/ROS/movement/omni_navigation/install/gazebo_simulation/share/gazebo_simulation/package.dsv'
[2.958s] INFO:colcon.colcon_core.shell:Creating package script '/home/rorremous/Development/ROS/movement/omni_navigation/install/gazebo_simulation/share/gazebo_simulation/package.sh'
[2.958s] INFO:colcon.colcon_core.shell:Creating package script '/home/rorremous/Development/ROS/movement/omni_navigation/install/gazebo_simulation/share/gazebo_simulation/package.bash'
[2.958s] INFO:colcon.colcon_core.shell:Creating package script '/home/rorremous/Development/ROS/movement/omni_navigation/install/gazebo_simulation/share/gazebo_simulation/package.zsh'
[2.958s] Level 1:colcon.colcon_core.environment:create_file_with_runtime_dependencies(/home/rorremous/Development/ROS/movement/omni_navigation/install/gazebo_simulation/share/colcon-core/packages/gazebo_simulation)
[17.879s] DEBUG:colcon.colcon_core.event_handler.log_command:Invoked command in '/home/rorremous/Development/ROS/movement/omni_navigation/build/rf2o_laser_odometry' returned '0': CMAKE_PREFIX_PATH=/opt/ros/humble /usr/bin/cmake --build /home/rorremous/Development/ROS/movement/omni_navigation/build/rf2o_laser_odometry -- -j16 -l16
[17.914s] DEBUG:colcon.colcon_core.event_handler.log_command:Invoking command in '/home/rorremous/Development/ROS/movement/omni_navigation/build/rf2o_laser_odometry': CMAKE_PREFIX_PATH=/opt/ros/humble /usr/bin/cmake --install /home/rorremous/Development/ROS/movement/omni_navigation/build/rf2o_laser_odometry
[17.936s] Level 1:colcon.colcon_core.environment:create_environment_scripts_only(rf2o_laser_odometry)
[17.936s] DEBUG:colcon.colcon_core.event_handler.log_command:Invoked command in '/home/rorremous/Development/ROS/movement/omni_navigation/build/rf2o_laser_odometry' returned '0': CMAKE_PREFIX_PATH=/opt/ros/humble /usr/bin/cmake --install /home/rorremous/Development/ROS/movement/omni_navigation/build/rf2o_laser_odometry
[17.954s] Level 1:colcon.colcon_core.environment:checking '/home/rorremous/Development/ROS/movement/omni_navigation/install/rf2o_laser_odometry' for CMake module files
[17.955s] Level 1:colcon.colcon_core.environment:checking '/home/rorremous/Development/ROS/movement/omni_navigation/install/rf2o_laser_odometry' for CMake config files
[17.955s] Level 1:colcon.colcon_core.shell:create_environment_hook('rf2o_laser_odometry', 'cmake_prefix_path')
[17.962s] INFO:colcon.colcon_core.shell:Creating environment hook '/home/rorremous/Development/ROS/movement/omni_navigation/install/rf2o_laser_odometry/share/rf2o_laser_odometry/hook/cmake_prefix_path.ps1'
[17.962s] INFO:colcon.colcon_core.shell:Creating environment descriptor '/home/rorremous/Development/ROS/movement/omni_navigation/install/rf2o_laser_odometry/share/rf2o_laser_odometry/hook/cmake_prefix_path.dsv'
[17.962s] INFO:colcon.colcon_core.shell:Creating environment hook '/home/rorremous/Development/ROS/movement/omni_navigation/install/rf2o_laser_odometry/share/rf2o_laser_odometry/hook/cmake_prefix_path.sh'
[17.962s] Level 1:colcon.colcon_core.environment:checking '/home/rorremous/Development/ROS/movement/omni_navigation/install/rf2o_laser_odometry/lib'
[17.962s] Level 1:colcon.colcon_core.environment:checking '/home/rorremous/Development/ROS/movement/omni_navigation/install/rf2o_laser_odometry/bin'
[17.962s] Level 1:colcon.colcon_core.environment:checking '/home/rorremous/Development/ROS/movement/omni_navigation/install/rf2o_laser_odometry/lib/pkgconfig/rf2o_laser_odometry.pc'
[17.962s] Level 1:colcon.colcon_core.environment:checking '/home/rorremous/Development/ROS/movement/omni_navigation/install/rf2o_laser_odometry/lib/python3.10/site-packages'
[17.963s] Level 1:colcon.colcon_core.environment:checking '/home/rorremous/Development/ROS/movement/omni_navigation/install/rf2o_laser_odometry/bin'
[17.969s] INFO:colcon.colcon_core.shell:Creating package script '/home/rorremous/Development/ROS/movement/omni_navigation/install/rf2o_laser_odometry/share/rf2o_laser_odometry/package.ps1'
[17.969s] INFO:colcon.colcon_core.shell:Creating package descriptor '/home/rorremous/Development/ROS/movement/omni_navigation/install/rf2o_laser_odometry/share/rf2o_laser_odometry/package.dsv'
[17.969s] INFO:colcon.colcon_core.shell:Creating package script '/home/rorremous/Development/ROS/movement/omni_navigation/install/rf2o_laser_odometry/share/rf2o_laser_odometry/package.sh'
[17.969s] INFO:colcon.colcon_core.shell:Creating package script '/home/rorremous/Development/ROS/movement/omni_navigation/install/rf2o_laser_odometry/share/rf2o_laser_odometry/package.bash'
[17.969s] INFO:colcon.colcon_core.shell:Creating package script '/home/rorremous/Development/ROS/movement/omni_navigation/install/rf2o_laser_odometry/share/rf2o_laser_odometry/package.zsh'
[17.970s] Level 1:colcon.colcon_core.environment:create_file_with_runtime_dependencies(/home/rorremous/Development/ROS/movement/omni_navigation/install/rf2o_laser_odometry/share/colcon-core/packages/rf2o_laser_odometry)
[18.007s] Level 1:colcon.colcon_core.environment:create_environment_scripts_only(rf2o_laser_odometry)
[18.013s] Level 1:colcon.colcon_core.environment:checking '/home/rorremous/Development/ROS/movement/omni_navigation/install/rf2o_laser_odometry' for CMake module files
[18.014s] Level 1:colcon.colcon_core.environment:checking '/home/rorremous/Development/ROS/movement/omni_navigation/install/rf2o_laser_odometry' for CMake config files
[18.014s] Level 1:colcon.colcon_core.shell:create_environment_hook('rf2o_laser_odometry', 'cmake_prefix_path')
[18.020s] INFO:colcon.colcon_core.shell:Creating environment hook '/home/rorremous/Development/ROS/movement/omni_navigation/install/rf2o_laser_odometry/share/rf2o_laser_odometry/hook/cmake_prefix_path.ps1'
[18.020s] INFO:colcon.colcon_core.shell:Creating environment descriptor '/home/rorremous/Development/ROS/movement/omni_navigation/install/rf2o_laser_odometry/share/rf2o_laser_odometry/hook/cmake_prefix_path.dsv'
[18.021s] INFO:colcon.colcon_core.shell:Creating environment hook '/home/rorremous/Development/ROS/movement/omni_navigation/install/rf2o_laser_odometry/share/rf2o_laser_odometry/hook/cmake_prefix_path.sh'
[18.021s] Level 1:colcon.colcon_core.environment:checking '/home/rorremous/Development/ROS/movement/omni_navigation/install/rf2o_laser_odometry/lib'
[18.021s] Level 1:colcon.colcon_core.environment:checking '/home/rorremous/Development/ROS/movement/omni_navigation/install/rf2o_laser_odometry/bin'
[18.021s] Level 1:colcon.colcon_core.environment:checking '/home/rorremous/Development/ROS/movement/omni_navigation/install/rf2o_laser_odometry/lib/pkgconfig/rf2o_laser_odometry.pc'
[18.021s] Level 1:colcon.colcon_core.environment:checking '/home/rorremous/Development/ROS/movement/omni_navigation/install/rf2o_laser_odometry/lib/python3.10/site-packages'
[18.021s] Level 1:colcon.colcon_core.environment:checking '/home/rorremous/Development/ROS/movement/omni_navigation/install/rf2o_laser_odometry/bin'
[18.028s] INFO:colcon.colcon_core.shell:Creating package script '/home/rorremous/Development/ROS/movement/omni_navigation/install/rf2o_laser_odometry/share/rf2o_laser_odometry/package.ps1'
[18.028s] INFO:colcon.colcon_core.shell:Creating package descriptor '/home/rorremous/Development/ROS/movement/omni_navigation/install/rf2o_laser_odometry/share/rf2o_laser_odometry/package.dsv'
[18.028s] INFO:colcon.colcon_core.shell:Creating package script '/home/rorremous/Development/ROS/movement/omni_navigation/install/rf2o_laser_odometry/share/rf2o_laser_odometry/package.sh'
[18.029s] INFO:colcon.colcon_core.shell:Creating package script '/home/rorremous/Development/ROS/movement/omni_navigation/install/rf2o_laser_odometry/share/rf2o_laser_odometry/package.bash'
[18.029s] INFO:colcon.colcon_core.shell:Creating package script '/home/rorremous/Development/ROS/movement/omni_navigation/install/rf2o_laser_odometry/share/rf2o_laser_odometry/package.zsh'
[18.029s] Level 1:colcon.colcon_core.environment:create_file_with_runtime_dependencies(/home/rorremous/Development/ROS/movement/omni_navigation/install/rf2o_laser_odometry/share/colcon-core/packages/rf2o_laser_odometry)
[18.029s] DEBUG:colcon.colcon_parallel_executor.executor.parallel:closing loop
[18.029s] DEBUG:colcon.colcon_parallel_executor.executor.parallel:loop closed
[18.029s] DEBUG:colcon.colcon_parallel_executor.executor.parallel:run_until_complete finished with '0'
[18.030s] DEBUG:colcon.colcon_core.event_reactor:joining thread
[18.041s] INFO:colcon.colcon_core.plugin_system:Skipping extension 'colcon_notification.desktop_notification.terminal_notifier': Not used on non-Darwin systems
[18.042s] INFO:colcon.colcon_core.plugin_system:Skipping extension 'colcon_notification.desktop_notification.win32': Not used on non-Windows systems
[18.042s] INFO:colcon.colcon_notification.desktop_notification:Sending desktop notification using 'notify2'
[18.050s] DEBUG:colcon.colcon_core.event_reactor:joined thread
[18.058s] INFO:colcon.colcon_core.shell:Creating prefix script '/home/rorremous/Development/ROS/movement/omni_navigation/install/local_setup.ps1'
[18.059s] INFO:colcon.colcon_core.shell:Creating prefix util module '/home/rorremous/Development/ROS/movement/omni_navigation/install/_local_setup_util_ps1.py'
[18.060s] INFO:colcon.colcon_core.shell:Creating prefix chain script '/home/rorremous/Development/ROS/movement/omni_navigation/install/setup.ps1'
[18.069s] INFO:colcon.colcon_core.shell:Creating prefix script '/home/rorremous/Development/ROS/movement/omni_navigation/install/local_setup.sh'
[18.069s] INFO:colcon.colcon_core.shell:Creating prefix util module '/home/rorremous/Development/ROS/movement/omni_navigation/install/_local_setup_util_sh.py'
[18.069s] INFO:colcon.colcon_core.shell:Creating prefix chain script '/home/rorremous/Development/ROS/movement/omni_navigation/install/setup.sh'
[18.076s] INFO:colcon.colcon_core.shell:Creating prefix script '/home/rorremous/Development/ROS/movement/omni_navigation/install/local_setup.bash'
[18.077s] INFO:colcon.colcon_core.shell:Creating prefix chain script '/home/rorremous/Development/ROS/movement/omni_navigation/install/setup.bash'
[18.084s] INFO:colcon.colcon_core.shell:Creating prefix script '/home/rorremous/Development/ROS/movement/omni_navigation/install/local_setup.zsh'
[18.084s] INFO:colcon.colcon_core.shell:Creating prefix chain script '/home/rorremous/Development/ROS/movement/omni_navigation/install/setup.zsh'
