[0.056s] Invoking command in '/home/rorremous/Development/ROS/movement/omni_navigation/build/omni_robot_description': CMAKE_PREFIX_PATH=/opt/ros/humble /usr/bin/cmake /home/rorremous/Development/ROS/movement/omni_navigation/src/omni_robot_description -DCMAKE_INSTALL_PREFIX=/home/rorremous/Development/ROS/movement/omni_navigation/install/omni_robot_description
[0.164s] -- The C compiler identification is GNU 11.4.0
[0.239s] -- The CXX compiler identification is GNU 11.4.0
[0.247s] -- Detecting C compiler ABI info
[0.304s] -- Detecting C compiler ABI info - done
[0.307s] -- Check for working C compiler: /usr/bin/cc - skipped
[0.308s] -- Detecting C compile features
[0.308s] -- Detecting C compile features - done
[0.311s] -- Detecting CXX compiler ABI info
[0.373s] -- Detecting CXX compiler ABI info - done
[0.377s] -- Check for working CXX compiler: /usr/bin/c++ - skipped
[0.377s] -- Detecting CXX compile features
[0.377s] -- Detecting CXX compile features - done
[0.382s] -- Found ament_cmake: 1.3.5 (/opt/ros/humble/share/ament_cmake/cmake)
[0.501s] -- Found Python3: /usr/bin/python3.10 (found version "3.10.12") found components: Interpreter 
[0.572s] -- Found ament_lint_auto: 0.12.8 (/opt/ros/humble/share/ament_lint_auto/cmake)
[0.628s] -- Added test 'copyright' to check source files copyright and LICENSE
[0.632s] -- Added test 'lint_cmake' to check CMake code style
[0.634s] -- Added test 'xmllint' to check XML markup files
[0.635s] -- Configuring done
[0.637s] -- Generating done
[0.638s] -- Build files have been written to: /home/rorremous/Development/ROS/movement/omni_navigation/build/omni_robot_description
[0.642s] Invoked command in '/home/rorremous/Development/ROS/movement/omni_navigation/build/omni_robot_description' returned '0': CMAKE_PREFIX_PATH=/opt/ros/humble /usr/bin/cmake /home/rorremous/Development/ROS/movement/omni_navigation/src/omni_robot_description -DCMAKE_INSTALL_PREFIX=/home/rorremous/Development/ROS/movement/omni_navigation/install/omni_robot_description
[0.643s] Invoking command in '/home/rorremous/Development/ROS/movement/omni_navigation/build/omni_robot_description': CMAKE_PREFIX_PATH=/opt/ros/humble /usr/bin/cmake --build /home/rorremous/Development/ROS/movement/omni_navigation/build/omni_robot_description -- -j16 -l16
[0.672s] Invoked command in '/home/rorremous/Development/ROS/movement/omni_navigation/build/omni_robot_description' returned '0': CMAKE_PREFIX_PATH=/opt/ros/humble /usr/bin/cmake --build /home/rorremous/Development/ROS/movement/omni_navigation/build/omni_robot_description -- -j16 -l16
[0.688s] Invoking command in '/home/rorremous/Development/ROS/movement/omni_navigation/build/omni_robot_description': CMAKE_PREFIX_PATH=/opt/ros/humble /usr/bin/cmake --install /home/rorremous/Development/ROS/movement/omni_navigation/build/omni_robot_description
[0.694s] -- Install configuration: ""
[0.694s] -- Installing: /home/rorremous/Development/ROS/movement/omni_navigation/install/omni_robot_description/share/omni_robot_description/robots
[0.694s] -- Installing: /home/rorremous/Development/ROS/movement/omni_navigation/install/omni_robot_description/share/omni_robot_description/robots/rs_robot.urdf
[0.694s] -- Installing: /home/rorremous/Development/ROS/movement/omni_navigation/install/omni_robot_description/share/omni_robot_description/robots/omni_robot.urdf.xacro
[0.694s] -- Installing: /home/rorremous/Development/ROS/movement/omni_navigation/install/omni_robot_description/share/omni_robot_description/robots/robot.sdf
[0.694s] -- Installing: /home/rorremous/Development/ROS/movement/omni_navigation/install/omni_robot_description/share/omni_robot_description/urdf
[0.695s] -- Installing: /home/rorremous/Development/ROS/movement/omni_navigation/install/omni_robot_description/share/omni_robot_description/urdf/lrf
[0.695s] -- Installing: /home/rorremous/Development/ROS/movement/omni_navigation/install/omni_robot_description/share/omni_robot_description/urdf/lrf/lrf.gazebo.xacro
[0.695s] -- Installing: /home/rorremous/Development/ROS/movement/omni_navigation/install/omni_robot_description/share/omni_robot_description/urdf/lrf/lrf.urdf.xacro
[0.695s] -- Installing: /home/rorremous/Development/ROS/movement/omni_navigation/install/omni_robot_description/share/omni_robot_description/urdf/omni_wheel
[0.695s] -- Installing: /home/rorremous/Development/ROS/movement/omni_navigation/install/omni_robot_description/share/omni_robot_description/urdf/omni_wheel/omni_wheel.urdf.xacro
[0.695s] -- Installing: /home/rorremous/Development/ROS/movement/omni_navigation/install/omni_robot_description/share/omni_robot_description/urdf/omni_wheel/omni_wheel.gazebo.xacro
[0.695s] -- Installing: /home/rorremous/Development/ROS/movement/omni_navigation/install/omni_robot_description/share/omni_robot_description/urdf/omni_wheel/omni_wheel.transmission.xacro
[0.695s] -- Installing: /home/rorremous/Development/ROS/movement/omni_navigation/install/omni_robot_description/share/omni_robot_description/urdf/base
[0.695s] -- Installing: /home/rorremous/Development/ROS/movement/omni_navigation/install/omni_robot_description/share/omni_robot_description/urdf/base/base.urdf.xacro
[0.695s] -- Installing: /home/rorremous/Development/ROS/movement/omni_navigation/install/omni_robot_description/share/omni_robot_description/urdf/base/base.gazebo.xacro
[0.695s] -- Installing: /home/rorremous/Development/ROS/movement/omni_navigation/install/omni_robot_description/share/omni_robot_description/urdf/roller
[0.695s] -- Installing: /home/rorremous/Development/ROS/movement/omni_navigation/install/omni_robot_description/share/omni_robot_description/urdf/roller/roller.urdf.xacro
[0.695s] -- Installing: /home/rorremous/Development/ROS/movement/omni_navigation/install/omni_robot_description/share/omni_robot_description/urdf/roller/roller.gazebo.xacro
[0.695s] -- Installing: /home/rorremous/Development/ROS/movement/omni_navigation/install/omni_robot_description/share/omni_robot_description/urdf/roller/roller.transmission.xacro
[0.696s] -- Installing: /home/rorremous/Development/ROS/movement/omni_navigation/install/omni_robot_description/share/omni_robot_description/urdf/projectile.xacro
[0.696s] -- Installing: /home/rorremous/Development/ROS/movement/omni_navigation/install/omni_robot_description/share/ament_index/resource_index/package_run_dependencies/omni_robot_description
[0.696s] -- Installing: /home/rorremous/Development/ROS/movement/omni_navigation/install/omni_robot_description/share/ament_index/resource_index/parent_prefix_path/omni_robot_description
[0.696s] -- Installing: /home/rorremous/Development/ROS/movement/omni_navigation/install/omni_robot_description/share/omni_robot_description/environment/ament_prefix_path.sh
[0.696s] -- Installing: /home/rorremous/Development/ROS/movement/omni_navigation/install/omni_robot_description/share/omni_robot_description/environment/ament_prefix_path.dsv
[0.696s] -- Installing: /home/rorremous/Development/ROS/movement/omni_navigation/install/omni_robot_description/share/omni_robot_description/environment/path.sh
[0.696s] -- Installing: /home/rorremous/Development/ROS/movement/omni_navigation/install/omni_robot_description/share/omni_robot_description/environment/path.dsv
[0.696s] -- Installing: /home/rorremous/Development/ROS/movement/omni_navigation/install/omni_robot_description/share/omni_robot_description/local_setup.bash
[0.696s] -- Installing: /home/rorremous/Development/ROS/movement/omni_navigation/install/omni_robot_description/share/omni_robot_description/local_setup.sh
[0.697s] -- Installing: /home/rorremous/Development/ROS/movement/omni_navigation/install/omni_robot_description/share/omni_robot_description/local_setup.zsh
[0.697s] -- Installing: /home/rorremous/Development/ROS/movement/omni_navigation/install/omni_robot_description/share/omni_robot_description/local_setup.dsv
[0.697s] -- Installing: /home/rorremous/Development/ROS/movement/omni_navigation/install/omni_robot_description/share/omni_robot_description/package.dsv
[0.697s] -- Installing: /home/rorremous/Development/ROS/movement/omni_navigation/install/omni_robot_description/share/ament_index/resource_index/packages/omni_robot_description
[0.697s] -- Installing: /home/rorremous/Development/ROS/movement/omni_navigation/install/omni_robot_description/share/omni_robot_description/cmake/omni_robot_descriptionConfig.cmake
[0.697s] -- Installing: /home/rorremous/Development/ROS/movement/omni_navigation/install/omni_robot_description/share/omni_robot_description/cmake/omni_robot_descriptionConfig-version.cmake
[0.697s] -- Installing: /home/rorremous/Development/ROS/movement/omni_navigation/install/omni_robot_description/share/omni_robot_description/package.xml
[0.722s] Invoked command in '/home/rorremous/Development/ROS/movement/omni_navigation/build/omni_robot_description' returned '0': CMAKE_PREFIX_PATH=/opt/ros/humble /usr/bin/cmake --install /home/rorremous/Development/ROS/movement/omni_navigation/build/omni_robot_description
