[0.119s] Invoking command in '/home/rorremous/Development/ROS/movement/omni_navigation/build/gazebo_simulation': CMAKE_PREFIX_PATH=/opt/ros/humble /usr/bin/cmake /home/rorremous/Development/ROS/movement/omni_navigation/src/gazebo_simulation -DCMAKE_INSTALL_PREFIX=/home/rorremous/Development/ROS/movement/omni_navigation/install/gazebo_simulation
[0.234s] -- The C compiler identification is GNU 11.4.0
[0.309s] -- The CXX compiler identification is GNU 11.4.0
[0.317s] -- Detecting C compiler ABI info
[0.374s] -- Detecting C compiler ABI info - done
[0.378s] -- Check for working C compiler: /usr/bin/cc - skipped
[0.378s] -- Detecting C compile features
[0.379s] -- Detecting C compile features - done
[0.381s] -- Detecting CXX compiler ABI info
[0.444s] -- Detecting CXX compiler ABI info - done
[0.448s] -- Check for working CXX compiler: /usr/bin/c++ - skipped
[0.448s] -- Detecting CXX compile features
[0.449s] -- Detecting CXX compile features - done
[0.452s] -- Found ament_cmake: 1.3.5 (/opt/ros/humble/share/ament_cmake/cmake)
[0.570s] -- Found Python3: /usr/bin/python3.10 (found version "3.10.12") found components: Interpreter 
[0.649s] [33mCMake Warning (dev) at /usr/share/cmake-3.22/Modules/FindPackageHandleStandardArgs.cmake:438 (message):
[0.649s]   The package name passed to `find_package_handle_standard_args` (PkgConfig)
[0.649s]   does not match the name of the calling package (gazebo).  This can lead to
[0.649s]   problems in calling code that expects `find_package` result variables
[0.649s]   (e.g., `_FOUND`) to follow a certain pattern.
[0.649s] Call Stack (most recent call first):
[0.649s]   /usr/share/cmake-3.22/Modules/FindPkgConfig.cmake:99 (find_package_handle_standard_args)
[0.649s]   /usr/lib/x86_64-linux-gnu/cmake/gazebo/gazebo-config.cmake:72 (include)
[0.649s]   CMakeLists.txt:20 (find_package)
[0.650s] This warning is for project developers.  Use -Wno-dev to suppress it.
[0.650s] [0m
[0.650s] -- Found PkgConfig: /usr/bin/pkg-config (found version "0.29.2") 
[0.652s] -- Checking for module 'bullet>=2.82'
[0.666s] --   Found bullet, version 3.05
[0.767s] -- Found fcl: /usr/include (found suitable version "0.7.0", minimum required is "0.5.0") 
[0.811s] -- Found assimp: /usr/include (found version "5.2.0") 
[0.832s] -- Found DART: /usr/include (Required is at least version "6.6") found components: dart 
[0.980s] -- Found Boost: /usr/lib/x86_64-linux-gnu/cmake/Boost-1.74.0/BoostConfig.cmake (found suitable version "1.74.0", minimum required is "1.40.0") found components: thread system filesystem program_options regex iostreams date_time 
[0.997s] -- Found Protobuf: /usr/lib/x86_64-linux-gnu/libprotobuf.so (found version "3.12.4") 
[1.001s] -- Looking for ignition-math6 -- found version 6.15.0
[1.007s] -- Searching for dependencies of ignition-math6
[1.009s] -- Looking for OGRE...
[1.009s] -- OGRE_PREFIX_WATCH changed.
[1.014s] -- Checking for module 'OGRE'
[1.027s] --   Found OGRE, version 1.9.0
[1.062s] -- Found Ogre Ghadamon (1.9.0)
[1.068s] -- Found OGRE: optimized;/usr/lib/x86_64-linux-gnu/libOgreMain.so;debug;/usr/lib/x86_64-linux-gnu/libOgreMain.so
[1.074s] -- Looking for OGRE_Paging...
[1.077s] -- Found OGRE_Paging: optimized;/usr/lib/x86_64-linux-gnu/libOgrePaging.so;debug;/usr/lib/x86_64-linux-gnu/libOgrePaging.so
[1.077s] -- Looking for OGRE_Terrain...
[1.080s] -- Found OGRE_Terrain: optimized;/usr/lib/x86_64-linux-gnu/libOgreTerrain.so;debug;/usr/lib/x86_64-linux-gnu/libOgreTerrain.so
[1.080s] -- Looking for OGRE_Property...
[1.083s] -- Found OGRE_Property: optimized;/usr/lib/x86_64-linux-gnu/libOgreProperty.so;debug;/usr/lib/x86_64-linux-gnu/libOgreProperty.so
[1.083s] -- Looking for OGRE_RTShaderSystem...
[1.086s] -- Found OGRE_RTShaderSystem: optimized;/usr/lib/x86_64-linux-gnu/libOgreRTShaderSystem.so;debug;/usr/lib/x86_64-linux-gnu/libOgreRTShaderSystem.so
[1.086s] -- Looking for OGRE_Volume...
[1.089s] -- Found OGRE_Volume: optimized;/usr/lib/x86_64-linux-gnu/libOgreVolume.so;debug;/usr/lib/x86_64-linux-gnu/libOgreVolume.so
[1.089s] -- Looking for OGRE_Overlay...
[1.092s] -- Found OGRE_Overlay: optimized;/usr/lib/x86_64-linux-gnu/libOgreOverlay.so;debug;/usr/lib/x86_64-linux-gnu/libOgreOverlay.so
[1.158s] -- Looking for ignition-math6 -- found version 6.15.0
[1.161s] -- Looking for ignition-transport8 -- found version 8.2.1
[1.161s] -- Searching for dependencies of ignition-transport8
[1.175s] -- Found Protobuf: /usr/lib/x86_64-linux-gnu/libprotobuf.so (found suitable version "3.12.4", minimum required is "3") 
[1.183s] -- Config-file not installed for ZeroMQ -- checking for pkg-config
[1.187s] -- Checking for module 'libzmq >= 4'
[1.205s] --   Found libzmq , version 4.3.4
[1.244s] -- Found ZeroMQ: TRUE (Required is at least version "4") 
[1.249s] -- Checking for module 'uuid'
[1.264s] --   Found uuid, version 2.37.2
[1.297s] -- Found UUID: TRUE  
[1.298s] -- Looking for ignition-msgs5 -- found version 5.8.1
[1.299s] -- Searching for dependencies of ignition-msgs5
[1.313s] -- Looking for ignition-math6 -- found version 6.15.0
[1.318s] -- Checking for module 'tinyxml2'
[1.330s] --   Found tinyxml2, version 9.0.0
[1.368s] -- Looking for ignition-msgs5 -- found version 5.8.1
[1.369s] -- Looking for ignition-common3 -- found version 3.14.0
[1.369s] -- Searching for dependencies of ignition-common3
[1.370s] -- Looking for dlfcn.h - found
[1.370s] -- Looking for libdl - found
[1.371s] -- Found DL: TRUE  
[1.380s] -- Found tinyobjloader: /usr/lib/x86_64-linux-gnu/cmake/tinyobjloader/tinyobjloader-config.cmake (found version "2.0.0") 
[1.380s] -- Searching for <ignition-common3> component [graphics]
[1.382s] -- Looking for ignition-common3-graphics -- found version 3.14.0
[1.382s] -- Searching for dependencies of ignition-common3-graphics
[1.382s] -- Looking for ignition-math6 -- found version 6.15.0
[1.385s] -- Looking for ignition-fuel_tools4 -- found version 4.4.0
[1.385s] -- Searching for dependencies of ignition-fuel_tools4
[1.459s] -- Found CURL: /usr/lib/x86_64-linux-gnu/libcurl.so (found version "7.81.0")  
[1.466s] -- Checking for module 'jsoncpp'
[1.481s] --   Found jsoncpp, version 1.9.5
[1.515s] -- Found JSONCPP: TRUE  
[1.520s] -- Checking for module 'libzip'
[1.534s] --   Found libzip, version 1.7.3
[1.570s] -- Found ZIP: TRUE  
[1.570s] -- Looking for ignition-common3 -- found version 3.14.0
[1.571s] -- Looking for ignition-math6 -- found version 6.15.0
[1.571s] -- Looking for ignition-msgs5 -- found version 5.8.1
[1.577s] -- Found gazebo_ros_pkgs: 3.7.0 (/opt/ros/humble/share/gazebo_ros_pkgs/cmake)
[1.577s] -- Found geometry_msgs: 4.2.3 (/opt/ros/humble/share/geometry_msgs/cmake)
[1.597s] -- Found rosidl_generator_c: 3.1.5 (/opt/ros/humble/share/rosidl_generator_c/cmake)
[1.600s] -- Found rosidl_adapter: 3.1.5 (/opt/ros/humble/share/rosidl_adapter/cmake)
[1.605s] -- Found rosidl_generator_cpp: 3.1.5 (/opt/ros/humble/share/rosidl_generator_cpp/cmake)
[1.613s] -- Using all available rosidl_typesupport_c: rosidl_typesupport_fastrtps_c;rosidl_typesupport_introspection_c
[1.625s] -- Using all available rosidl_typesupport_cpp: rosidl_typesupport_fastrtps_cpp;rosidl_typesupport_introspection_cpp
[1.691s] -- Found nav_msgs: 4.2.3 (/opt/ros/humble/share/nav_msgs/cmake)
[1.738s] -- Found rclcpp: 16.0.6 (/opt/ros/humble/share/rclcpp/cmake)
[1.773s] -- Found rmw_implementation_cmake: 6.1.1 (/opt/ros/humble/share/rmw_implementation_cmake/cmake)
[1.774s] -- Found rmw_fastrtps_cpp: 6.2.4 (/opt/ros/humble/share/rmw_fastrtps_cpp/cmake)
[1.868s] -- Found OpenSSL: /usr/lib/x86_64-linux-gnu/libcrypto.so (found version "3.0.2")  
[1.887s] -- Found FastRTPS: /opt/ros/humble/include  
[1.924s] -- Using RMW implementation 'rmw_fastrtps_cpp' as default
[1.931s] -- Found Threads: TRUE  
[2.008s] -- Found sensor_msgs: 4.2.3 (/opt/ros/humble/share/sensor_msgs/cmake)
[2.058s] -- Found tf2: 0.25.4 (/opt/ros/humble/share/tf2/cmake)
[2.114s] -- Configuring done
[2.119s] -- Generating done
[2.121s] -- Build files have been written to: /home/rorremous/Development/ROS/movement/omni_navigation/build/gazebo_simulation
[2.132s] Invoked command in '/home/rorremous/Development/ROS/movement/omni_navigation/build/gazebo_simulation' returned '0': CMAKE_PREFIX_PATH=/opt/ros/humble /usr/bin/cmake /home/rorremous/Development/ROS/movement/omni_navigation/src/gazebo_simulation -DCMAKE_INSTALL_PREFIX=/home/rorremous/Development/ROS/movement/omni_navigation/install/gazebo_simulation
[2.133s] Invoking command in '/home/rorremous/Development/ROS/movement/omni_navigation/build/gazebo_simulation': CMAKE_PREFIX_PATH=/opt/ros/humble /usr/bin/cmake --build /home/rorremous/Development/ROS/movement/omni_navigation/build/gazebo_simulation -- -j16 -l16
[2.169s] Invoked command in '/home/rorremous/Development/ROS/movement/omni_navigation/build/gazebo_simulation' returned '0': CMAKE_PREFIX_PATH=/opt/ros/humble /usr/bin/cmake --build /home/rorremous/Development/ROS/movement/omni_navigation/build/gazebo_simulation -- -j16 -l16
[2.194s] Invoking command in '/home/rorremous/Development/ROS/movement/omni_navigation/build/gazebo_simulation': CMAKE_PREFIX_PATH=/opt/ros/humble /usr/bin/cmake --install /home/rorremous/Development/ROS/movement/omni_navigation/build/gazebo_simulation
[2.200s] -- Install configuration: ""
[2.200s] -- Installing: /home/rorremous/Development/ROS/movement/omni_navigation/install/gazebo_simulation/share/gazebo_simulation//launch
[2.201s] -- Installing: /home/rorremous/Development/ROS/movement/omni_navigation/install/gazebo_simulation/share/gazebo_simulation//launch/gazebo_sim_launch_rf2o.py
[2.201s] -- Installing: /home/rorremous/Development/ROS/movement/omni_navigation/install/gazebo_simulation/share/gazebo_simulation//launch/rviz_launch.py
[2.201s] -- Installing: /home/rorremous/Development/ROS/movement/omni_navigation/install/gazebo_simulation/share/gazebo_simulation//launch/robot_state_publisher.launch.py
[2.201s] -- Installing: /home/rorremous/Development/ROS/movement/omni_navigation/install/gazebo_simulation/share/gazebo_simulation//launch/bringup_launch.py
[2.201s] -- Installing: /home/rorremous/Development/ROS/movement/omni_navigation/install/gazebo_simulation/share/gazebo_simulation//launch/cartographer_slam.launch.py
[2.201s] -- Installing: /home/rorremous/Development/ROS/movement/omni_navigation/install/gazebo_simulation/share/gazebo_simulation//models
[2.201s] -- Installing: /home/rorremous/Development/ROS/movement/omni_navigation/install/gazebo_simulation/share/gazebo_simulation//models/omni_stage
[2.201s] -- Installing: /home/rorremous/Development/ROS/movement/omni_navigation/install/gazebo_simulation/share/gazebo_simulation//models/omni_stage/model.config
[2.201s] -- Installing: /home/rorremous/Development/ROS/movement/omni_navigation/install/gazebo_simulation/share/gazebo_simulation//models/omni_stage/model.sdf
[2.201s] -- Installing: /home/rorremous/Development/ROS/movement/omni_navigation/install/gazebo_simulation/share/gazebo_simulation//models/omni_stage/meshes
[2.201s] -- Installing: /home/rorremous/Development/ROS/movement/omni_navigation/install/gazebo_simulation/share/gazebo_simulation//models/omni_stage/meshes/omni_stage.dae
[2.201s] -- Installing: /home/rorremous/Development/ROS/movement/omni_navigation/install/gazebo_simulation/share/gazebo_simulation//models/omni_stage/meshes/omni_stage.stl
[2.201s] -- Installing: /home/rorremous/Development/ROS/movement/omni_navigation/install/gazebo_simulation/share/gazebo_simulation//models/omni_stage/materials
[2.201s] -- Installing: /home/rorremous/Development/ROS/movement/omni_navigation/install/gazebo_simulation/share/gazebo_simulation//models/rs_robot
[2.202s] -- Installing: /home/rorremous/Development/ROS/movement/omni_navigation/install/gazebo_simulation/share/gazebo_simulation//models/rs_robot/model.config
[2.202s] -- Installing: /home/rorremous/Development/ROS/movement/omni_navigation/install/gazebo_simulation/share/gazebo_simulation//models/rs_robot/rs_robot.sdf
[2.202s] -- Installing: /home/rorremous/Development/ROS/movement/omni_navigation/install/gazebo_simulation/share/gazebo_simulation//models/rs_robot/meshes
[2.202s] -- Installing: /home/rorremous/Development/ROS/movement/omni_navigation/install/gazebo_simulation/share/gazebo_simulation//models/rs_robot/meshes/STL
[2.202s] -- Installing: /home/rorremous/Development/ROS/movement/omni_navigation/install/gazebo_simulation/share/gazebo_simulation//models/rs_robot/meshes/STL/omni_wheel
[2.202s] -- Installing: /home/rorremous/Development/ROS/movement/omni_navigation/install/gazebo_simulation/share/gazebo_simulation//models/rs_robot/meshes/STL/omni_wheel/omni_wheel.stl
[2.203s] -- Installing: /home/rorremous/Development/ROS/movement/omni_navigation/install/gazebo_simulation/share/gazebo_simulation//models/rs_robot/meshes/STL/base
[2.203s] -- Installing: /home/rorremous/Development/ROS/movement/omni_navigation/install/gazebo_simulation/share/gazebo_simulation//models/rs_robot/meshes/STL/base/base_link.stl
[2.203s] -- Installing: /home/rorremous/Development/ROS/movement/omni_navigation/install/gazebo_simulation/share/gazebo_simulation//models/rs_robot/meshes/STL/roller
[2.203s] -- Installing: /home/rorremous/Development/ROS/movement/omni_navigation/install/gazebo_simulation/share/gazebo_simulation//models/rs_robot/meshes/STL/roller/roller.stl
[2.204s] -- Installing: /home/rorremous/Development/ROS/movement/omni_navigation/install/gazebo_simulation/share/gazebo_simulation//models/rs_robot/meshes/DAE
[2.204s] -- Installing: /home/rorremous/Development/ROS/movement/omni_navigation/install/gazebo_simulation/share/gazebo_simulation//models/rs_robot/meshes/DAE/omni_wheel
[2.204s] -- Installing: /home/rorremous/Development/ROS/movement/omni_navigation/install/gazebo_simulation/share/gazebo_simulation//models/rs_robot/meshes/DAE/omni_wheel/omni_wheel.dae
[2.205s] -- Installing: /home/rorremous/Development/ROS/movement/omni_navigation/install/gazebo_simulation/share/gazebo_simulation//models/rs_robot/meshes/DAE/base
[2.206s] -- Installing: /home/rorremous/Development/ROS/movement/omni_navigation/install/gazebo_simulation/share/gazebo_simulation//models/rs_robot/meshes/DAE/base/base_link.stl
[2.206s] -- Installing: /home/rorremous/Development/ROS/movement/omni_navigation/install/gazebo_simulation/share/gazebo_simulation//models/rs_robot/meshes/DAE/base/base_link.dae
[2.206s] -- Installing: /home/rorremous/Development/ROS/movement/omni_navigation/install/gazebo_simulation/share/gazebo_simulation//models/rs_robot/meshes/DAE/base/Base.png
[2.207s] -- Installing: /home/rorremous/Development/ROS/movement/omni_navigation/install/gazebo_simulation/share/gazebo_simulation//models/rs_robot/meshes/DAE/roller
[2.207s] -- Installing: /home/rorremous/Development/ROS/movement/omni_navigation/install/gazebo_simulation/share/gazebo_simulation//models/rs_robot/meshes/DAE/roller/roller.dae
[2.207s] -- Installing: /home/rorremous/Development/ROS/movement/omni_navigation/install/gazebo_simulation/share/gazebo_simulation//models/rs_robot/config
[2.207s] -- Installing: /home/rorremous/Development/ROS/movement/omni_navigation/install/gazebo_simulation/share/gazebo_simulation//models/rs_robot/config/controllers.yaml
[2.207s] -- Installing: /home/rorremous/Development/ROS/movement/omni_navigation/install/gazebo_simulation/share/gazebo_simulation//rviz
[2.207s] -- Installing: /home/rorremous/Development/ROS/movement/omni_navigation/install/gazebo_simulation/share/gazebo_simulation//rviz/tb3_gazebo.rviz
[2.207s] -- Installing: /home/rorremous/Development/ROS/movement/omni_navigation/install/gazebo_simulation/share/gazebo_simulation//rviz/nav2_default_view.rviz
[2.208s] -- Installing: /home/rorremous/Development/ROS/movement/omni_navigation/install/gazebo_simulation/share/gazebo_simulation//worlds
[2.208s] -- Installing: /home/rorremous/Development/ROS/movement/omni_navigation/install/gazebo_simulation/share/gazebo_simulation//worlds/omni_nav_world2.model
[2.208s] -- Installing: /home/rorremous/Development/ROS/movement/omni_navigation/install/gazebo_simulation/share/gazebo_simulation//maps
[2.208s] -- Installing: /home/rorremous/Development/ROS/movement/omni_navigation/install/gazebo_simulation/share/gazebo_simulation//maps/omni_map.yaml
[2.208s] -- Installing: /home/rorremous/Development/ROS/movement/omni_navigation/install/gazebo_simulation/share/gazebo_simulation//maps/omni_map.pgm
[2.208s] -- Installing: /home/rorremous/Development/ROS/movement/omni_navigation/install/gazebo_simulation/share/gazebo_simulation//params
[2.208s] -- Installing: /home/rorremous/Development/ROS/movement/omni_navigation/install/gazebo_simulation/share/gazebo_simulation//params/nav2_params.yaml
[2.208s] -- Installing: /home/rorremous/Development/ROS/movement/omni_navigation/install/gazebo_simulation/share/gazebo_simulation//urdf
[2.208s] -- Installing: /home/rorremous/Development/ROS/movement/omni_navigation/install/gazebo_simulation/share/gazebo_simulation//urdf/rs_robot.urdf
[2.208s] -- Installing: /home/rorremous/Development/ROS/movement/omni_navigation/install/gazebo_simulation/lib/gazebo_simulation/bringup_launch.py
[2.209s] -- Installing: /home/rorremous/Development/ROS/movement/omni_navigation/install/gazebo_simulation/lib/gazebo_simulation/robot_state_publisher.launch.py
[2.209s] -- Installing: /home/rorremous/Development/ROS/movement/omni_navigation/install/gazebo_simulation/lib/gazebo_simulation/rviz_launch.py
[2.209s] -- Installing: /home/rorremous/Development/ROS/movement/omni_navigation/install/gazebo_simulation/lib/gazebo_simulation/cartographer_slam.launch.py
[2.209s] -- Installing: /home/rorremous/Development/ROS/movement/omni_navigation/install/gazebo_simulation/lib/gazebo_simulation/gazebo_sim_launch_rf2o.py
[2.209s] -- Installing: /home/rorremous/Development/ROS/movement/omni_navigation/install/gazebo_simulation/share/ament_index/resource_index/package_run_dependencies/gazebo_simulation
[2.209s] -- Installing: /home/rorremous/Development/ROS/movement/omni_navigation/install/gazebo_simulation/share/ament_index/resource_index/parent_prefix_path/gazebo_simulation
[2.209s] -- Installing: /home/rorremous/Development/ROS/movement/omni_navigation/install/gazebo_simulation/share/gazebo_simulation/environment/ament_prefix_path.sh
[2.209s] -- Installing: /home/rorremous/Development/ROS/movement/omni_navigation/install/gazebo_simulation/share/gazebo_simulation/environment/ament_prefix_path.dsv
[2.210s] -- Installing: /home/rorremous/Development/ROS/movement/omni_navigation/install/gazebo_simulation/share/gazebo_simulation/environment/path.sh
[2.210s] -- Installing: /home/rorremous/Development/ROS/movement/omni_navigation/install/gazebo_simulation/share/gazebo_simulation/environment/path.dsv
[2.210s] -- Installing: /home/rorremous/Development/ROS/movement/omni_navigation/install/gazebo_simulation/share/gazebo_simulation/local_setup.bash
[2.210s] -- Installing: /home/rorremous/Development/ROS/movement/omni_navigation/install/gazebo_simulation/share/gazebo_simulation/local_setup.sh
[2.210s] -- Installing: /home/rorremous/Development/ROS/movement/omni_navigation/install/gazebo_simulation/share/gazebo_simulation/local_setup.zsh
[2.210s] -- Installing: /home/rorremous/Development/ROS/movement/omni_navigation/install/gazebo_simulation/share/gazebo_simulation/local_setup.dsv
[2.210s] -- Installing: /home/rorremous/Development/ROS/movement/omni_navigation/install/gazebo_simulation/share/gazebo_simulation/package.dsv
[2.210s] -- Installing: /home/rorremous/Development/ROS/movement/omni_navigation/install/gazebo_simulation/share/ament_index/resource_index/packages/gazebo_simulation
[2.211s] -- Installing: /home/rorremous/Development/ROS/movement/omni_navigation/install/gazebo_simulation/share/gazebo_simulation/cmake/ament_cmake_export_include_directories-extras.cmake
[2.211s] -- Installing: /home/rorremous/Development/ROS/movement/omni_navigation/install/gazebo_simulation/share/gazebo_simulation/cmake/ament_cmake_export_dependencies-extras.cmake
[2.211s] -- Installing: /home/rorremous/Development/ROS/movement/omni_navigation/install/gazebo_simulation/share/gazebo_simulation/cmake/gazebo_simulationConfig.cmake
[2.211s] -- Installing: /home/rorremous/Development/ROS/movement/omni_navigation/install/gazebo_simulation/share/gazebo_simulation/cmake/gazebo_simulationConfig-version.cmake
[2.211s] -- Installing: /home/rorremous/Development/ROS/movement/omni_navigation/install/gazebo_simulation/share/gazebo_simulation/package.xml
[2.213s] Invoked command in '/home/rorremous/Development/ROS/movement/omni_navigation/build/gazebo_simulation' returned '0': CMAKE_PREFIX_PATH=/opt/ros/humble /usr/bin/cmake --install /home/rorremous/Development/ROS/movement/omni_navigation/build/gazebo_simulation
