[0.456s] DEBUG:colcon:Command line arguments: ['/usr/bin/colcon', 'build']
[0.456s] DEBUG:colcon:Parsed command line arguments: Namespace(log_base=None, log_level=None, verb_name='build', build_base='build', install_base='install', merge_install=False, symlink_install=False, test_result_base=None, continue_on_error=False, executor='parallel', parallel_workers=16, event_handlers=None, ignore_user_meta=False, metas=['./colcon.meta'], base_paths=['.'], packages_ignore=None, packages_ignore_regex=None, paths=None, packages_up_to=None, packages_up_to_regex=None, packages_above=None, packages_above_and_dependencies=None, packages_above_depth=None, packages_select_by_dep=None, packages_skip_by_dep=None, packages_skip_up_to=None, packages_select_build_failed=False, packages_skip_build_finished=False, packages_select_test_failures=False, packages_skip_test_passed=False, packages_select=None, packages_skip=None, packages_select_regex=None, packages_skip_regex=None, packages_start=None, packages_end=None, allow_overriding=[], cmake_args=None, cmake_target=None, cmake_target_skip_unavailable=False, cmake_clean_cache=False, cmake_clean_first=False, cmake_force_configure=False, ament_cmake_args=None, catkin_cmake_args=None, catkin_skip_building_tests=False, verb_parser=<colcon_defaults.argument_parser.defaults.DefaultArgumentsDecorator object at 0x7f33e248d450>, verb_extension=<colcon_core.verb.build.BuildVerb object at 0x7f33e276c2e0>, main=<bound method BuildVerb.main of <colcon_core.verb.build.BuildVerb object at 0x7f33e276c2e0>>)
[0.479s] Level 1:colcon.colcon_core.package_discovery:discover_packages(colcon_meta) check parameters
[0.479s] Level 1:colcon.colcon_core.package_discovery:discover_packages(recursive) check parameters
[0.479s] Level 1:colcon.colcon_core.package_discovery:discover_packages(ignore) check parameters
[0.479s] Level 1:colcon.colcon_core.package_discovery:discover_packages(path) check parameters
[0.479s] Level 1:colcon.colcon_core.package_discovery:discover_packages(colcon_meta) discover
[0.479s] Level 1:colcon.colcon_core.package_discovery:discover_packages(recursive) discover
[0.479s] INFO:colcon.colcon_core.package_discovery:Crawling recursively for packages in '/home/rorremous/Development/ROS/movement/4wheel_swerve'
[0.479s] Level 1:colcon.colcon_core.package_identification:_identify(.) by extensions ['ignore', 'ignore_ament_install']
[0.479s] Level 1:colcon.colcon_core.package_identification:_identify(.) by extension 'ignore'
[0.480s] Level 1:colcon.colcon_core.package_identification:_identify(.) by extension 'ignore_ament_install'
[0.480s] Level 1:colcon.colcon_core.package_identification:_identify(.) by extensions ['colcon_pkg']
[0.480s] Level 1:colcon.colcon_core.package_identification:_identify(.) by extension 'colcon_pkg'
[0.480s] Level 1:colcon.colcon_core.package_identification:_identify(.) by extensions ['colcon_meta']
[0.480s] Level 1:colcon.colcon_core.package_identification:_identify(.) by extension 'colcon_meta'
[0.480s] Level 1:colcon.colcon_core.package_identification:_identify(.) by extensions ['ros']
[0.480s] Level 1:colcon.colcon_core.package_identification:_identify(.) by extension 'ros'
[0.486s] Level 1:colcon.colcon_core.package_identification:_identify(.) by extensions ['cmake', 'python']
[0.486s] Level 1:colcon.colcon_core.package_identification:_identify(.) by extension 'cmake'
[0.486s] Level 1:colcon.colcon_core.package_identification:_identify(.) by extension 'python'
[0.486s] Level 1:colcon.colcon_core.package_identification:_identify(.) by extensions ['python_setup_py']
[0.486s] Level 1:colcon.colcon_core.package_identification:_identify(.) by extension 'python_setup_py'
[0.486s] Level 1:colcon.colcon_core.package_identification:_identify(build) by extensions ['ignore', 'ignore_ament_install']
[0.486s] Level 1:colcon.colcon_core.package_identification:_identify(build) by extension 'ignore'
[0.486s] Level 1:colcon.colcon_core.package_identification:_identify(build) ignored
[0.486s] Level 1:colcon.colcon_core.package_identification:_identify(install) by extensions ['ignore', 'ignore_ament_install']
[0.486s] Level 1:colcon.colcon_core.package_identification:_identify(install) by extension 'ignore'
[0.486s] Level 1:colcon.colcon_core.package_identification:_identify(install) ignored
[0.486s] Level 1:colcon.colcon_core.package_identification:_identify(log) by extensions ['ignore', 'ignore_ament_install']
[0.486s] Level 1:colcon.colcon_core.package_identification:_identify(log) by extension 'ignore'
[0.486s] Level 1:colcon.colcon_core.package_identification:_identify(log) ignored
[0.486s] Level 1:colcon.colcon_core.package_identification:_identify(src) by extensions ['ignore', 'ignore_ament_install']
[0.486s] Level 1:colcon.colcon_core.package_identification:_identify(src) by extension 'ignore'
[0.486s] Level 1:colcon.colcon_core.package_identification:_identify(src) by extension 'ignore_ament_install'
[0.486s] Level 1:colcon.colcon_core.package_identification:_identify(src) by extensions ['colcon_pkg']
[0.486s] Level 1:colcon.colcon_core.package_identification:_identify(src) by extension 'colcon_pkg'
[0.486s] Level 1:colcon.colcon_core.package_identification:_identify(src) by extensions ['colcon_meta']
[0.486s] Level 1:colcon.colcon_core.package_identification:_identify(src) by extension 'colcon_meta'
[0.486s] Level 1:colcon.colcon_core.package_identification:_identify(src) by extensions ['ros']
[0.486s] Level 1:colcon.colcon_core.package_identification:_identify(src) by extension 'ros'
[0.486s] Level 1:colcon.colcon_core.package_identification:_identify(src) by extensions ['cmake', 'python']
[0.486s] Level 1:colcon.colcon_core.package_identification:_identify(src) by extension 'cmake'
[0.486s] Level 1:colcon.colcon_core.package_identification:_identify(src) by extension 'python'
[0.486s] Level 1:colcon.colcon_core.package_identification:_identify(src) by extensions ['python_setup_py']
[0.486s] Level 1:colcon.colcon_core.package_identification:_identify(src) by extension 'python_setup_py'
[0.486s] Level 1:colcon.colcon_core.package_identification:_identify(src/four_ws_control) by extensions ['ignore', 'ignore_ament_install']
[0.486s] Level 1:colcon.colcon_core.package_identification:_identify(src/four_ws_control) by extension 'ignore'
[0.486s] Level 1:colcon.colcon_core.package_identification:_identify(src/four_ws_control) by extension 'ignore_ament_install'
[0.486s] Level 1:colcon.colcon_core.package_identification:_identify(src/four_ws_control) by extensions ['colcon_pkg']
[0.486s] Level 1:colcon.colcon_core.package_identification:_identify(src/four_ws_control) by extension 'colcon_pkg'
[0.486s] Level 1:colcon.colcon_core.package_identification:_identify(src/four_ws_control) by extensions ['colcon_meta']
[0.486s] Level 1:colcon.colcon_core.package_identification:_identify(src/four_ws_control) by extension 'colcon_meta'
[0.486s] Level 1:colcon.colcon_core.package_identification:_identify(src/four_ws_control) by extensions ['ros']
[0.486s] Level 1:colcon.colcon_core.package_identification:_identify(src/four_ws_control) by extension 'ros'
[0.492s] DEBUG:colcon.colcon_core.package_identification:Package 'src/four_ws_control' with type 'ros.ament_cmake' and name 'four_ws_control'
[0.492s] Level 1:colcon.colcon_core.package_identification:_identify(src/gazebo_simulation) by extensions ['ignore', 'ignore_ament_install']
[0.492s] Level 1:colcon.colcon_core.package_identification:_identify(src/gazebo_simulation) by extension 'ignore'
[0.492s] Level 1:colcon.colcon_core.package_identification:_identify(src/gazebo_simulation) by extension 'ignore_ament_install'
[0.492s] Level 1:colcon.colcon_core.package_identification:_identify(src/gazebo_simulation) by extensions ['colcon_pkg']
[0.492s] Level 1:colcon.colcon_core.package_identification:_identify(src/gazebo_simulation) by extension 'colcon_pkg'
[0.492s] Level 1:colcon.colcon_core.package_identification:_identify(src/gazebo_simulation) by extensions ['colcon_meta']
[0.492s] Level 1:colcon.colcon_core.package_identification:_identify(src/gazebo_simulation) by extension 'colcon_meta'
[0.492s] Level 1:colcon.colcon_core.package_identification:_identify(src/gazebo_simulation) by extensions ['ros']
[0.492s] Level 1:colcon.colcon_core.package_identification:_identify(src/gazebo_simulation) by extension 'ros'
[0.492s] DEBUG:colcon.colcon_core.package_identification:Package 'src/gazebo_simulation' with type 'ros.ament_cmake' and name 'gazebo_simulation'
[0.492s] Level 1:colcon.colcon_core.package_discovery:discover_packages(recursive) using defaults
[0.493s] Level 1:colcon.colcon_core.package_discovery:discover_packages(ignore) discover
[0.493s] Level 1:colcon.colcon_core.package_discovery:discover_packages(ignore) using defaults
[0.493s] Level 1:colcon.colcon_core.package_discovery:discover_packages(path) discover
[0.493s] Level 1:colcon.colcon_core.package_discovery:discover_packages(path) using defaults
[0.536s] Level 1:colcon.colcon_core.package_discovery:discover_packages(prefix_path) check parameters
[0.536s] Level 1:colcon.colcon_core.package_discovery:discover_packages(prefix_path) discover
[0.550s] DEBUG:colcon.colcon_installed_package_information.package_discovery:Found 367 installed packages in /opt/ros/humble
[0.551s] Level 1:colcon.colcon_core.package_discovery:discover_packages(prefix_path) using defaults
[0.620s] Level 5:colcon.colcon_core.verb:set package 'four_ws_control' build argument 'cmake_args' from command line to 'None'
[0.620s] Level 5:colcon.colcon_core.verb:set package 'four_ws_control' build argument 'cmake_target' from command line to 'None'
[0.620s] Level 5:colcon.colcon_core.verb:set package 'four_ws_control' build argument 'cmake_target_skip_unavailable' from command line to 'False'
[0.620s] Level 5:colcon.colcon_core.verb:set package 'four_ws_control' build argument 'cmake_clean_cache' from command line to 'False'
[0.620s] Level 5:colcon.colcon_core.verb:set package 'four_ws_control' build argument 'cmake_clean_first' from command line to 'False'
[0.620s] Level 5:colcon.colcon_core.verb:set package 'four_ws_control' build argument 'cmake_force_configure' from command line to 'False'
[0.620s] Level 5:colcon.colcon_core.verb:set package 'four_ws_control' build argument 'ament_cmake_args' from command line to 'None'
[0.620s] Level 5:colcon.colcon_core.verb:set package 'four_ws_control' build argument 'catkin_cmake_args' from command line to 'None'
[0.620s] Level 5:colcon.colcon_core.verb:set package 'four_ws_control' build argument 'catkin_skip_building_tests' from command line to 'False'
[0.620s] DEBUG:colcon.colcon_core.verb:Building package 'four_ws_control' with the following arguments: {'ament_cmake_args': None, 'build_base': '/home/rorremous/Development/ROS/movement/4wheel_swerve/build/four_ws_control', 'catkin_cmake_args': None, 'catkin_skip_building_tests': False, 'cmake_args': None, 'cmake_clean_cache': False, 'cmake_clean_first': False, 'cmake_force_configure': False, 'cmake_target': None, 'cmake_target_skip_unavailable': False, 'install_base': '/home/rorremous/Development/ROS/movement/4wheel_swerve/install/four_ws_control', 'merge_install': False, 'path': '/home/rorremous/Development/ROS/movement/4wheel_swerve/src/four_ws_control', 'symlink_install': False, 'test_result_base': None}
[0.626s] Level 5:colcon.colcon_core.verb:set package 'gazebo_simulation' build argument 'cmake_args' from command line to 'None'
[0.626s] Level 5:colcon.colcon_core.verb:set package 'gazebo_simulation' build argument 'cmake_target' from command line to 'None'
[0.626s] Level 5:colcon.colcon_core.verb:set package 'gazebo_simulation' build argument 'cmake_target_skip_unavailable' from command line to 'False'
[0.626s] Level 5:colcon.colcon_core.verb:set package 'gazebo_simulation' build argument 'cmake_clean_cache' from command line to 'False'
[0.626s] Level 5:colcon.colcon_core.verb:set package 'gazebo_simulation' build argument 'cmake_clean_first' from command line to 'False'
[0.627s] Level 5:colcon.colcon_core.verb:set package 'gazebo_simulation' build argument 'cmake_force_configure' from command line to 'False'
[0.627s] Level 5:colcon.colcon_core.verb:set package 'gazebo_simulation' build argument 'ament_cmake_args' from command line to 'None'
[0.627s] Level 5:colcon.colcon_core.verb:set package 'gazebo_simulation' build argument 'catkin_cmake_args' from command line to 'None'
[0.627s] Level 5:colcon.colcon_core.verb:set package 'gazebo_simulation' build argument 'catkin_skip_building_tests' from command line to 'False'
[0.627s] DEBUG:colcon.colcon_core.verb:Building package 'gazebo_simulation' with the following arguments: {'ament_cmake_args': None, 'build_base': '/home/rorremous/Development/ROS/movement/4wheel_swerve/build/gazebo_simulation', 'catkin_cmake_args': None, 'catkin_skip_building_tests': False, 'cmake_args': None, 'cmake_clean_cache': False, 'cmake_clean_first': False, 'cmake_force_configure': False, 'cmake_target': None, 'cmake_target_skip_unavailable': False, 'install_base': '/home/rorremous/Development/ROS/movement/4wheel_swerve/install/gazebo_simulation', 'merge_install': False, 'path': '/home/rorremous/Development/ROS/movement/4wheel_swerve/src/gazebo_simulation', 'symlink_install': False, 'test_result_base': None}
[0.633s] INFO:colcon.colcon_core.executor:Executing jobs using 'parallel' executor
[0.640s] DEBUG:colcon.colcon_parallel_executor.executor.parallel:run_until_complete
[0.640s] INFO:colcon.colcon_ros.task.ament_cmake.build:Building ROS package in '/home/rorremous/Development/ROS/movement/4wheel_swerve/src/four_ws_control' with build type 'ament_cmake'
[0.640s] INFO:colcon.colcon_cmake.task.cmake.build:Building CMake package in '/home/rorremous/Development/ROS/movement/4wheel_swerve/src/four_ws_control'
[0.648s] INFO:colcon.colcon_core.plugin_system:Skipping extension 'colcon_core.shell.bat': Not used on non-Windows systems
[0.648s] INFO:colcon.colcon_core.shell:Skip shell extension 'powershell' for command environment: Not usable outside of PowerShell
[0.648s] DEBUG:colcon.colcon_core.shell:Skip shell extension 'dsv' for command environment
[0.663s] INFO:colcon.colcon_ros.task.ament_cmake.build:Building ROS package in '/home/rorremous/Development/ROS/movement/4wheel_swerve/src/gazebo_simulation' with build type 'ament_cmake'
[0.663s] INFO:colcon.colcon_cmake.task.cmake.build:Building CMake package in '/home/rorremous/Development/ROS/movement/4wheel_swerve/src/gazebo_simulation'
[0.671s] INFO:colcon.colcon_core.shell:Skip shell extension 'powershell' for command environment: Not usable outside of PowerShell
[0.671s] DEBUG:colcon.colcon_core.shell:Skip shell extension 'dsv' for command environment
[0.689s] DEBUG:colcon.colcon_core.event_handler.log_command:Invoking command in '/home/rorremous/Development/ROS/movement/4wheel_swerve/build/four_ws_control': CMAKE_PREFIX_PATH=/opt/ros/humble /usr/bin/cmake /home/rorremous/Development/ROS/movement/4wheel_swerve/src/four_ws_control -DCMAKE_INSTALL_PREFIX=/home/rorremous/Development/ROS/movement/4wheel_swerve/install/four_ws_control
[0.690s] DEBUG:colcon.colcon_core.event_handler.log_command:Invoking command in '/home/rorremous/Development/ROS/movement/4wheel_swerve/build/gazebo_simulation': CMAKE_PREFIX_PATH=/opt/ros/humble /usr/bin/cmake /home/rorremous/Development/ROS/movement/4wheel_swerve/src/gazebo_simulation -DCMAKE_INSTALL_PREFIX=/home/rorremous/Development/ROS/movement/4wheel_swerve/install/gazebo_simulation
[1.156s] DEBUG:colcon.colcon_core.event_handler.log_command:Invoked command in '/home/rorremous/Development/ROS/movement/4wheel_swerve/build/four_ws_control' returned '0': CMAKE_PREFIX_PATH=/opt/ros/humble /usr/bin/cmake /home/rorremous/Development/ROS/movement/4wheel_swerve/src/four_ws_control -DCMAKE_INSTALL_PREFIX=/home/rorremous/Development/ROS/movement/4wheel_swerve/install/four_ws_control
[1.157s] DEBUG:colcon.colcon_core.event_handler.log_command:Invoking command in '/home/rorremous/Development/ROS/movement/4wheel_swerve/build/four_ws_control': CMAKE_PREFIX_PATH=/opt/ros/humble /usr/bin/cmake --build /home/rorremous/Development/ROS/movement/4wheel_swerve/build/four_ws_control -- -j16 -l16
[1.192s] DEBUG:colcon.colcon_core.event_handler.log_command:Invoked command in '/home/rorremous/Development/ROS/movement/4wheel_swerve/build/four_ws_control' returned '0': CMAKE_PREFIX_PATH=/opt/ros/humble /usr/bin/cmake --build /home/rorremous/Development/ROS/movement/4wheel_swerve/build/four_ws_control -- -j16 -l16
[1.221s] DEBUG:colcon.colcon_core.event_handler.log_command:Invoking command in '/home/rorremous/Development/ROS/movement/4wheel_swerve/build/four_ws_control': CMAKE_PREFIX_PATH=/opt/ros/humble /usr/bin/cmake --install /home/rorremous/Development/ROS/movement/4wheel_swerve/build/four_ws_control
[1.230s] Level 1:colcon.colcon_core.environment:create_environment_scripts_only(four_ws_control)
[1.230s] DEBUG:colcon.colcon_core.event_handler.log_command:Invoked command in '/home/rorremous/Development/ROS/movement/4wheel_swerve/build/four_ws_control' returned '0': CMAKE_PREFIX_PATH=/opt/ros/humble /usr/bin/cmake --install /home/rorremous/Development/ROS/movement/4wheel_swerve/build/four_ws_control
[1.239s] Level 1:colcon.colcon_core.environment:checking '/home/rorremous/Development/ROS/movement/4wheel_swerve/install/four_ws_control' for CMake module files
[1.239s] Level 1:colcon.colcon_core.environment:checking '/home/rorremous/Development/ROS/movement/4wheel_swerve/install/four_ws_control' for CMake config files
[1.239s] Level 1:colcon.colcon_core.shell:create_environment_hook('four_ws_control', 'cmake_prefix_path')
[1.247s] INFO:colcon.colcon_core.shell:Creating environment hook '/home/rorremous/Development/ROS/movement/4wheel_swerve/install/four_ws_control/share/four_ws_control/hook/cmake_prefix_path.ps1'
[1.248s] INFO:colcon.colcon_core.shell:Creating environment descriptor '/home/rorremous/Development/ROS/movement/4wheel_swerve/install/four_ws_control/share/four_ws_control/hook/cmake_prefix_path.dsv'
[1.248s] INFO:colcon.colcon_core.shell:Creating environment hook '/home/rorremous/Development/ROS/movement/4wheel_swerve/install/four_ws_control/share/four_ws_control/hook/cmake_prefix_path.sh'
[1.249s] Level 1:colcon.colcon_core.environment:checking '/home/rorremous/Development/ROS/movement/4wheel_swerve/install/four_ws_control/lib'
[1.249s] Level 1:colcon.colcon_core.environment:checking '/home/rorremous/Development/ROS/movement/4wheel_swerve/install/four_ws_control/bin'
[1.249s] Level 1:colcon.colcon_core.environment:checking '/home/rorremous/Development/ROS/movement/4wheel_swerve/install/four_ws_control/lib/pkgconfig/four_ws_control.pc'
[1.249s] Level 1:colcon.colcon_core.environment:checking '/home/rorremous/Development/ROS/movement/4wheel_swerve/install/four_ws_control/lib/python3.10/site-packages'
[1.249s] Level 1:colcon.colcon_core.environment:checking '/home/rorremous/Development/ROS/movement/4wheel_swerve/install/four_ws_control/bin'
[1.257s] INFO:colcon.colcon_core.shell:Creating package script '/home/rorremous/Development/ROS/movement/4wheel_swerve/install/four_ws_control/share/four_ws_control/package.ps1'
[1.257s] INFO:colcon.colcon_core.shell:Creating package descriptor '/home/rorremous/Development/ROS/movement/4wheel_swerve/install/four_ws_control/share/four_ws_control/package.dsv'
[1.257s] INFO:colcon.colcon_core.shell:Creating package script '/home/rorremous/Development/ROS/movement/4wheel_swerve/install/four_ws_control/share/four_ws_control/package.sh'
[1.258s] INFO:colcon.colcon_core.shell:Creating package script '/home/rorremous/Development/ROS/movement/4wheel_swerve/install/four_ws_control/share/four_ws_control/package.bash'
[1.258s] INFO:colcon.colcon_core.shell:Creating package script '/home/rorremous/Development/ROS/movement/4wheel_swerve/install/four_ws_control/share/four_ws_control/package.zsh'
[1.258s] Level 1:colcon.colcon_core.environment:create_file_with_runtime_dependencies(/home/rorremous/Development/ROS/movement/4wheel_swerve/install/four_ws_control/share/colcon-core/packages/four_ws_control)
[1.290s] Level 1:colcon.colcon_core.environment:create_environment_scripts_only(four_ws_control)
[1.296s] Level 1:colcon.colcon_core.environment:checking '/home/rorremous/Development/ROS/movement/4wheel_swerve/install/four_ws_control' for CMake module files
[1.296s] Level 1:colcon.colcon_core.environment:checking '/home/rorremous/Development/ROS/movement/4wheel_swerve/install/four_ws_control' for CMake config files
[1.297s] Level 1:colcon.colcon_core.shell:create_environment_hook('four_ws_control', 'cmake_prefix_path')
[1.303s] INFO:colcon.colcon_core.shell:Creating environment hook '/home/rorremous/Development/ROS/movement/4wheel_swerve/install/four_ws_control/share/four_ws_control/hook/cmake_prefix_path.ps1'
[1.303s] INFO:colcon.colcon_core.shell:Creating environment descriptor '/home/rorremous/Development/ROS/movement/4wheel_swerve/install/four_ws_control/share/four_ws_control/hook/cmake_prefix_path.dsv'
[1.303s] INFO:colcon.colcon_core.shell:Creating environment hook '/home/rorremous/Development/ROS/movement/4wheel_swerve/install/four_ws_control/share/four_ws_control/hook/cmake_prefix_path.sh'
[1.304s] Level 1:colcon.colcon_core.environment:checking '/home/rorremous/Development/ROS/movement/4wheel_swerve/install/four_ws_control/lib'
[1.304s] Level 1:colcon.colcon_core.environment:checking '/home/rorremous/Development/ROS/movement/4wheel_swerve/install/four_ws_control/bin'
[1.304s] Level 1:colcon.colcon_core.environment:checking '/home/rorremous/Development/ROS/movement/4wheel_swerve/install/four_ws_control/lib/pkgconfig/four_ws_control.pc'
[1.304s] Level 1:colcon.colcon_core.environment:checking '/home/rorremous/Development/ROS/movement/4wheel_swerve/install/four_ws_control/lib/python3.10/site-packages'
[1.304s] Level 1:colcon.colcon_core.environment:checking '/home/rorremous/Development/ROS/movement/4wheel_swerve/install/four_ws_control/bin'
[1.311s] INFO:colcon.colcon_core.shell:Creating package script '/home/rorremous/Development/ROS/movement/4wheel_swerve/install/four_ws_control/share/four_ws_control/package.ps1'
[1.312s] INFO:colcon.colcon_core.shell:Creating package descriptor '/home/rorremous/Development/ROS/movement/4wheel_swerve/install/four_ws_control/share/four_ws_control/package.dsv'
[1.312s] INFO:colcon.colcon_core.shell:Creating package script '/home/rorremous/Development/ROS/movement/4wheel_swerve/install/four_ws_control/share/four_ws_control/package.sh'
[1.312s] INFO:colcon.colcon_core.shell:Creating package script '/home/rorremous/Development/ROS/movement/4wheel_swerve/install/four_ws_control/share/four_ws_control/package.bash'
[1.312s] INFO:colcon.colcon_core.shell:Creating package script '/home/rorremous/Development/ROS/movement/4wheel_swerve/install/four_ws_control/share/four_ws_control/package.zsh'
[1.313s] Level 1:colcon.colcon_core.environment:create_file_with_runtime_dependencies(/home/rorremous/Development/ROS/movement/4wheel_swerve/install/four_ws_control/share/colcon-core/packages/four_ws_control)
[2.516s] DEBUG:colcon.colcon_core.event_handler.log_command:Invoked command in '/home/rorremous/Development/ROS/movement/4wheel_swerve/build/gazebo_simulation' returned '0': CMAKE_PREFIX_PATH=/opt/ros/humble /usr/bin/cmake /home/rorremous/Development/ROS/movement/4wheel_swerve/src/gazebo_simulation -DCMAKE_INSTALL_PREFIX=/home/rorremous/Development/ROS/movement/4wheel_swerve/install/gazebo_simulation
[2.518s] DEBUG:colcon.colcon_core.event_handler.log_command:Invoking command in '/home/rorremous/Development/ROS/movement/4wheel_swerve/build/gazebo_simulation': CMAKE_PREFIX_PATH=/opt/ros/humble /usr/bin/cmake --build /home/rorremous/Development/ROS/movement/4wheel_swerve/build/gazebo_simulation -- -j16 -l16
[2.559s] DEBUG:colcon.colcon_core.event_handler.log_command:Invoked command in '/home/rorremous/Development/ROS/movement/4wheel_swerve/build/gazebo_simulation' returned '0': CMAKE_PREFIX_PATH=/opt/ros/humble /usr/bin/cmake --build /home/rorremous/Development/ROS/movement/4wheel_swerve/build/gazebo_simulation -- -j16 -l16
[2.585s] DEBUG:colcon.colcon_core.event_handler.log_command:Invoking command in '/home/rorremous/Development/ROS/movement/4wheel_swerve/build/gazebo_simulation': CMAKE_PREFIX_PATH=/opt/ros/humble /usr/bin/cmake --install /home/rorremous/Development/ROS/movement/4wheel_swerve/build/gazebo_simulation
[2.760s] Level 1:colcon.colcon_core.environment:create_environment_scripts_only(gazebo_simulation)
[2.761s] DEBUG:colcon.colcon_core.event_handler.log_command:Invoked command in '/home/rorremous/Development/ROS/movement/4wheel_swerve/build/gazebo_simulation' returned '0': CMAKE_PREFIX_PATH=/opt/ros/humble /usr/bin/cmake --install /home/rorremous/Development/ROS/movement/4wheel_swerve/build/gazebo_simulation
[2.768s] Level 1:colcon.colcon_core.environment:checking '/home/rorremous/Development/ROS/movement/4wheel_swerve/install/gazebo_simulation' for CMake module files
[2.768s] Level 1:colcon.colcon_core.environment:checking '/home/rorremous/Development/ROS/movement/4wheel_swerve/install/gazebo_simulation' for CMake config files
[2.768s] Level 1:colcon.colcon_core.shell:create_environment_hook('gazebo_simulation', 'cmake_prefix_path')
[2.775s] INFO:colcon.colcon_core.shell:Creating environment hook '/home/rorremous/Development/ROS/movement/4wheel_swerve/install/gazebo_simulation/share/gazebo_simulation/hook/cmake_prefix_path.ps1'
[2.775s] INFO:colcon.colcon_core.shell:Creating environment descriptor '/home/rorremous/Development/ROS/movement/4wheel_swerve/install/gazebo_simulation/share/gazebo_simulation/hook/cmake_prefix_path.dsv'
[2.776s] INFO:colcon.colcon_core.shell:Creating environment hook '/home/rorremous/Development/ROS/movement/4wheel_swerve/install/gazebo_simulation/share/gazebo_simulation/hook/cmake_prefix_path.sh'
[2.776s] Level 1:colcon.colcon_core.environment:checking '/home/rorremous/Development/ROS/movement/4wheel_swerve/install/gazebo_simulation/lib'
[2.776s] Level 1:colcon.colcon_core.environment:checking '/home/rorremous/Development/ROS/movement/4wheel_swerve/install/gazebo_simulation/bin'
[2.776s] Level 1:colcon.colcon_core.environment:checking '/home/rorremous/Development/ROS/movement/4wheel_swerve/install/gazebo_simulation/lib/pkgconfig/gazebo_simulation.pc'
[2.776s] Level 1:colcon.colcon_core.environment:checking '/home/rorremous/Development/ROS/movement/4wheel_swerve/install/gazebo_simulation/lib/python3.10/site-packages'
[2.776s] Level 1:colcon.colcon_core.environment:checking '/home/rorremous/Development/ROS/movement/4wheel_swerve/install/gazebo_simulation/bin'
[2.783s] INFO:colcon.colcon_core.shell:Creating package script '/home/rorremous/Development/ROS/movement/4wheel_swerve/install/gazebo_simulation/share/gazebo_simulation/package.ps1'
[2.783s] INFO:colcon.colcon_core.shell:Creating package descriptor '/home/rorremous/Development/ROS/movement/4wheel_swerve/install/gazebo_simulation/share/gazebo_simulation/package.dsv'
[2.783s] INFO:colcon.colcon_core.shell:Creating package script '/home/rorremous/Development/ROS/movement/4wheel_swerve/install/gazebo_simulation/share/gazebo_simulation/package.sh'
[2.784s] INFO:colcon.colcon_core.shell:Creating package script '/home/rorremous/Development/ROS/movement/4wheel_swerve/install/gazebo_simulation/share/gazebo_simulation/package.bash'
[2.784s] INFO:colcon.colcon_core.shell:Creating package script '/home/rorremous/Development/ROS/movement/4wheel_swerve/install/gazebo_simulation/share/gazebo_simulation/package.zsh'
[2.784s] Level 1:colcon.colcon_core.environment:create_file_with_runtime_dependencies(/home/rorremous/Development/ROS/movement/4wheel_swerve/install/gazebo_simulation/share/colcon-core/packages/gazebo_simulation)
[2.820s] Level 1:colcon.colcon_core.environment:create_environment_scripts_only(gazebo_simulation)
[2.826s] Level 1:colcon.colcon_core.environment:checking '/home/rorremous/Development/ROS/movement/4wheel_swerve/install/gazebo_simulation' for CMake module files
[2.826s] Level 1:colcon.colcon_core.environment:checking '/home/rorremous/Development/ROS/movement/4wheel_swerve/install/gazebo_simulation' for CMake config files
[2.827s] Level 1:colcon.colcon_core.shell:create_environment_hook('gazebo_simulation', 'cmake_prefix_path')
[2.833s] INFO:colcon.colcon_core.shell:Creating environment hook '/home/rorremous/Development/ROS/movement/4wheel_swerve/install/gazebo_simulation/share/gazebo_simulation/hook/cmake_prefix_path.ps1'
[2.833s] INFO:colcon.colcon_core.shell:Creating environment descriptor '/home/rorremous/Development/ROS/movement/4wheel_swerve/install/gazebo_simulation/share/gazebo_simulation/hook/cmake_prefix_path.dsv'
[2.833s] INFO:colcon.colcon_core.shell:Creating environment hook '/home/rorremous/Development/ROS/movement/4wheel_swerve/install/gazebo_simulation/share/gazebo_simulation/hook/cmake_prefix_path.sh'
[2.834s] Level 1:colcon.colcon_core.environment:checking '/home/rorremous/Development/ROS/movement/4wheel_swerve/install/gazebo_simulation/lib'
[2.834s] Level 1:colcon.colcon_core.environment:checking '/home/rorremous/Development/ROS/movement/4wheel_swerve/install/gazebo_simulation/bin'
[2.834s] Level 1:colcon.colcon_core.environment:checking '/home/rorremous/Development/ROS/movement/4wheel_swerve/install/gazebo_simulation/lib/pkgconfig/gazebo_simulation.pc'
[2.834s] Level 1:colcon.colcon_core.environment:checking '/home/rorremous/Development/ROS/movement/4wheel_swerve/install/gazebo_simulation/lib/python3.10/site-packages'
[2.834s] Level 1:colcon.colcon_core.environment:checking '/home/rorremous/Development/ROS/movement/4wheel_swerve/install/gazebo_simulation/bin'
[2.840s] INFO:colcon.colcon_core.shell:Creating package script '/home/rorremous/Development/ROS/movement/4wheel_swerve/install/gazebo_simulation/share/gazebo_simulation/package.ps1'
[2.840s] INFO:colcon.colcon_core.shell:Creating package descriptor '/home/rorremous/Development/ROS/movement/4wheel_swerve/install/gazebo_simulation/share/gazebo_simulation/package.dsv'
[2.841s] INFO:colcon.colcon_core.shell:Creating package script '/home/rorremous/Development/ROS/movement/4wheel_swerve/install/gazebo_simulation/share/gazebo_simulation/package.sh'
[2.841s] INFO:colcon.colcon_core.shell:Creating package script '/home/rorremous/Development/ROS/movement/4wheel_swerve/install/gazebo_simulation/share/gazebo_simulation/package.bash'
[2.841s] INFO:colcon.colcon_core.shell:Creating package script '/home/rorremous/Development/ROS/movement/4wheel_swerve/install/gazebo_simulation/share/gazebo_simulation/package.zsh'
[2.841s] Level 1:colcon.colcon_core.environment:create_file_with_runtime_dependencies(/home/rorremous/Development/ROS/movement/4wheel_swerve/install/gazebo_simulation/share/colcon-core/packages/gazebo_simulation)
[2.841s] DEBUG:colcon.colcon_parallel_executor.executor.parallel:closing loop
[2.842s] DEBUG:colcon.colcon_parallel_executor.executor.parallel:loop closed
[2.842s] DEBUG:colcon.colcon_parallel_executor.executor.parallel:run_until_complete finished with '0'
[2.842s] DEBUG:colcon.colcon_core.event_reactor:joining thread
[2.852s] INFO:colcon.colcon_core.plugin_system:Skipping extension 'colcon_notification.desktop_notification.terminal_notifier': Not used on non-Darwin systems
[2.852s] INFO:colcon.colcon_core.plugin_system:Skipping extension 'colcon_notification.desktop_notification.win32': Not used on non-Windows systems
[2.852s] INFO:colcon.colcon_notification.desktop_notification:Sending desktop notification using 'notify2'
[2.861s] DEBUG:colcon.colcon_core.event_reactor:joined thread
[2.870s] INFO:colcon.colcon_core.shell:Creating prefix script '/home/rorremous/Development/ROS/movement/4wheel_swerve/install/local_setup.ps1'
[2.871s] INFO:colcon.colcon_core.shell:Creating prefix util module '/home/rorremous/Development/ROS/movement/4wheel_swerve/install/_local_setup_util_ps1.py'
[2.872s] INFO:colcon.colcon_core.shell:Creating prefix chain script '/home/rorremous/Development/ROS/movement/4wheel_swerve/install/setup.ps1'
[2.881s] INFO:colcon.colcon_core.shell:Creating prefix script '/home/rorremous/Development/ROS/movement/4wheel_swerve/install/local_setup.sh'
[2.881s] INFO:colcon.colcon_core.shell:Creating prefix util module '/home/rorremous/Development/ROS/movement/4wheel_swerve/install/_local_setup_util_sh.py'
[2.881s] INFO:colcon.colcon_core.shell:Creating prefix chain script '/home/rorremous/Development/ROS/movement/4wheel_swerve/install/setup.sh'
[2.889s] INFO:colcon.colcon_core.shell:Creating prefix script '/home/rorremous/Development/ROS/movement/4wheel_swerve/install/local_setup.bash'
[2.889s] INFO:colcon.colcon_core.shell:Creating prefix chain script '/home/rorremous/Development/ROS/movement/4wheel_swerve/install/setup.bash'
[2.896s] INFO:colcon.colcon_core.shell:Creating prefix script '/home/rorremous/Development/ROS/movement/4wheel_swerve/install/local_setup.zsh'
[2.896s] INFO:colcon.colcon_core.shell:Creating prefix chain script '/home/rorremous/Development/ROS/movement/4wheel_swerve/install/setup.zsh'
