[0.028s] Invoking command in '/home/rorremous/Development/ROS/movement/differential_bot/build/differential_bot': CMAKE_PREFIX_PATH=/opt/ros/humble /usr/bin/cmake /home/rorremous/Development/ROS/movement/differential_bot/src -DCMAKE_INSTALL_PREFIX=/home/rorremous/Development/ROS/movement/differential_bot/install/differential_bot
[0.077s] -- The C compiler identification is GNU 11.4.0
[0.117s] -- The CXX compiler identification is GNU 11.4.0
[0.124s] -- Detecting C compiler ABI info
[0.180s] -- Detecting C compiler ABI info - done
[0.189s] -- Check for working C compiler: /usr/bin/cc - skipped
[0.190s] -- Detecting C compile features
[0.190s] -- Detecting C compile features - done
[0.194s] -- Detecting CXX compiler ABI info
[0.261s] -- Detecting CXX compiler ABI info - done
[0.264s] -- Check for working CXX compiler: /usr/bin/c++ - skipped
[0.265s] -- Detecting CXX compile features
[0.265s] -- Detecting CXX compile features - done
[0.267s] -- Found ament_cmake: 1.3.5 (/opt/ros/humble/share/ament_cmake/cmake)
[0.384s] -- Found Python3: /usr/bin/python3.10 (found version "3.10.12") found components: Interpreter 
[0.457s] -- Found ament_lint_auto: 0.12.8 (/opt/ros/humble/share/ament_lint_auto/cmake)
[0.515s] -- Added test 'copyright' to check source files copyright and LICENSE
[0.518s] -- Added test 'flake8' to check Python code syntax and style conventions
[0.519s] -- Added test 'lint_cmake' to check CMake code style
[0.519s] -- Added test 'pep257' to check Python code against some of the docstring style conventions in PEP 257
[0.520s] -- Added test 'xmllint' to check XML markup files
[0.521s] -- Configuring done
[0.523s] -- Generating done
[0.524s] -- Build files have been written to: /home/rorremous/Development/ROS/movement/differential_bot/build/differential_bot
[0.530s] Invoked command in '/home/rorremous/Development/ROS/movement/differential_bot/build/differential_bot' returned '0': CMAKE_PREFIX_PATH=/opt/ros/humble /usr/bin/cmake /home/rorremous/Development/ROS/movement/differential_bot/src -DCMAKE_INSTALL_PREFIX=/home/rorremous/Development/ROS/movement/differential_bot/install/differential_bot
[0.531s] Invoking command in '/home/rorremous/Development/ROS/movement/differential_bot/build/differential_bot': CMAKE_PREFIX_PATH=/opt/ros/humble /usr/bin/cmake --build /home/rorremous/Development/ROS/movement/differential_bot/build/differential_bot -- -j16 -l16
[0.562s] Invoked command in '/home/rorremous/Development/ROS/movement/differential_bot/build/differential_bot' returned '0': CMAKE_PREFIX_PATH=/opt/ros/humble /usr/bin/cmake --build /home/rorremous/Development/ROS/movement/differential_bot/build/differential_bot -- -j16 -l16
[0.596s] Invoking command in '/home/rorremous/Development/ROS/movement/differential_bot/build/differential_bot': CMAKE_PREFIX_PATH=/opt/ros/humble /usr/bin/cmake --install /home/rorremous/Development/ROS/movement/differential_bot/build/differential_bot
[0.601s] -- Install configuration: ""
[0.601s] -- Installing: /home/rorremous/Development/ROS/movement/differential_bot/install/differential_bot/share/differential_bot/config
[0.601s] -- Installing: /home/rorremous/Development/ROS/movement/differential_bot/install/differential_bot/share/differential_bot/config/drive_bot.rviz
[0.601s] -- Installing: /home/rorremous/Development/ROS/movement/differential_bot/install/differential_bot/share/differential_bot/config/my_controllers.yaml
[0.601s] -- Installing: /home/rorremous/Development/ROS/movement/differential_bot/install/differential_bot/share/differential_bot/config/view_bot.rviz
[0.601s] -- Installing: /home/rorremous/Development/ROS/movement/differential_bot/install/differential_bot/share/differential_bot/config/empty.yaml
[0.601s] -- Installing: /home/rorremous/Development/ROS/movement/differential_bot/install/differential_bot/share/differential_bot/description
[0.601s] -- Installing: /home/rorremous/Development/ROS/movement/differential_bot/install/differential_bot/share/differential_bot/description/depth_camera.xacro
[0.602s] -- Installing: /home/rorremous/Development/ROS/movement/differential_bot/install/differential_bot/share/differential_bot/description/inertial_macros.xacro
[0.602s] -- Installing: /home/rorremous/Development/ROS/movement/differential_bot/install/differential_bot/share/differential_bot/description/gazebo_control.xacro
[0.602s] -- Installing: /home/rorremous/Development/ROS/movement/differential_bot/install/differential_bot/share/differential_bot/description/ros2_control.xacro
[0.602s] -- Installing: /home/rorremous/Development/ROS/movement/differential_bot/install/differential_bot/share/differential_bot/description/camera.xacro
[0.602s] -- Installing: /home/rorremous/Development/ROS/movement/differential_bot/install/differential_bot/share/differential_bot/description/robot.urdf.xacro
[0.602s] -- Installing: /home/rorremous/Development/ROS/movement/differential_bot/install/differential_bot/share/differential_bot/description/robot_core.xacro
[0.602s] -- Installing: /home/rorremous/Development/ROS/movement/differential_bot/install/differential_bot/share/differential_bot/description/lidar.xacro
[0.602s] -- Installing: /home/rorremous/Development/ROS/movement/differential_bot/install/differential_bot/share/differential_bot/launch
[0.602s] -- Installing: /home/rorremous/Development/ROS/movement/differential_bot/install/differential_bot/share/differential_bot/launch/launch_sim.launch.py
[0.603s] -- Installing: /home/rorremous/Development/ROS/movement/differential_bot/install/differential_bot/share/differential_bot/launch/rplidar.launch.py
[0.603s] -- Installing: /home/rorremous/Development/ROS/movement/differential_bot/install/differential_bot/share/differential_bot/launch/rsp.launch.py
[0.603s] -- Installing: /home/rorremous/Development/ROS/movement/differential_bot/install/differential_bot/share/differential_bot/launch/camera.launch.py
[0.603s] -- Installing: /home/rorremous/Development/ROS/movement/differential_bot/install/differential_bot/share/differential_bot/worlds
[0.603s] -- Installing: /home/rorremous/Development/ROS/movement/differential_bot/install/differential_bot/share/differential_bot/worlds/obstacles.world
[0.603s] -- Installing: /home/rorremous/Development/ROS/movement/differential_bot/install/differential_bot/share/differential_bot/worlds/empty.world
[0.603s] -- Installing: /home/rorremous/Development/ROS/movement/differential_bot/install/differential_bot/share/ament_index/resource_index/package_run_dependencies/differential_bot
[0.603s] -- Installing: /home/rorremous/Development/ROS/movement/differential_bot/install/differential_bot/share/ament_index/resource_index/parent_prefix_path/differential_bot
[0.603s] -- Installing: /home/rorremous/Development/ROS/movement/differential_bot/install/differential_bot/share/differential_bot/environment/ament_prefix_path.sh
[0.603s] -- Installing: /home/rorremous/Development/ROS/movement/differential_bot/install/differential_bot/share/differential_bot/environment/ament_prefix_path.dsv
[0.603s] -- Installing: /home/rorremous/Development/ROS/movement/differential_bot/install/differential_bot/share/differential_bot/environment/path.sh
[0.603s] -- Installing: /home/rorremous/Development/ROS/movement/differential_bot/install/differential_bot/share/differential_bot/environment/path.dsv
[0.604s] -- Installing: /home/rorremous/Development/ROS/movement/differential_bot/install/differential_bot/share/differential_bot/local_setup.bash
[0.604s] -- Installing: /home/rorremous/Development/ROS/movement/differential_bot/install/differential_bot/share/differential_bot/local_setup.sh
[0.604s] -- Installing: /home/rorremous/Development/ROS/movement/differential_bot/install/differential_bot/share/differential_bot/local_setup.zsh
[0.604s] -- Installing: /home/rorremous/Development/ROS/movement/differential_bot/install/differential_bot/share/differential_bot/local_setup.dsv
[0.604s] -- Installing: /home/rorremous/Development/ROS/movement/differential_bot/install/differential_bot/share/differential_bot/package.dsv
[0.604s] -- Installing: /home/rorremous/Development/ROS/movement/differential_bot/install/differential_bot/share/ament_index/resource_index/packages/differential_bot
[0.604s] -- Installing: /home/rorremous/Development/ROS/movement/differential_bot/install/differential_bot/share/differential_bot/cmake/differential_botConfig.cmake
[0.604s] -- Installing: /home/rorremous/Development/ROS/movement/differential_bot/install/differential_bot/share/differential_bot/cmake/differential_botConfig-version.cmake
[0.605s] -- Installing: /home/rorremous/Development/ROS/movement/differential_bot/install/differential_bot/share/differential_bot/package.xml
[0.606s] Invoked command in '/home/rorremous/Development/ROS/movement/differential_bot/build/differential_bot' returned '0': CMAKE_PREFIX_PATH=/opt/ros/humble /usr/bin/cmake --install /home/rorremous/Development/ROS/movement/differential_bot/build/differential_bot
