-- Install configuration: ""
-- Up-to-date: /home/rorremous/Development/ROS/movement/differential_bot/install/differential_bot/share/differential_bot/config
-- Up-to-date: /home/rorremous/Development/ROS/movement/differential_bot/install/differential_bot/share/differential_bot/config/drive_bot.rviz
-- Up-to-date: /home/rorremous/Development/ROS/movement/differential_bot/install/differential_bot/share/differential_bot/config/my_controllers.yaml
-- Up-to-date: /home/rorremous/Development/ROS/movement/differential_bot/install/differential_bot/share/differential_bot/config/view_bot.rviz
-- Up-to-date: /home/rorremous/Development/ROS/movement/differential_bot/install/differential_bot/share/differential_bot/config/empty.yaml
-- Up-to-date: /home/rorremous/Development/ROS/movement/differential_bot/install/differential_bot/share/differential_bot/description
-- Up-to-date: /home/rorremous/Development/ROS/movement/differential_bot/install/differential_bot/share/differential_bot/description/depth_camera.xacro
-- Up-to-date: /home/rorremous/Development/ROS/movement/differential_bot/install/differential_bot/share/differential_bot/description/inertial_macros.xacro
-- Up-to-date: /home/rorremous/Development/ROS/movement/differential_bot/install/differential_bot/share/differential_bot/description/gazebo_control.xacro
-- Up-to-date: /home/rorremous/Development/ROS/movement/differential_bot/install/differential_bot/share/differential_bot/description/ros2_control.xacro
-- Up-to-date: /home/rorremous/Development/ROS/movement/differential_bot/install/differential_bot/share/differential_bot/description/camera.xacro
-- Up-to-date: /home/rorremous/Development/ROS/movement/differential_bot/install/differential_bot/share/differential_bot/description/robot.urdf.xacro
-- Up-to-date: /home/rorremous/Development/ROS/movement/differential_bot/install/differential_bot/share/differential_bot/description/robot_core.xacro
-- Up-to-date: /home/rorremous/Development/ROS/movement/differential_bot/install/differential_bot/share/differential_bot/description/lidar.xacro
-- Up-to-date: /home/rorremous/Development/ROS/movement/differential_bot/install/differential_bot/share/differential_bot/launch
-- Up-to-date: /home/rorremous/Development/ROS/movement/differential_bot/install/differential_bot/share/differential_bot/launch/__pycache__
-- Up-to-date: /home/rorremous/Development/ROS/movement/differential_bot/install/differential_bot/share/differential_bot/launch/__pycache__/launch_sim.launch.cpython-310.pyc
-- Installing: /home/rorremous/Development/ROS/movement/differential_bot/install/differential_bot/share/differential_bot/launch/launch_sim.launch.py
-- Up-to-date: /home/rorremous/Development/ROS/movement/differential_bot/install/differential_bot/share/differential_bot/launch/rplidar.launch.py
-- Up-to-date: /home/rorremous/Development/ROS/movement/differential_bot/install/differential_bot/share/differential_bot/launch/rsp.launch.py
-- Up-to-date: /home/rorremous/Development/ROS/movement/differential_bot/install/differential_bot/share/differential_bot/launch/camera.launch.py
-- Up-to-date: /home/rorremous/Development/ROS/movement/differential_bot/install/differential_bot/share/differential_bot/worlds
-- Up-to-date: /home/rorremous/Development/ROS/movement/differential_bot/install/differential_bot/share/differential_bot/worlds/obstacles.world
-- Up-to-date: /home/rorremous/Development/ROS/movement/differential_bot/install/differential_bot/share/differential_bot/worlds/empty.world
-- Up-to-date: /home/rorremous/Development/ROS/movement/differential_bot/install/differential_bot/share/ament_index/resource_index/package_run_dependencies/differential_bot
-- Up-to-date: /home/rorremous/Development/ROS/movement/differential_bot/install/differential_bot/share/ament_index/resource_index/parent_prefix_path/differential_bot
-- Up-to-date: /home/rorremous/Development/ROS/movement/differential_bot/install/differential_bot/share/differential_bot/environment/ament_prefix_path.sh
-- Up-to-date: /home/rorremous/Development/ROS/movement/differential_bot/install/differential_bot/share/differential_bot/environment/ament_prefix_path.dsv
-- Up-to-date: /home/rorremous/Development/ROS/movement/differential_bot/install/differential_bot/share/differential_bot/environment/path.sh
-- Up-to-date: /home/rorremous/Development/ROS/movement/differential_bot/install/differential_bot/share/differential_bot/environment/path.dsv
-- Up-to-date: /home/rorremous/Development/ROS/movement/differential_bot/install/differential_bot/share/differential_bot/local_setup.bash
-- Up-to-date: /home/rorremous/Development/ROS/movement/differential_bot/install/differential_bot/share/differential_bot/local_setup.sh
-- Up-to-date: /home/rorremous/Development/ROS/movement/differential_bot/install/differential_bot/share/differential_bot/local_setup.zsh
-- Up-to-date: /home/rorremous/Development/ROS/movement/differential_bot/install/differential_bot/share/differential_bot/local_setup.dsv
-- Installing: /home/rorremous/Development/ROS/movement/differential_bot/install/differential_bot/share/differential_bot/package.dsv
-- Up-to-date: /home/rorremous/Development/ROS/movement/differential_bot/install/differential_bot/share/ament_index/resource_index/packages/differential_bot
-- Up-to-date: /home/rorremous/Development/ROS/movement/differential_bot/install/differential_bot/share/differential_bot/cmake/differential_botConfig.cmake
-- Up-to-date: /home/rorremous/Development/ROS/movement/differential_bot/install/differential_bot/share/differential_bot/cmake/differential_botConfig-version.cmake
-- Up-to-date: /home/rorremous/Development/ROS/movement/differential_bot/install/differential_bot/share/differential_bot/package.xml
